Flow report for SAMul1
Tue Apr 10 18:36:51 2007
Quartus II Version 7.1 Build 156 04/30/2007 SJ Web Edition


---------------------
; Table of Contents ;
---------------------
  1. Legal Notice
  2. Flow Summary
  3. Flow Settings
  4. Flow Non-Default Global Settings
  5. Flow Elapsed Time
  6. Flow Log



----------------
; Legal Notice ;
----------------
Copyright (C) 1991-2007 Altera Corporation
Your use of Altera Corporation's design tools, logic functions 
and other software and tools, and its AMPP partner logic 
functions, and any output files from any of the foregoing 
(including device programming or simulation files), and any 
associated documentation or information are expressly subject 
to the terms and conditions of the Altera Program License 
Subscription Agreement, Altera MegaCore Function License 
Agreement, or other applicable license agreement, including, 
without limitation, that your use is for the sole purpose of 
programming logic devices manufactured by Altera and sold by 
Altera or its authorized distributors.  Please refer to the 
applicable agreement for further details.



+-------------------------------------------------------------------+
; Flow Summary                                                      ;
+-------------------------+-----------------------------------------+
; Flow Status             ; Successful - Tue Apr 10 18:36:51 2007   ;
; Quartus II Version      ; 7.1 Build 156 04/30/2007 SJ Web Edition ;
; Revision Name           ; SAMul1                                  ;
; Top-level Entity Name   ; SAMul1                                  ;
; Family                  ; Cyclone                                 ;
; Device                  ; EP1C6Q240C8                             ;
; Timing Models           ; Final                                   ;
; Met timing requirements ; Yes                                     ;
; Total logic elements    ; 1,589 / 5,980 ( 27 % )                  ;
; Total pins              ; 94 / 185 ( 51 % )                       ;
; Total virtual pins      ; 0                                       ;
; Total memory bits       ; 0 / 92,160 ( 0 % )                      ;
; Total PLLs              ; 0 / 2 ( 0 % )                           ;
+-------------------------+-----------------------------------------+


+-----------------------------------------+
; Flow Settings                           ;
+-------------------+---------------------+
; Option            ; Setting             ;
+-------------------+---------------------+
; Start date & time ; 04/10/2007 18:35:26 ;
; Main task         ; Compilation         ;
; Revision Name     ; SAMul1              ;
+-------------------+---------------------+


+--------------------------------------------------------------------------------------------------------------------+
; Flow Non-Default Global Settings                                                                                   ;
+--------------------------------------------+------------------+---------------+-------------+----------------------+
; Assignment Name                            ; Value            ; Default Value ; Entity Name ; Section Id           ;
+--------------------------------------------+------------------+---------------+-------------+----------------------+
; EDA_DESIGN_ENTRY_SYNTHESIS_TOOL            ; Design Compiler  ; <None>        ; --          ; --                   ;
; EDA_INCLUDE_VHDL_CONFIGURATION_DECLARATION ; On               ; --            ; --          ; eda_simulation       ;
; EDA_INCLUDE_VHDL_CONFIGURATION_DECLARATION ; On               ; --            ; --          ; eda_timing_analysis  ;
; EDA_INPUT_DATA_FORMAT                      ; Edif             ; --            ; --          ; eda_design_synthesis ;
; EDA_INPUT_VCC_NAME                         ; Vdd              ; --            ; --          ; eda_design_synthesis ;
; EDA_LMF_FILE                               ; altsyn.lmf       ; --            ; --          ; eda_design_synthesis ;
; EDA_OUTPUT_DATA_FORMAT                     ; Vhdl             ; --            ; --          ; eda_simulation       ;
; EDA_OUTPUT_DATA_FORMAT                     ; Vhdl             ; --            ; --          ; eda_timing_analysis  ;
; EDA_SIMULATION_TOOL                        ; ModelSim (VHDL)  ; <None>        ; --          ; --                   ;
; EDA_TIMING_ANALYSIS_TOOL                   ; PrimeTime (VHDL) ; <None>        ; --          ; --                   ;
; PARTITION_NETLIST_TYPE                     ; SOURCE           ; --            ; --          ; Top                  ;
+--------------------------------------------+------------------+---------------+-------------+----------------------+


+----------------------------------------+
; Flow Elapsed Time                      ;
+-------------------------+--------------+
; Module Name             ; Elapsed Time ;
+-------------------------+--------------+
; Analysis & Synthesis    ; 00:00:23     ;
; Fitter                  ; 00:00:24     ;
; Assembler               ; 00:00:01     ;
; Classic Timing Analyzer ; 00:00:02     ;
; EDA Netlist Writer      ; 00:00:05     ;
; Total                   ; 00:00:55     ;
+-------------------------+--------------+


------------
; Flow Log ;
------------
quartus_map --read_settings_files=on --write_settings_files=off SAMul1 -c SAMul1
quartus_fit --read_settings_files=off --write_settings_files=off SAMul1 -c SAMul1
quartus_asm --read_settings_files=off --write_settings_files=off SAMul1 -c SAMul1
quartus_tan --read_settings_files=off --write_settings_files=off SAMul1 -c SAMul1 --timing_analysis_only
quartus_eda --read_settings_files=off --write_settings_files=off SAMul1 -c SAMul1



