ISim log file
Running: D:\ECE.CLASSES\ECE338\Async JK Flip Flop\JKFlipFlop_ise12migration\ATB_JKFF_isim_beh.exe -intstyle ise -gui -tclbatch isim.cmd -wdb D:/ECE.CLASSES/ECE338/Async JK Flip Flop/JKFlipFlop_ise12migration/ATB_JKFF_isim_beh.wdb 
INFO: There is another simulation running in the same directory. Using database file name isim1.wdb.
ISim O.87xd (signature 0xc3576ebc)
----------------------------------------------------------------------
INFO:Security:50 - The XILINXD_LICENSE_FILE environment variable is set to '2100@proton.ece.unm.edu'.
INFO:Security:52 - The LM_LICENSE_FILE environment variable is set to '1717@proton.ece.unm.edu'.
WARNING:Security:43 - No license file was found in the standard Xilinx license directory.
WARNING:Security:44 - Since no license file was found,
       please run the Xilinx License Configuration Manager
       (xlcm or "Manage Xilinx Licenses")
       to assist in obtaining a license.
WARNING:Security:42 - Your software subscription period has lapsed. Your current version of Xilinx tools will continue to function, but you no longer qualify for Xilinx software updates or new releases.


----------------------------------------------------------------------
This is a Full version of ISim.
Time resolution is 1 ps
# onerror resume
# wave add /
# run 1000 ns
Simulator is doing circuit initialization process.
Finished circuit initialization process.
# restart
# run all
Simulator is doing circuit initialization process.
Finished circuit initialization process.
ERROR: Index 1024 out of bound 0 to 1023. 
ERROR: In process FF_TestBench.vhd:72 
 
INFO: Simulator is stopped.
# run all
INFO: Simulator is stopped.
# run all
INFO: Simulator is stopped.
# run all
INFO: Simulator is stopped.
# run all
INFO: Simulator is stopped.
# run all
INFO: Simulator is stopped.
# run all
INFO: Simulator is stopped.
# run all
INFO: Simulator is stopped.
# run 1.00us
INFO: Simulator is stopped.
# run 1.00us
INFO: Simulator is stopped.
# restart
# restart
# restart
# restart
# run 2000ns
Simulator is doing circuit initialization process.
Finished circuit initialization process.
ISim O.87xd (signature 0xc3576ebc)
----------------------------------------------------------------------
INFO:Security:50 - The XILINXD_LICENSE_FILE environment variable is set to '2100@proton.ece.unm.edu'.
INFO:Security:52 - The LM_LICENSE_FILE environment variable is set to '1717@proton.ece.unm.edu'.
WARNING:Security:43 - No license file was found in the standard Xilinx license directory.
WARNING:Security:44 - Since no license file was found,
       please run the Xilinx License Configuration Manager
       (xlcm or "Manage Xilinx Licenses")
       to assist in obtaining a license.
WARNING:Security:42 - Your software subscription period has lapsed. Your current version of Xilinx tools will continue to function, but you no longer qualify for Xilinx software updates or new releases.


----------------------------------------------------------------------
This is a Full version of ISim.
# run 1000 ns
Simulator is doing circuit initialization process.
Finished circuit initialization process.
# restart
# run 2000ns
Simulator is doing circuit initialization process.
Finished circuit initialization process.
