Release 13.2 - xst O.61xd (nt64)
Copyright (c) 1995-2011 Xilinx, Inc.  All rights reserved.
--> Parameter TMPDIR set to xst/projnav.tmp


Total REAL time to Xst completion: 2.00 secs
Total CPU time to Xst completion: 1.23 secs
 
--> Parameter xsthdpdir set to xst


Total REAL time to Xst completion: 2.00 secs
Total CPU time to Xst completion: 1.24 secs
 
--> Reading design: circuit.prj

TABLE OF CONTENTS
  1) Synthesis Options Summary
  2) HDL Compilation
  3) Design Hierarchy Analysis
  4) HDL Analysis
  5) HDL Synthesis
     5.1) HDL Synthesis Report
  6) Advanced HDL Synthesis
     6.1) Advanced HDL Synthesis Report
  7) Low Level Synthesis
  8) Partition Report
  9) Final Report
	9.1) Device utilization summary
	9.2) Partition Resource Summary
	9.3) TIMING REPORT


=========================================================================
*                      Synthesis Options Summary                        *
=========================================================================
---- Source Parameters
Input File Name                    : "circuit.prj"
Input Format                       : mixed
Ignore Synthesis Constraint File   : NO

---- Target Parameters
Output File Name                   : "circuit"
Output Format                      : NGC
Target Device                      : xc3s500e-4-fg320

---- Source Options
Top Module Name                    : circuit
Automatic FSM Extraction           : YES
FSM Encoding Algorithm             : Auto
Safe Implementation                : No
FSM Style                          : LUT
RAM Extraction                     : Yes
RAM Style                          : Auto
ROM Extraction                     : Yes
Mux Style                          : Auto
Decoder Extraction                 : YES
Priority Encoder Extraction        : Yes
Shift Register Extraction          : YES
Logical Shifter Extraction         : YES
XOR Collapsing                     : YES
ROM Style                          : Auto
Mux Extraction                     : Yes
Resource Sharing                   : YES
Asynchronous To Synchronous        : NO
Multiplier Style                   : Auto
Automatic Register Balancing       : No

---- Target Options
Add IO Buffers                     : YES
Global Maximum Fanout              : 500
Add Generic Clock Buffer(BUFG)     : 24
Register Duplication               : YES
Slice Packing                      : YES
Optimize Instantiated Primitives   : NO
Use Clock Enable                   : Yes
Use Synchronous Set                : Yes
Use Synchronous Reset              : Yes
Pack IO Registers into IOBs        : Auto
Equivalent register Removal        : YES

---- General Options
Optimization Goal                  : Speed
Optimization Effort                : 1
Keep Hierarchy                     : No
Netlist Hierarchy                  : As_Optimized
RTL Output                         : Yes
Global Optimization                : AllClockNets
Read Cores                         : YES
Write Timing Constraints           : NO
Cross Clock Analysis               : NO
Hierarchy Separator                : /
Bus Delimiter                      : <>
Case Specifier                     : Maintain
Slice Utilization Ratio            : 100
BRAM Utilization Ratio             : 100
Verilog 2001                       : YES
Auto BRAM Packing                  : NO
Slice Utilization Ratio Delta      : 5

=========================================================================


=========================================================================
*                          HDL Compilation                              *
=========================================================================
Compiling vhdl file "C:/Users/Ryan/Desktop/School/ECE238L/newhw11/newnew.vhd" in Library work.
Entity <andgate1> compiled.
Entity <andgate1> (Architecture <behavioral>) compiled.
Entity <notgate1> compiled.
Entity <notgate1> (Architecture <behavioral>) compiled.
Entity <circuit> compiled.
Entity <circuit> (Architecture <structural>) compiled.

=========================================================================
*                     Design Hierarchy Analysis                         *
=========================================================================
Analyzing hierarchy for entity <circuit> in library <work> (architecture <structural>).

Analyzing hierarchy for entity <NOTGATE1> in library <work> (architecture <behavioral>).

Analyzing hierarchy for entity <ANDGATE1> in library <work> (architecture <behavioral>).


=========================================================================
*                            HDL Analysis                               *
=========================================================================
Analyzing Entity <circuit> in library <work> (Architecture <structural>).
WARNING:Xst:754 - "C:/Users/Ryan/Desktop/School/ECE238L/newhw11/newnew.vhd" line 74: Unconnected inout port 'y' of component 'NOTGATE1'.
WARNING:Xst:752 - "C:/Users/Ryan/Desktop/School/ECE238L/newhw11/newnew.vhd" line 79: Unconnected input port 'y' of component 'ANDGATE1' is tied to default value.
WARNING:Xst:753 - "C:/Users/Ryan/Desktop/School/ECE238L/newhw11/newnew.vhd" line 79: Unconnected output port 'z' of component 'ANDGATE1'.
Entity <circuit> analyzed. Unit <circuit> generated.

Analyzing Entity <NOTGATE1> in library <work> (Architecture <behavioral>).
Entity <NOTGATE1> analyzed. Unit <NOTGATE1> generated.

Analyzing Entity <ANDGATE1> in library <work> (Architecture <behavioral>).
Entity <ANDGATE1> analyzed. Unit <ANDGATE1> generated.


=========================================================================
*                           HDL Synthesis                               *
=========================================================================

Performing bidirectional port resolution...

Synthesizing Unit <NOTGATE1>.
    Related source file is "C:/Users/Ryan/Desktop/School/ECE238L/newhw11/newnew.vhd".
Unit <NOTGATE1> synthesized.


Synthesizing Unit <ANDGATE1>.
    Related source file is "C:/Users/Ryan/Desktop/School/ECE238L/newhw11/newnew.vhd".
Unit <ANDGATE1> synthesized.


Synthesizing Unit <circuit>.
    Related source file is "C:/Users/Ryan/Desktop/School/ECE238L/newhw11/newnew.vhd".
WARNING:Xst:647 - Input <X> is never used. This port will be preserved and left unconnected if it belongs to a top-level block or it belongs to a sub-block and the hierarchy of this sub-block is preserved.
Unit <circuit> synthesized.

WARNING:Xst:524 - All outputs of the instance <NOTGATE1_entity> of the block <NOTGATE1> are unconnected in block <circuit>.
   This instance will be removed from the design along with all underlying logic
WARNING:Xst:524 - All outputs of the instance <ANDGATE1_entity> of the block <ANDGATE1> are unconnected in block <circuit>.
   This instance will be removed from the design along with all underlying logic

=========================================================================
HDL Synthesis Report

Found no macro
=========================================================================

=========================================================================
*                       Advanced HDL Synthesis                          *
=========================================================================


=========================================================================
Advanced HDL Synthesis Report

Found no macro
=========================================================================

=========================================================================
*                         Low Level Synthesis                           *
=========================================================================

Optimizing unit <circuit> ...

Mapping all equations...
Building and optimizing final netlist ...
Found area constraint ratio of 100 (+ 5) on block circuit, actual ratio is 0.

Final Macro Processing ...

=========================================================================
Final Register Report

Found no macro
=========================================================================

=========================================================================
*                           Partition Report                            *
=========================================================================

Partition Implementation Status
-------------------------------

  No Partitions were found in this design.

-------------------------------

=========================================================================
*                            Final Report                               *
=========================================================================
Final Results
RTL Top Level Output File Name     : circuit.ngr
Top Level Output File Name         : circuit
Output Format                      : NGC
Optimization Goal                  : Speed
Keep Hierarchy                     : No

Design Statistics
# IOs                              : 3

Cell Usage :
=========================================================================

Device utilization summary:
---------------------------

Selected Device : 3s500efg320-4 

 Number of Slices:                        0  out of   4656     0%  
 Number of IOs:                           3
 Number of bonded IOBs:                   0  out of    232     0%  

---------------------------
Partition Resource Summary:
---------------------------

  No Partitions were found in this design.

---------------------------


=========================================================================
TIMING REPORT

NOTE: THESE TIMING NUMBERS ARE ONLY A SYNTHESIS ESTIMATE.
      FOR ACCURATE TIMING INFORMATION PLEASE REFER TO THE TRACE REPORT
      GENERATED AFTER PLACE-and-ROUTE.

Clock Information:
------------------
No clock signals found in this design

Asynchronous Control Signals Information:
----------------------------------------
No asynchronous control signals found in this design

Timing Summary:
---------------
Speed Grade: -4

   Minimum period: No path found
   Minimum input arrival time before clock: No path found
   Maximum output required time after clock: No path found
   Maximum combinational path delay: No path found

Timing Detail:
--------------
All values displayed in nanoseconds (ns)

=========================================================================


Total REAL time to Xst completion: 10.00 secs
Total CPU time to Xst completion: 9.86 secs
 
--> 

Total memory usage is 240048 kilobytes

Number of errors   :    0 (   0 filtered)
Number of warnings :    6 (   0 filtered)
Number of infos    :    0 (   0 filtered)

