
**** 12/02/12 21:06:31 *********** Evaluation PSpice (Nov 1999) **************

 * Circuit Extracted by Tanner Research's L-Edit V7.12 / Extract V4.00 ;


 ****     CIRCUIT DESCRIPTION


******************************************************************************



* TDB File:  C:\Users\Tony\Desktop\321_Project\RunFrom\spread3, Cell:  Cell0
* Extract Definition File:  C:\Users\Tony\Desktop\321_Project\RunFrom\template.ext
* Extract Date and Time:  12/02/2012 - 18:44

.include 2um_CMOS.modlib

**** INCLUDING 2um_CMOS.modlib ****
* 2um Process MOSFET Transistor Model for ECE321 Project

.MODEL CMOSN NMOS LEVEL=3 PHI=0.600000 TOX=2.1200E-08 XJ=0.200000U   
+TPG=1 VTO=0.7860 DELTA=6.9670E-01 LD=1.6470E-07 KP=9.6379E-05
+UO=591.7 THETA=8.1220E-02 RSH=8.5450E+01 GAMMA=0.5863
+NSUB=2.7470E+16 NFS=1.98E+12 VMAX=1.7330E+05 ETA=4.3680E-02
+KAPPA=1.3960E-01 CGDO=4.0241E-10 CGSO=4.0241E-10
+CGBO=3.6144E-10 CJ=3.8541E-04 MJ=1.1854 CJSW=1.3940E-10
+MJSW=0.125195 PB=0.800000

.MODEL CMOSP PMOS LEVEL=3 PHI=0.600000 TOX=2.1200E-08 XJ=0.200000U 
+TPG=-1 VTO=-0.9056 DELTA=1.5200E+00 LD=2.2000E-08 KP=2.9352E-05
+UO=180.2 THETA=1.2480E-01 RSH=1.0470E+02 GAMMA=0.4863
+NSUB=1.8900E+16 NFS=3.46E+12 VMAX=3.7320E+05 ETA=1.6410E-01
+KAPPA=9.6940E+00 CGDO=5.3752E-11 CGSO=5.3752E-11
+CGBO=3.3650E-10 CJ=4.8447E-04 MJ=0.5027 CJSW=1.6457E-10
+MJSW=0.217168 PB=0.850000

**** RESUMING spread3.cir ****


* NODE NAME ALIASES
*       4 = I1 (216.999,-87.499)


M1 3 7 5 1 cmosp L=2u W=5u AD=82.5p PD=53u AS=40p PS=26u 
* M1 DRAIN GATE SOURCE BULK (173.5 -82.5 175.5 -77.5) 
M2 3 6 4 1 cmosp L=2u W=5u AD=82.5p PD=53u AS=40p PS=26u 
* M2 DRAIN GATE SOURCE BULK (200.5 -82.5 202.5 -77.5) 
M3 6 7 1 1 cmosp L=2u W=5u AD=27.5p PD=21u AS=40p PS=26u 
* M3 DRAIN GATE SOURCE BULK (147.5 -82.5 149.5 -77.5) 
M4 3 7 4 2 cmosn L=2u W=5u AD=62.5p PD=45u AS=60p PS=34u 
* M4 DRAIN GATE SOURCE BULK (204.5 -118 206.5 -113) 
M5 3 8 5 2 cmosn L=2u W=5u AD=62.5p PD=45u AS=42.5p PS=27u 
* M5 DRAIN GATE SOURCE BULK (174 -118 176 -113) 
M6 6 7 2 2 cmosn L=2u W=5u AD=27.5p PD=21u AS=40p PS=26u 
* M6 DRAIN GATE SOURCE BULK (147.5 -118 149.5 -113) 

* Total Nodes: 8
* Total Elements: 6
* Extract Elapsed Time: 0 seconds
.END

ERROR -- Less than 2 connections at node 8
ERROR -- Node 3 is floating
ERROR -- Node 7 is floating
ERROR -- Node 5 is floating
ERROR -- Node 1 is floating
ERROR -- Node 6 is floating
ERROR -- Node 4 is floating
ERROR -- Node 2 is floating
ERROR -- Node 8 is floating