ISim log file
Running: C:\Users\sseppala\Desktop\MIPS_CPU_IMPLEMENTED\TB_MIPS_Top_isim_beh.exe -intstyle ise -gui -tclbatch isim.cmd -wdb C:/Users/sseppala/Desktop/MIPS_CPU_IMPLEMENTED/TB_MIPS_Top_isim_beh.wdb 
INFO: There is another simulation running in the same directory. Using database file name isim1.wdb.
ISim O.61xd (signature 0x1cce1bb2)
----------------------------------------------------------------------
INFO:Security:50 - The XILINXD_LICENSE_FILE environment variable is set to '2100@proton.ece.unm.edu'.
INFO:Security:53 - The LM_LICENSE_FILE environment variable is not set.
WARNING:Security:43 - No license file was found in the standard Xilinx license directory.
WARNING:Security:44 - No license file was found.
       Please run the Xilinx License Configuration Manager
       (xlcm or "Manage Xilinx Licenses")
       to assist in obtaining a license.
WARNING:Security:42 - Your software subscription period has lapsed. Your current version of Xilinx tools will continue to function, but you no longer qualify for Xilinx software updates or new releases.


----------------------------------------------------------------------
This is a Full version of ISim.
Time resolution is 1 ps
# onerror resume
# wave add /
# run 1000 ns
Simulator is doing circuit initialization process.
at 0 ps, Instance /tb_mips_top/MIPS_Top_Level_Desgin/ : Warning: There is an 'U'|'X'|'W'|'Z'|'-' in an arithmetic operand, the result will be 'X'(es).
at 0 ps: Note: iteration of loop (/tb_mips_top/MIPS_Top_Level_Desgin/Instruction_Memory/).
at 0 ps: Note: iteration of loop (/tb_mips_top/MIPS_Top_Level_Desgin/Instruction_Memory/).
at 0 ps: Note: iteration of loop (/tb_mips_top/MIPS_Top_Level_Desgin/Instruction_Memory/).
at 0 ps: Note: iteration of loop (/tb_mips_top/MIPS_Top_Level_Desgin/Instruction_Memory/).
at 0 ps: Note: iteration of loop (/tb_mips_top/MIPS_Top_Level_Desgin/Instruction_Memory/).
at 0 ps: Note: iteration of loop (/tb_mips_top/MIPS_Top_Level_Desgin/Instruction_Memory/).
at 0 ps: Note: iteration of loop (/tb_mips_top/MIPS_Top_Level_Desgin/Instruction_Memory/).
at 0 ps: Note: iteration of loop (/tb_mips_top/MIPS_Top_Level_Desgin/Instruction_Memory/).
at 0 ps: Note: iteration of loop (/tb_mips_top/MIPS_Top_Level_Desgin/Instruction_Memory/).
at 0 ps: Note: iteration of loop (/tb_mips_top/MIPS_Top_Level_Desgin/Instruction_Memory/).
at 0 ps: Note: iteration of loop (/tb_mips_top/MIPS_Top_Level_Desgin/Instruction_Memory/).
at 0 ps: Note: iteration of loop (/tb_mips_top/MIPS_Top_Level_Desgin/Instruction_Memory/).
at 0 ps: Note: iteration of loop (/tb_mips_top/MIPS_Top_Level_Desgin/Instruction_Memory/).
at 0 ps: Note: iteration of loop (/tb_mips_top/MIPS_Top_Level_Desgin/Instruction_Memory/).
at 0 ps: Note: iteration of loop (/tb_mips_top/MIPS_Top_Level_Desgin/Instruction_Memory/).
at 0 ps: Note: iteration of loop (/tb_mips_top/MIPS_Top_Level_Desgin/Instruction_Memory/).
at 0 ps: Note: iteration of loop (/tb_mips_top/MIPS_Top_Level_Desgin/Instruction_Memory/).
at 0 ps: Note: iteration of loop (/tb_mips_top/MIPS_Top_Level_Desgin/Instruction_Memory/).
at 0 ps: Note: iteration of loop (/tb_mips_top/MIPS_Top_Level_Desgin/Instruction_Memory/).
at 0 ps: Note: iteration of loop (/tb_mips_top/MIPS_Top_Level_Desgin/Instruction_Memory/).
at 0 ps: Note: iteration of loop (/tb_mips_top/MIPS_Top_Level_Desgin/Instruction_Memory/).
at 0 ps: Note: iteration of loop (/tb_mips_top/MIPS_Top_Level_Desgin/Instruction_Memory/).
at 0 ps: Note: iteration of loop (/tb_mips_top/MIPS_Top_Level_Desgin/Instruction_Memory/).
at 0 ps: Note: iteration of loop (/tb_mips_top/MIPS_Top_Level_Desgin/Instruction_Memory/).
at 0 ps: Note: iteration of loop (/tb_mips_top/MIPS_Top_Level_Desgin/Instruction_Memory/).
at 0 ps: Note: iteration of loop (/tb_mips_top/MIPS_Top_Level_Desgin/Instruction_Memory/).
at 0 ps: Note: iteration of loop (/tb_mips_top/MIPS_Top_Level_Desgin/Instruction_Memory/).
at 0 ps: Note: iteration of loop (/tb_mips_top/MIPS_Top_Level_Desgin/Instruction_Memory/).
at 0 ps: Note: iteration of loop (/tb_mips_top/MIPS_Top_Level_Desgin/Instruction_Memory/).
at 0 ps: Note: iteration of loop (/tb_mips_top/MIPS_Top_Level_Desgin/Instruction_Memory/).
at 0 ps: Note: iteration of loop (/tb_mips_top/MIPS_Top_Level_Desgin/Instruction_Memory/).
at 0 ps: Note: iteration of loop (/tb_mips_top/MIPS_Top_Level_Desgin/Instruction_Memory/).
at 0 ps: Note: iteration of loop (/tb_mips_top/MIPS_Top_Level_Desgin/Instruction_Memory/).
at 0 ps: Note: iteration of loop (/tb_mips_top/MIPS_Top_Level_Desgin/Instruction_Memory/).
at 0 ps: Note: iteration of loop (/tb_mips_top/MIPS_Top_Level_Desgin/Instruction_Memory/).
at 0 ps: Note: iteration of loop (/tb_mips_top/MIPS_Top_Level_Desgin/Instruction_Memory/).
at 0 ps: Note: iteration of loop (/tb_mips_top/MIPS_Top_Level_Desgin/Instruction_Memory/).
at 0 ps: Note: iteration of loop (/tb_mips_top/MIPS_Top_Level_Desgin/Instruction_Memory/).
at 0 ps: Note: iteration of loop (/tb_mips_top/MIPS_Top_Level_Desgin/Instruction_Memory/).
at 0 ps: Note: iteration of loop (/tb_mips_top/MIPS_Top_Level_Desgin/Instruction_Memory/).
at 0 ps: Note: iteration of loop (/tb_mips_top/MIPS_Top_Level_Desgin/Instruction_Memory/).
at 0 ps: Note: iteration of loop (/tb_mips_top/MIPS_Top_Level_Desgin/Instruction_Memory/).
at 0 ps: Note: iteration of loop (/tb_mips_top/MIPS_Top_Level_Desgin/Instruction_Memory/).
at 0 ps: Note: iteration of loop (/tb_mips_top/MIPS_Top_Level_Desgin/Instruction_Memory/).
at 0 ps: Note: iteration of loop (/tb_mips_top/MIPS_Top_Level_Desgin/Instruction_Memory/).
at 0 ps: Note: iteration of loop (/tb_mips_top/MIPS_Top_Level_Desgin/Instruction_Memory/).
at 0 ps: Note: iteration of loop (/tb_mips_top/MIPS_Top_Level_Desgin/Instruction_Memory/).
at 0 ps: Note: iteration of loop (/tb_mips_top/MIPS_Top_Level_Desgin/Instruction_Memory/).
at 0 ps: Note: iteration of loop (/tb_mips_top/MIPS_Top_Level_Desgin/Instruction_Memory/).
at 0 ps: Note: iteration of loop (/tb_mips_top/MIPS_Top_Level_Desgin/Instruction_Memory/).
at 0 ps: Note: iteration of loop (/tb_mips_top/MIPS_Top_Level_Desgin/Instruction_Memory/).
at 0 ps: Note: iteration of loop (/tb_mips_top/MIPS_Top_Level_Desgin/Instruction_Memory/).
at 0 ps: Note: iteration of loop (/tb_mips_top/MIPS_Top_Level_Desgin/Instruction_Memory/).
at 0 ps: Note: iteration of loop (/tb_mips_top/MIPS_Top_Level_Desgin/Instruction_Memory/).
at 0 ps: Note: iteration of loop (/tb_mips_top/MIPS_Top_Level_Desgin/Instruction_Memory/).
at 0 ps: Note: iteration of loop (/tb_mips_top/MIPS_Top_Level_Desgin/Instruction_Memory/).
at 0 ps: Note: iteration of loop (/tb_mips_top/MIPS_Top_Level_Desgin/Instruction_Memory/).
at 0 ps: Note: iteration of loop (/tb_mips_top/MIPS_Top_Level_Desgin/Instruction_Memory/).
at 0 ps: Note: iteration of loop (/tb_mips_top/MIPS_Top_Level_Desgin/Instruction_Memory/).
at 0 ps: Note: iteration of loop (/tb_mips_top/MIPS_Top_Level_Desgin/Instruction_Memory/).
at 0 ps: Note: iteration of loop (/tb_mips_top/MIPS_Top_Level_Desgin/Instruction_Memory/).
at 0 ps: Note: iteration of loop (/tb_mips_top/MIPS_Top_Level_Desgin/Instruction_Memory/).
at 0 ps: Note: iteration of loop (/tb_mips_top/MIPS_Top_Level_Desgin/Instruction_Memory/).
at 0 ps: Note: iteration of loop (/tb_mips_top/MIPS_Top_Level_Desgin/Instruction_Memory/).
at 0 ps: Note: iteration of loop (/tb_mips_top/MIPS_Top_Level_Desgin/Instruction_Memory/).
at 0 ps: Note: iteration of loop (/tb_mips_top/MIPS_Top_Level_Desgin/Instruction_Memory/).
at 0 ps: Note: iteration of loop (/tb_mips_top/MIPS_Top_Level_Desgin/Instruction_Memory/).
at 0 ps: Note: iteration of loop (/tb_mips_top/MIPS_Top_Level_Desgin/Instruction_Memory/).
at 0 ps: Note: iteration of loop (/tb_mips_top/MIPS_Top_Level_Desgin/Instruction_Memory/).
at 0 ps: Note: iteration of loop (/tb_mips_top/MIPS_Top_Level_Desgin/Instruction_Memory/).
at 0 ps: Note: should hit  INSTRUC (/tb_mips_top/MIPS_Top_Level_Desgin/Instruction_Memory/).
Finished circuit initialization process.
at 0 ps: Note: should hit  INSTRUC (/tb_mips_top/MIPS_Top_Level_Desgin/Instruction_Memory/).
at 2 ns(2): Note: should hit  INSTRUC (/tb_mips_top/MIPS_Top_Level_Desgin/Instruction_Memory/).
at 4 ns(2): Note: should hit  INSTRUC (/tb_mips_top/MIPS_Top_Level_Desgin/Instruction_Memory/).
at 6 ns(2): Note: should hit  INSTRUC (/tb_mips_top/MIPS_Top_Level_Desgin/Instruction_Memory/).
at 8 ns(2): Note: should hit  INSTRUC (/tb_mips_top/MIPS_Top_Level_Desgin/Instruction_Memory/).
at 10 ns(2): Note: should hit  INSTRUC (/tb_mips_top/MIPS_Top_Level_Desgin/Instruction_Memory/).
at 12 ns(2): Note: should hit  INSTRUC (/tb_mips_top/MIPS_Top_Level_Desgin/Instruction_Memory/).
at 14 ns(2): Note: should hit  INSTRUC (/tb_mips_top/MIPS_Top_Level_Desgin/Instruction_Memory/).
at 16 ns(2): Note: should hit  INSTRUC (/tb_mips_top/MIPS_Top_Level_Desgin/Instruction_Memory/).
at 18 ns(2): Note: should hit  INSTRUC (/tb_mips_top/MIPS_Top_Level_Desgin/Instruction_Memory/).
at 20 ns(2): Note: should hit  INSTRUC (/tb_mips_top/MIPS_Top_Level_Desgin/Instruction_Memory/).
at 22 ns(2): Note: should hit  INSTRUC (/tb_mips_top/MIPS_Top_Level_Desgin/Instruction_Memory/).
at 24 ns(2): Note: should hit  INSTRUC (/tb_mips_top/MIPS_Top_Level_Desgin/Instruction_Memory/).
at 26 ns(2): Note: should hit  INSTRUC (/tb_mips_top/MIPS_Top_Level_Desgin/Instruction_Memory/).
at 28 ns(2): Note: should hit  INSTRUC (/tb_mips_top/MIPS_Top_Level_Desgin/Instruction_Memory/).
at 30 ns(2): Note: should hit  INSTRUC (/tb_mips_top/MIPS_Top_Level_Desgin/Instruction_Memory/).
at 32 ns(2): Note: should hit  INSTRUC (/tb_mips_top/MIPS_Top_Level_Desgin/Instruction_Memory/).
at 34 ns(2): Note: should hit  INSTRUC (/tb_mips_top/MIPS_Top_Level_Desgin/Instruction_Memory/).
at 36 ns(2): Note: should hit  INSTRUC (/tb_mips_top/MIPS_Top_Level_Desgin/Instruction_Memory/).
at 38 ns(2): Note: should hit  INSTRUC (/tb_mips_top/MIPS_Top_Level_Desgin/Instruction_Memory/).
at 40 ns(2): Note: should hit  INSTRUC (/tb_mips_top/MIPS_Top_Level_Desgin/Instruction_Memory/).
at 42 ns(2): Note: should hit  INSTRUC (/tb_mips_top/MIPS_Top_Level_Desgin/Instruction_Memory/).
at 44 ns(2): Note: should hit  INSTRUC (/tb_mips_top/MIPS_Top_Level_Desgin/Instruction_Memory/).
at 46 ns(2): Note: should hit  INSTRUC (/tb_mips_top/MIPS_Top_Level_Desgin/Instruction_Memory/).
at 48 ns(2): Note: should hit  INSTRUC (/tb_mips_top/MIPS_Top_Level_Desgin/Instruction_Memory/).
at 50 ns(2): Note: should hit  INSTRUC (/tb_mips_top/MIPS_Top_Level_Desgin/Instruction_Memory/).
at 52 ns(2): Note: should hit  INSTRUC (/tb_mips_top/MIPS_Top_Level_Desgin/Instruction_Memory/).
at 54 ns(2): Note: should hit  INSTRUC (/tb_mips_top/MIPS_Top_Level_Desgin/Instruction_Memory/).
at 56 ns(2): Note: should hit  INSTRUC (/tb_mips_top/MIPS_Top_Level_Desgin/Instruction_Memory/).
at 58 ns(2): Note: should hit  INSTRUC (/tb_mips_top/MIPS_Top_Level_Desgin/Instruction_Memory/).
at 60 ns(2): Note: should hit  INSTRUC (/tb_mips_top/MIPS_Top_Level_Desgin/Instruction_Memory/).
at 62 ns(2): Note: should hit  INSTRUC (/tb_mips_top/MIPS_Top_Level_Desgin/Instruction_Memory/).
at 64 ns(2): Note: should hit  INSTRUC (/tb_mips_top/MIPS_Top_Level_Desgin/Instruction_Memory/).
at 66 ns(2): Note: should hit  INSTRUC (/tb_mips_top/MIPS_Top_Level_Desgin/Instruction_Memory/).
at 68 ns(2): Note: should hit  INSTRUC (/tb_mips_top/MIPS_Top_Level_Desgin/Instruction_Memory/).
at 70 ns(2): Note: should hit  INSTRUC (/tb_mips_top/MIPS_Top_Level_Desgin/Instruction_Memory/).
at 72 ns(2): Note: should hit  INSTRUC (/tb_mips_top/MIPS_Top_Level_Desgin/Instruction_Memory/).
at 74 ns(2): Note: should hit  INSTRUC (/tb_mips_top/MIPS_Top_Level_Desgin/Instruction_Memory/).
at 76 ns(2): Note: should hit  INSTRUC (/tb_mips_top/MIPS_Top_Level_Desgin/Instruction_Memory/).
at 78 ns(2): Note: should hit  INSTRUC (/tb_mips_top/MIPS_Top_Level_Desgin/Instruction_Memory/).
at 80 ns(2): Note: should hit  INSTRUC (/tb_mips_top/MIPS_Top_Level_Desgin/Instruction_Memory/).
at 82 ns(2): Note: should hit  INSTRUC (/tb_mips_top/MIPS_Top_Level_Desgin/Instruction_Memory/).
at 84 ns(2): Note: should hit  INSTRUC (/tb_mips_top/MIPS_Top_Level_Desgin/Instruction_Memory/).
at 86 ns(2): Note: should hit  INSTRUC (/tb_mips_top/MIPS_Top_Level_Desgin/Instruction_Memory/).
at 88 ns(2): Note: should hit  INSTRUC (/tb_mips_top/MIPS_Top_Level_Desgin/Instruction_Memory/).
at 90 ns(2): Note: should hit  INSTRUC (/tb_mips_top/MIPS_Top_Level_Desgin/Instruction_Memory/).
at 92 ns(2): Note: should hit  INSTRUC (/tb_mips_top/MIPS_Top_Level_Desgin/Instruction_Memory/).
at 94 ns(2): Note: should hit  INSTRUC (/tb_mips_top/MIPS_Top_Level_Desgin/Instruction_Memory/).
at 96 ns(2): Note: should hit  INSTRUC (/tb_mips_top/MIPS_Top_Level_Desgin/Instruction_Memory/).
at 98 ns(2): Note: should hit  INSTRUC (/tb_mips_top/MIPS_Top_Level_Desgin/Instruction_Memory/).
at 100 ns(2): Note: should hit  INSTRUC (/tb_mips_top/MIPS_Top_Level_Desgin/Instruction_Memory/).
at 102 ns(2): Note: should hit  INSTRUC (/tb_mips_top/MIPS_Top_Level_Desgin/Instruction_Memory/).
at 104 ns(2): Note: should hit  INSTRUC (/tb_mips_top/MIPS_Top_Level_Desgin/Instruction_Memory/).
at 106 ns(2): Note: should hit  INSTRUC (/tb_mips_top/MIPS_Top_Level_Desgin/Instruction_Memory/).
at 108 ns(2): Note: should hit  INSTRUC (/tb_mips_top/MIPS_Top_Level_Desgin/Instruction_Memory/).
at 110 ns(2): Note: should hit  INSTRUC (/tb_mips_top/MIPS_Top_Level_Desgin/Instruction_Memory/).
at 112 ns(2): Note: should hit  INSTRUC (/tb_mips_top/MIPS_Top_Level_Desgin/Instruction_Memory/).
at 114 ns(2): Note: should hit  INSTRUC (/tb_mips_top/MIPS_Top_Level_Desgin/Instruction_Memory/).
at 116 ns(2): Note: should hit  INSTRUC (/tb_mips_top/MIPS_Top_Level_Desgin/Instruction_Memory/).
at 118 ns(2): Note: should hit  INSTRUC (/tb_mips_top/MIPS_Top_Level_Desgin/Instruction_Memory/).
at 120 ns(2): Note: should hit  INSTRUC (/tb_mips_top/MIPS_Top_Level_Desgin/Instruction_Memory/).
at 122 ns(2): Note: should hit  INSTRUC (/tb_mips_top/MIPS_Top_Level_Desgin/Instruction_Memory/).
at 124 ns(2): Note: should hit  INSTRUC (/tb_mips_top/MIPS_Top_Level_Desgin/Instruction_Memory/).
at 126 ns(2): Note: should hit  INSTRUC (/tb_mips_top/MIPS_Top_Level_Desgin/Instruction_Memory/).
at 128 ns(2): Note: should hit  INSTRUC (/tb_mips_top/MIPS_Top_Level_Desgin/Instruction_Memory/).
at 130 ns(2): Note: should hit  INSTRUC (/tb_mips_top/MIPS_Top_Level_Desgin/Instruction_Memory/).
at 132 ns(2): Note: should hit  INSTRUC (/tb_mips_top/MIPS_Top_Level_Desgin/Instruction_Memory/).
at 134 ns(2): Note: should hit  INSTRUC (/tb_mips_top/MIPS_Top_Level_Desgin/Instruction_Memory/).
at 136 ns(2): Note: should hit  INSTRUC (/tb_mips_top/MIPS_Top_Level_Desgin/Instruction_Memory/).
at 138 ns(2): Note: should hit  INSTRUC (/tb_mips_top/MIPS_Top_Level_Desgin/Instruction_Memory/).
at 140 ns(2): Note: should hit  INSTRUC (/tb_mips_top/MIPS_Top_Level_Desgin/Instruction_Memory/).
at 142 ns(2): Note: should hit  INSTRUC (/tb_mips_top/MIPS_Top_Level_Desgin/Instruction_Memory/).
at 144 ns(2): Note: should hit  INSTRUC (/tb_mips_top/MIPS_Top_Level_Desgin/Instruction_Memory/).
at 146 ns(2): Note: should hit  INSTRUC (/tb_mips_top/MIPS_Top_Level_Desgin/Instruction_Memory/).
at 148 ns(2): Note: should hit  INSTRUC (/tb_mips_top/MIPS_Top_Level_Desgin/Instruction_Memory/).
at 150 ns(2): Note: should hit  INSTRUC (/tb_mips_top/MIPS_Top_Level_Desgin/Instruction_Memory/).
at 152 ns(2): Note: should hit  INSTRUC (/tb_mips_top/MIPS_Top_Level_Desgin/Instruction_Memory/).
at 154 ns(2): Note: should hit  INSTRUC (/tb_mips_top/MIPS_Top_Level_Desgin/Instruction_Memory/).
at 156 ns(2): Note: should hit  INSTRUC (/tb_mips_top/MIPS_Top_Level_Desgin/Instruction_Memory/).
at 158 ns(2): Note: should hit  INSTRUC (/tb_mips_top/MIPS_Top_Level_Desgin/Instruction_Memory/).
at 160 ns(2): Note: should hit  INSTRUC (/tb_mips_top/MIPS_Top_Level_Desgin/Instruction_Memory/).
at 162 ns(2): Note: should hit  INSTRUC (/tb_mips_top/MIPS_Top_Level_Desgin/Instruction_Memory/).
at 164 ns(2): Note: should hit  INSTRUC (/tb_mips_top/MIPS_Top_Level_Desgin/Instruction_Memory/).
at 166 ns(2): Note: should hit  INSTRUC (/tb_mips_top/MIPS_Top_Level_Desgin/Instruction_Memory/).
at 168 ns(2): Note: should hit  INSTRUC (/tb_mips_top/MIPS_Top_Level_Desgin/Instruction_Memory/).
at 170 ns(2): Note: should hit  INSTRUC (/tb_mips_top/MIPS_Top_Level_Desgin/Instruction_Memory/).
at 172 ns(2): Note: should hit  INSTRUC (/tb_mips_top/MIPS_Top_Level_Desgin/Instruction_Memory/).
at 174 ns(2): Note: should hit  INSTRUC (/tb_mips_top/MIPS_Top_Level_Desgin/Instruction_Memory/).
at 176 ns(2): Note: should hit  INSTRUC (/tb_mips_top/MIPS_Top_Level_Desgin/Instruction_Memory/).
at 178 ns(2): Note: should hit  INSTRUC (/tb_mips_top/MIPS_Top_Level_Desgin/Instruction_Memory/).
at 180 ns(2): Note: should hit  INSTRUC (/tb_mips_top/MIPS_Top_Level_Desgin/Instruction_Memory/).
at 182 ns(2): Note: should hit  INSTRUC (/tb_mips_top/MIPS_Top_Level_Desgin/Instruction_Memory/).
at 184 ns(2): Note: should hit  INSTRUC (/tb_mips_top/MIPS_Top_Level_Desgin/Instruction_Memory/).
at 186 ns(2): Note: should hit  INSTRUC (/tb_mips_top/MIPS_Top_Level_Desgin/Instruction_Memory/).
at 188 ns(2): Note: should hit  INSTRUC (/tb_mips_top/MIPS_Top_Level_Desgin/Instruction_Memory/).
at 190 ns(2): Note: should hit  INSTRUC (/tb_mips_top/MIPS_Top_Level_Desgin/Instruction_Memory/).
at 192 ns(2): Note: should hit  INSTRUC (/tb_mips_top/MIPS_Top_Level_Desgin/Instruction_Memory/).
at 194 ns(2): Note: should hit  INSTRUC (/tb_mips_top/MIPS_Top_Level_Desgin/Instruction_Memory/).
at 196 ns(2): Note: should hit  INSTRUC (/tb_mips_top/MIPS_Top_Level_Desgin/Instruction_Memory/).
at 198 ns(2): Note: should hit  INSTRUC (/tb_mips_top/MIPS_Top_Level_Desgin/Instruction_Memory/).
at 200 ns(2): Note: should hit  INSTRUC (/tb_mips_top/MIPS_Top_Level_Desgin/Instruction_Memory/).
at 202 ns(2): Note: should hit  INSTRUC (/tb_mips_top/MIPS_Top_Level_Desgin/Instruction_Memory/).
at 204 ns(2): Note: should hit  INSTRUC (/tb_mips_top/MIPS_Top_Level_Desgin/Instruction_Memory/).
at 206 ns(2): Note: should hit  INSTRUC (/tb_mips_top/MIPS_Top_Level_Desgin/Instruction_Memory/).
at 208 ns(2): Note: should hit  INSTRUC (/tb_mips_top/MIPS_Top_Level_Desgin/Instruction_Memory/).
at 210 ns(2): Note: should hit  INSTRUC (/tb_mips_top/MIPS_Top_Level_Desgin/Instruction_Memory/).
at 212 ns(2): Note: should hit  INSTRUC (/tb_mips_top/MIPS_Top_Level_Desgin/Instruction_Memory/).
at 214 ns(2): Note: should hit  INSTRUC (/tb_mips_top/MIPS_Top_Level_Desgin/Instruction_Memory/).
at 216 ns(2): Note: should hit  INSTRUC (/tb_mips_top/MIPS_Top_Level_Desgin/Instruction_Memory/).
at 218 ns(2): Note: should hit  INSTRUC (/tb_mips_top/MIPS_Top_Level_Desgin/Instruction_Memory/).
at 220 ns(2): Note: should hit  INSTRUC (/tb_mips_top/MIPS_Top_Level_Desgin/Instruction_Memory/).
at 222 ns(2): Note: should hit  INSTRUC (/tb_mips_top/MIPS_Top_Level_Desgin/Instruction_Memory/).
at 224 ns(2): Note: should hit  INSTRUC (/tb_mips_top/MIPS_Top_Level_Desgin/Instruction_Memory/).
at 226 ns(2): Note: should hit  INSTRUC (/tb_mips_top/MIPS_Top_Level_Desgin/Instruction_Memory/).
at 228 ns(2): Note: should hit  INSTRUC (/tb_mips_top/MIPS_Top_Level_Desgin/Instruction_Memory/).
at 230 ns(2): Note: should hit  INSTRUC (/tb_mips_top/MIPS_Top_Level_Desgin/Instruction_Memory/).
at 232 ns(2): Note: should hit  INSTRUC (/tb_mips_top/MIPS_Top_Level_Desgin/Instruction_Memory/).
at 234 ns(2): Note: should hit  INSTRUC (/tb_mips_top/MIPS_Top_Level_Desgin/Instruction_Memory/).
at 236 ns(2): Note: should hit  INSTRUC (/tb_mips_top/MIPS_Top_Level_Desgin/Instruction_Memory/).
at 238 ns(2): Note: should hit  INSTRUC (/tb_mips_top/MIPS_Top_Level_Desgin/Instruction_Memory/).
at 240 ns(2): Note: should hit  INSTRUC (/tb_mips_top/MIPS_Top_Level_Desgin/Instruction_Memory/).
at 242 ns(2): Note: should hit  INSTRUC (/tb_mips_top/MIPS_Top_Level_Desgin/Instruction_Memory/).
at 244 ns(2): Note: should hit  INSTRUC (/tb_mips_top/MIPS_Top_Level_Desgin/Instruction_Memory/).
at 246 ns(2): Note: should hit  INSTRUC (/tb_mips_top/MIPS_Top_Level_Desgin/Instruction_Memory/).
at 248 ns(2): Note: should hit  INSTRUC (/tb_mips_top/MIPS_Top_Level_Desgin/Instruction_Memory/).
at 250 ns(2): Note: should hit  INSTRUC (/tb_mips_top/MIPS_Top_Level_Desgin/Instruction_Memory/).
at 252 ns(2): Note: should hit  INSTRUC (/tb_mips_top/MIPS_Top_Level_Desgin/Instruction_Memory/).
at 254 ns(2): Note: should hit  INSTRUC (/tb_mips_top/MIPS_Top_Level_Desgin/Instruction_Memory/).
at 256 ns(2): Note: should hit  INSTRUC (/tb_mips_top/MIPS_Top_Level_Desgin/Instruction_Memory/).
at 258 ns(2): Note: should hit  INSTRUC (/tb_mips_top/MIPS_Top_Level_Desgin/Instruction_Memory/).
at 260 ns(2): Note: should hit  INSTRUC (/tb_mips_top/MIPS_Top_Level_Desgin/Instruction_Memory/).
at 262 ns(2): Note: should hit  INSTRUC (/tb_mips_top/MIPS_Top_Level_Desgin/Instruction_Memory/).
at 264 ns(2): Note: should hit  INSTRUC (/tb_mips_top/MIPS_Top_Level_Desgin/Instruction_Memory/).
at 266 ns(2): Note: should hit  INSTRUC (/tb_mips_top/MIPS_Top_Level_Desgin/Instruction_Memory/).
at 268 ns(2): Note: should hit  INSTRUC (/tb_mips_top/MIPS_Top_Level_Desgin/Instruction_Memory/).
at 270 ns(2): Note: should hit  INSTRUC (/tb_mips_top/MIPS_Top_Level_Desgin/Instruction_Memory/).
at 272 ns(2): Note: should hit  INSTRUC (/tb_mips_top/MIPS_Top_Level_Desgin/Instruction_Memory/).
at 274 ns(2): Note: should hit  INSTRUC (/tb_mips_top/MIPS_Top_Level_Desgin/Instruction_Memory/).
at 276 ns(2): Note: should hit  INSTRUC (/tb_mips_top/MIPS_Top_Level_Desgin/Instruction_Memory/).
at 278 ns(2): Note: should hit  INSTRUC (/tb_mips_top/MIPS_Top_Level_Desgin/Instruction_Memory/).
at 280 ns(1), Instance /tb_mips_top/MIPS_Top_Level_Desgin/Data_Memory/ : Warning: CONV_INTEGER: There is an 'U'|'X'|'W'|'Z'|'-' in an arithmetic operand, and it has been converted to 0.
at 280 ns(1), Instance /tb_mips_top/MIPS_Top_Level_Desgin/Data_Memory/ : Warning: CONV_INTEGER: There is an 'U'|'X'|'W'|'Z'|'-' in an arithmetic operand, and it has been converted to 0.
at 280 ns(2): Note: should hit  INSTRUC (/tb_mips_top/MIPS_Top_Level_Desgin/Instruction_Memory/).
at 282 ns(1), Instance /tb_mips_top/MIPS_Top_Level_Desgin/Data_Memory/ : Warning: CONV_INTEGER: There is an 'U'|'X'|'W'|'Z'|'-' in an arithmetic operand, and it has been converted to 0.
at 282 ns(1), Instance /tb_mips_top/MIPS_Top_Level_Desgin/Data_Memory/ : Warning: CONV_INTEGER: There is an 'U'|'X'|'W'|'Z'|'-' in an arithmetic operand, and it has been converted to 0.
at 282 ns(2): Note: should hit  INSTRUC (/tb_mips_top/MIPS_Top_Level_Desgin/Instruction_Memory/).
at 284 ns(2): Note: should hit  INSTRUC (/tb_mips_top/MIPS_Top_Level_Desgin/Instruction_Memory/).
at 286 ns(2): Note: should hit  INSTRUC (/tb_mips_top/MIPS_Top_Level_Desgin/Instruction_Memory/).
at 288 ns(2): Note: should hit  INSTRUC (/tb_mips_top/MIPS_Top_Level_Desgin/Instruction_Memory/).
at 290 ns(2): Note: should hit  INSTRUC (/tb_mips_top/MIPS_Top_Level_Desgin/Instruction_Memory/).
at 290 ns(3), Instance /tb_mips_top/MIPS_Top_Level_Desgin/Data_Memory/ : Warning: CONV_INTEGER: There is an 'U'|'X'|'W'|'Z'|'-' in an arithmetic operand, and it has been converted to 0.
at 291 ns(1), Instance /tb_mips_top/MIPS_Top_Level_Desgin/Data_Memory/ : Warning: CONV_INTEGER: There is an 'U'|'X'|'W'|'Z'|'-' in an arithmetic operand, and it has been converted to 0.
at 292 ns(1), Instance /tb_mips_top/MIPS_Top_Level_Desgin/Data_Memory/ : Warning: CONV_INTEGER: There is an 'U'|'X'|'W'|'Z'|'-' in an arithmetic operand, and it has been converted to 0.
at 292 ns(1), Instance /tb_mips_top/MIPS_Top_Level_Desgin/Data_Memory/ : Warning: CONV_INTEGER: There is an 'U'|'X'|'W'|'Z'|'-' in an arithmetic operand, and it has been converted to 0.
at 292 ns(2): Note: should hit  INSTRUC (/tb_mips_top/MIPS_Top_Level_Desgin/Instruction_Memory/).
at 294 ns(1), Instance /tb_mips_top/MIPS_Top_Level_Desgin/Data_Memory/ : Warning: CONV_INTEGER: There is an 'U'|'X'|'W'|'Z'|'-' in an arithmetic operand, and it has been converted to 0.
at 294 ns(1), Instance /tb_mips_top/MIPS_Top_Level_Desgin/Data_Memory/ : Warning: CONV_INTEGER: There is an 'U'|'X'|'W'|'Z'|'-' in an arithmetic operand, and it has been converted to 0.
at 294 ns(2): Note: should hit  INSTRUC (/tb_mips_top/MIPS_Top_Level_Desgin/Instruction_Memory/).
at 296 ns(2): Note: should hit  INSTRUC (/tb_mips_top/MIPS_Top_Level_Desgin/Instruction_Memory/).
at 298 ns(2): Note: should hit  INSTRUC (/tb_mips_top/MIPS_Top_Level_Desgin/Instruction_Memory/).
at 300 ns(2): Note: should hit  INSTRUC (/tb_mips_top/MIPS_Top_Level_Desgin/Instruction_Memory/).
at 302 ns(2): Note: should hit  INSTRUC (/tb_mips_top/MIPS_Top_Level_Desgin/Instruction_Memory/).
at 304 ns(2): Note: should hit  INSTRUC (/tb_mips_top/MIPS_Top_Level_Desgin/Instruction_Memory/).
at 306 ns(2): Note: should hit  INSTRUC (/tb_mips_top/MIPS_Top_Level_Desgin/Instruction_Memory/).
at 308 ns(2): Note: should hit  INSTRUC (/tb_mips_top/MIPS_Top_Level_Desgin/Instruction_Memory/).
at 310 ns(2): Note: should hit  INSTRUC (/tb_mips_top/MIPS_Top_Level_Desgin/Instruction_Memory/).
at 312 ns(2): Note: should hit  INSTRUC (/tb_mips_top/MIPS_Top_Level_Desgin/Instruction_Memory/).
at 314 ns(2): Note: should hit  INSTRUC (/tb_mips_top/MIPS_Top_Level_Desgin/Instruction_Memory/).
at 316 ns(2): Note: should hit  INSTRUC (/tb_mips_top/MIPS_Top_Level_Desgin/Instruction_Memory/).
at 318 ns(2): Note: should hit  INSTRUC (/tb_mips_top/MIPS_Top_Level_Desgin/Instruction_Memory/).
at 320 ns(2): Note: should hit  INSTRUC (/tb_mips_top/MIPS_Top_Level_Desgin/Instruction_Memory/).
at 322 ns(2): Note: should hit  INSTRUC (/tb_mips_top/MIPS_Top_Level_Desgin/Instruction_Memory/).
at 324 ns(2): Note: should hit  INSTRUC (/tb_mips_top/MIPS_Top_Level_Desgin/Instruction_Memory/).
at 326 ns(2): Note: should hit  INSTRUC (/tb_mips_top/MIPS_Top_Level_Desgin/Instruction_Memory/).
at 328 ns(2): Note: should hit  INSTRUC (/tb_mips_top/MIPS_Top_Level_Desgin/Instruction_Memory/).
at 330 ns(2): Note: should hit  INSTRUC (/tb_mips_top/MIPS_Top_Level_Desgin/Instruction_Memory/).
at 332 ns(2): Note: should hit  INSTRUC (/tb_mips_top/MIPS_Top_Level_Desgin/Instruction_Memory/).
at 334 ns(2): Note: should hit  INSTRUC (/tb_mips_top/MIPS_Top_Level_Desgin/Instruction_Memory/).
at 336 ns(2): Note: should hit  INSTRUC (/tb_mips_top/MIPS_Top_Level_Desgin/Instruction_Memory/).
at 338 ns(2): Note: should hit  INSTRUC (/tb_mips_top/MIPS_Top_Level_Desgin/Instruction_Memory/).
at 340 ns(2): Note: should hit  INSTRUC (/tb_mips_top/MIPS_Top_Level_Desgin/Instruction_Memory/).
at 342 ns(2): Note: should hit  INSTRUC (/tb_mips_top/MIPS_Top_Level_Desgin/Instruction_Memory/).
at 344 ns(2): Note: should hit  INSTRUC (/tb_mips_top/MIPS_Top_Level_Desgin/Instruction_Memory/).
at 346 ns(2): Note: should hit  INSTRUC (/tb_mips_top/MIPS_Top_Level_Desgin/Instruction_Memory/).
at 348 ns(2): Note: should hit  INSTRUC (/tb_mips_top/MIPS_Top_Level_Desgin/Instruction_Memory/).
at 350 ns(2): Note: should hit  INSTRUC (/tb_mips_top/MIPS_Top_Level_Desgin/Instruction_Memory/).
at 352 ns(2): Note: should hit  INSTRUC (/tb_mips_top/MIPS_Top_Level_Desgin/Instruction_Memory/).
at 354 ns(2): Note: should hit  INSTRUC (/tb_mips_top/MIPS_Top_Level_Desgin/Instruction_Memory/).
at 356 ns(2): Note: should hit  INSTRUC (/tb_mips_top/MIPS_Top_Level_Desgin/Instruction_Memory/).
at 358 ns(2): Note: should hit  INSTRUC (/tb_mips_top/MIPS_Top_Level_Desgin/Instruction_Memory/).
at 360 ns(2): Note: should hit  INSTRUC (/tb_mips_top/MIPS_Top_Level_Desgin/Instruction_Memory/).
at 362 ns(2): Note: should hit  INSTRUC (/tb_mips_top/MIPS_Top_Level_Desgin/Instruction_Memory/).
at 364 ns(2): Note: should hit  INSTRUC (/tb_mips_top/MIPS_Top_Level_Desgin/Instruction_Memory/).
at 366 ns(2): Note: should hit  INSTRUC (/tb_mips_top/MIPS_Top_Level_Desgin/Instruction_Memory/).
at 368 ns(2): Note: should hit  INSTRUC (/tb_mips_top/MIPS_Top_Level_Desgin/Instruction_Memory/).
at 370 ns(2): Note: should hit  INSTRUC (/tb_mips_top/MIPS_Top_Level_Desgin/Instruction_Memory/).
at 372 ns(2): Note: should hit  INSTRUC (/tb_mips_top/MIPS_Top_Level_Desgin/Instruction_Memory/).
at 374 ns(2): Note: should hit  INSTRUC (/tb_mips_top/MIPS_Top_Level_Desgin/Instruction_Memory/).
at 376 ns(2): Note: should hit  INSTRUC (/tb_mips_top/MIPS_Top_Level_Desgin/Instruction_Memory/).
at 378 ns(2): Note: should hit  INSTRUC (/tb_mips_top/MIPS_Top_Level_Desgin/Instruction_Memory/).
at 380 ns(2): Note: should hit  INSTRUC (/tb_mips_top/MIPS_Top_Level_Desgin/Instruction_Memory/).
at 382 ns(2): Note: should hit  INSTRUC (/tb_mips_top/MIPS_Top_Level_Desgin/Instruction_Memory/).
at 384 ns(2): Note: should hit  INSTRUC (/tb_mips_top/MIPS_Top_Level_Desgin/Instruction_Memory/).
at 386 ns(2): Note: should hit  INSTRUC (/tb_mips_top/MIPS_Top_Level_Desgin/Instruction_Memory/).
at 388 ns(2): Note: should hit  INSTRUC (/tb_mips_top/MIPS_Top_Level_Desgin/Instruction_Memory/).
at 390 ns(2): Note: should hit  INSTRUC (/tb_mips_top/MIPS_Top_Level_Desgin/Instruction_Memory/).
at 392 ns(2): Note: should hit  INSTRUC (/tb_mips_top/MIPS_Top_Level_Desgin/Instruction_Memory/).
at 394 ns(2): Note: should hit  INSTRUC (/tb_mips_top/MIPS_Top_Level_Desgin/Instruction_Memory/).
at 396 ns(2): Note: should hit  INSTRUC (/tb_mips_top/MIPS_Top_Level_Desgin/Instruction_Memory/).
at 398 ns(2): Note: should hit  INSTRUC (/tb_mips_top/MIPS_Top_Level_Desgin/Instruction_Memory/).
at 400 ns(2): Note: should hit  INSTRUC (/tb_mips_top/MIPS_Top_Level_Desgin/Instruction_Memory/).
at 402 ns(2): Note: should hit  INSTRUC (/tb_mips_top/MIPS_Top_Level_Desgin/Instruction_Memory/).
at 404 ns(2): Note: should hit  INSTRUC (/tb_mips_top/MIPS_Top_Level_Desgin/Instruction_Memory/).
at 406 ns(2): Note: should hit  INSTRUC (/tb_mips_top/MIPS_Top_Level_Desgin/Instruction_Memory/).
at 408 ns(2): Note: should hit  INSTRUC (/tb_mips_top/MIPS_Top_Level_Desgin/Instruction_Memory/).
at 410 ns(2): Note: should hit  INSTRUC (/tb_mips_top/MIPS_Top_Level_Desgin/Instruction_Memory/).
at 412 ns(2): Note: should hit  INSTRUC (/tb_mips_top/MIPS_Top_Level_Desgin/Instruction_Memory/).
at 414 ns(2): Note: should hit  INSTRUC (/tb_mips_top/MIPS_Top_Level_Desgin/Instruction_Memory/).
at 416 ns(2): Note: should hit  INSTRUC (/tb_mips_top/MIPS_Top_Level_Desgin/Instruction_Memory/).
at 418 ns(2): Note: should hit  INSTRUC (/tb_mips_top/MIPS_Top_Level_Desgin/Instruction_Memory/).
at 420 ns(2): Note: should hit  INSTRUC (/tb_mips_top/MIPS_Top_Level_Desgin/Instruction_Memory/).
at 422 ns(2): Note: should hit  INSTRUC (/tb_mips_top/MIPS_Top_Level_Desgin/Instruction_Memory/).
at 424 ns(2): Note: should hit  INSTRUC (/tb_mips_top/MIPS_Top_Level_Desgin/Instruction_Memory/).
at 426 ns(2): Note: should hit  INSTRUC (/tb_mips_top/MIPS_Top_Level_Desgin/Instruction_Memory/).
at 428 ns(2): Note: should hit  INSTRUC (/tb_mips_top/MIPS_Top_Level_Desgin/Instruction_Memory/).
at 430 ns(2): Note: should hit  INSTRUC (/tb_mips_top/MIPS_Top_Level_Desgin/Instruction_Memory/).
at 432 ns(2): Note: should hit  INSTRUC (/tb_mips_top/MIPS_Top_Level_Desgin/Instruction_Memory/).
at 434 ns(2): Note: should hit  INSTRUC (/tb_mips_top/MIPS_Top_Level_Desgin/Instruction_Memory/).
at 436 ns(2): Note: should hit  INSTRUC (/tb_mips_top/MIPS_Top_Level_Desgin/Instruction_Memory/).
at 438 ns(2): Note: should hit  INSTRUC (/tb_mips_top/MIPS_Top_Level_Desgin/Instruction_Memory/).
at 440 ns(2): Note: should hit  INSTRUC (/tb_mips_top/MIPS_Top_Level_Desgin/Instruction_Memory/).
at 442 ns(2): Note: should hit  INSTRUC (/tb_mips_top/MIPS_Top_Level_Desgin/Instruction_Memory/).
at 444 ns(2): Note: should hit  INSTRUC (/tb_mips_top/MIPS_Top_Level_Desgin/Instruction_Memory/).
at 446 ns(2): Note: should hit  INSTRUC (/tb_mips_top/MIPS_Top_Level_Desgin/Instruction_Memory/).
at 448 ns(2): Note: should hit  INSTRUC (/tb_mips_top/MIPS_Top_Level_Desgin/Instruction_Memory/).
at 450 ns(2): Note: should hit  INSTRUC (/tb_mips_top/MIPS_Top_Level_Desgin/Instruction_Memory/).
at 452 ns(2): Note: should hit  INSTRUC (/tb_mips_top/MIPS_Top_Level_Desgin/Instruction_Memory/).
at 454 ns(2): Note: should hit  INSTRUC (/tb_mips_top/MIPS_Top_Level_Desgin/Instruction_Memory/).
at 456 ns(2): Note: should hit  INSTRUC (/tb_mips_top/MIPS_Top_Level_Desgin/Instruction_Memory/).
at 458 ns(2): Note: should hit  INSTRUC (/tb_mips_top/MIPS_Top_Level_Desgin/Instruction_Memory/).
at 460 ns(2): Note: should hit  INSTRUC (/tb_mips_top/MIPS_Top_Level_Desgin/Instruction_Memory/).
at 462 ns(2): Note: should hit  INSTRUC (/tb_mips_top/MIPS_Top_Level_Desgin/Instruction_Memory/).
at 464 ns(2): Note: should hit  INSTRUC (/tb_mips_top/MIPS_Top_Level_Desgin/Instruction_Memory/).
at 466 ns(2): Note: should hit  INSTRUC (/tb_mips_top/MIPS_Top_Level_Desgin/Instruction_Memory/).
at 468 ns(2): Note: should hit  INSTRUC (/tb_mips_top/MIPS_Top_Level_Desgin/Instruction_Memory/).
at 470 ns(2): Note: should hit  INSTRUC (/tb_mips_top/MIPS_Top_Level_Desgin/Instruction_Memory/).
at 472 ns(2): Note: should hit  INSTRUC (/tb_mips_top/MIPS_Top_Level_Desgin/Instruction_Memory/).
at 474 ns(2): Note: should hit  INSTRUC (/tb_mips_top/MIPS_Top_Level_Desgin/Instruction_Memory/).
at 476 ns(2): Note: should hit  INSTRUC (/tb_mips_top/MIPS_Top_Level_Desgin/Instruction_Memory/).
at 478 ns(2): Note: should hit  INSTRUC (/tb_mips_top/MIPS_Top_Level_Desgin/Instruction_Memory/).
at 480 ns(2): Note: should hit  INSTRUC (/tb_mips_top/MIPS_Top_Level_Desgin/Instruction_Memory/).
at 482 ns(2): Note: should hit  INSTRUC (/tb_mips_top/MIPS_Top_Level_Desgin/Instruction_Memory/).
at 484 ns(2): Note: should hit  INSTRUC (/tb_mips_top/MIPS_Top_Level_Desgin/Instruction_Memory/).
at 486 ns(2): Note: should hit  INSTRUC (/tb_mips_top/MIPS_Top_Level_Desgin/Instruction_Memory/).
at 488 ns(2): Note: should hit  INSTRUC (/tb_mips_top/MIPS_Top_Level_Desgin/Instruction_Memory/).
at 490 ns(2): Note: should hit  INSTRUC (/tb_mips_top/MIPS_Top_Level_Desgin/Instruction_Memory/).
at 492 ns(2): Note: should hit  INSTRUC (/tb_mips_top/MIPS_Top_Level_Desgin/Instruction_Memory/).
at 494 ns(2): Note: should hit  INSTRUC (/tb_mips_top/MIPS_Top_Level_Desgin/Instruction_Memory/).
at 496 ns(2): Note: should hit  INSTRUC (/tb_mips_top/MIPS_Top_Level_Desgin/Instruction_Memory/).
at 498 ns(2): Note: should hit  INSTRUC (/tb_mips_top/MIPS_Top_Level_Desgin/Instruction_Memory/).
at 500 ns(2): Note: should hit  INSTRUC (/tb_mips_top/MIPS_Top_Level_Desgin/Instruction_Memory/).
at 502 ns(2): Note: should hit  INSTRUC (/tb_mips_top/MIPS_Top_Level_Desgin/Instruction_Memory/).
at 504 ns(2): Note: should hit  INSTRUC (/tb_mips_top/MIPS_Top_Level_Desgin/Instruction_Memory/).
at 506 ns(2): Note: should hit  INSTRUC (/tb_mips_top/MIPS_Top_Level_Desgin/Instruction_Memory/).
at 508 ns(2): Note: should hit  INSTRUC (/tb_mips_top/MIPS_Top_Level_Desgin/Instruction_Memory/).
at 510 ns(2): Note: should hit  INSTRUC (/tb_mips_top/MIPS_Top_Level_Desgin/Instruction_Memory/).
at 512 ns(2): Note: should hit  INSTRUC (/tb_mips_top/MIPS_Top_Level_Desgin/Instruction_Memory/).
at 514 ns(2): Note: should hit  INSTRUC (/tb_mips_top/MIPS_Top_Level_Desgin/Instruction_Memory/).
at 516 ns(2): Note: should hit  INSTRUC (/tb_mips_top/MIPS_Top_Level_Desgin/Instruction_Memory/).
at 518 ns(2): Note: should hit  INSTRUC (/tb_mips_top/MIPS_Top_Level_Desgin/Instruction_Memory/).
at 520 ns(2): Note: should hit  INSTRUC (/tb_mips_top/MIPS_Top_Level_Desgin/Instruction_Memory/).
at 522 ns(2): Note: should hit  INSTRUC (/tb_mips_top/MIPS_Top_Level_Desgin/Instruction_Memory/).
at 524 ns(2): Note: should hit  INSTRUC (/tb_mips_top/MIPS_Top_Level_Desgin/Instruction_Memory/).
at 526 ns(2): Note: should hit  INSTRUC (/tb_mips_top/MIPS_Top_Level_Desgin/Instruction_Memory/).
at 528 ns(2): Note: should hit  INSTRUC (/tb_mips_top/MIPS_Top_Level_Desgin/Instruction_Memory/).
at 530 ns(2): Note: should hit  INSTRUC (/tb_mips_top/MIPS_Top_Level_Desgin/Instruction_Memory/).
at 532 ns(2): Note: should hit  INSTRUC (/tb_mips_top/MIPS_Top_Level_Desgin/Instruction_Memory/).
at 534 ns(2): Note: should hit  INSTRUC (/tb_mips_top/MIPS_Top_Level_Desgin/Instruction_Memory/).
at 536 ns(2): Note: should hit  INSTRUC (/tb_mips_top/MIPS_Top_Level_Desgin/Instruction_Memory/).
at 538 ns(2): Note: should hit  INSTRUC (/tb_mips_top/MIPS_Top_Level_Desgin/Instruction_Memory/).
at 540 ns(2): Note: should hit  INSTRUC (/tb_mips_top/MIPS_Top_Level_Desgin/Instruction_Memory/).
at 542 ns(2): Note: should hit  INSTRUC (/tb_mips_top/MIPS_Top_Level_Desgin/Instruction_Memory/).
at 544 ns(2): Note: should hit  INSTRUC (/tb_mips_top/MIPS_Top_Level_Desgin/Instruction_Memory/).
at 546 ns(2): Note: should hit  INSTRUC (/tb_mips_top/MIPS_Top_Level_Desgin/Instruction_Memory/).
at 548 ns(2): Note: should hit  INSTRUC (/tb_mips_top/MIPS_Top_Level_Desgin/Instruction_Memory/).
at 550 ns(2): Note: should hit  INSTRUC (/tb_mips_top/MIPS_Top_Level_Desgin/Instruction_Memory/).
at 552 ns(2): Note: should hit  INSTRUC (/tb_mips_top/MIPS_Top_Level_Desgin/Instruction_Memory/).
at 554 ns(2): Note: should hit  INSTRUC (/tb_mips_top/MIPS_Top_Level_Desgin/Instruction_Memory/).
at 556 ns(2): Note: should hit  INSTRUC (/tb_mips_top/MIPS_Top_Level_Desgin/Instruction_Memory/).
at 558 ns(2): Note: should hit  INSTRUC (/tb_mips_top/MIPS_Top_Level_Desgin/Instruction_Memory/).
at 560 ns(2): Note: should hit  INSTRUC (/tb_mips_top/MIPS_Top_Level_Desgin/Instruction_Memory/).
at 562 ns(2): Note: should hit  INSTRUC (/tb_mips_top/MIPS_Top_Level_Desgin/Instruction_Memory/).
at 564 ns(2): Note: should hit  INSTRUC (/tb_mips_top/MIPS_Top_Level_Desgin/Instruction_Memory/).
at 566 ns(2): Note: should hit  INSTRUC (/tb_mips_top/MIPS_Top_Level_Desgin/Instruction_Memory/).
at 568 ns(2): Note: should hit  INSTRUC (/tb_mips_top/MIPS_Top_Level_Desgin/Instruction_Memory/).
at 570 ns(2): Note: should hit  INSTRUC (/tb_mips_top/MIPS_Top_Level_Desgin/Instruction_Memory/).
at 572 ns(2): Note: should hit  INSTRUC (/tb_mips_top/MIPS_Top_Level_Desgin/Instruction_Memory/).
at 574 ns(2): Note: should hit  INSTRUC (/tb_mips_top/MIPS_Top_Level_Desgin/Instruction_Memory/).
at 576 ns(2): Note: should hit  INSTRUC (/tb_mips_top/MIPS_Top_Level_Desgin/Instruction_Memory/).
at 578 ns(2): Note: should hit  INSTRUC (/tb_mips_top/MIPS_Top_Level_Desgin/Instruction_Memory/).
at 580 ns(2): Note: should hit  INSTRUC (/tb_mips_top/MIPS_Top_Level_Desgin/Instruction_Memory/).
at 582 ns(2): Note: should hit  INSTRUC (/tb_mips_top/MIPS_Top_Level_Desgin/Instruction_Memory/).
at 584 ns(2): Note: should hit  INSTRUC (/tb_mips_top/MIPS_Top_Level_Desgin/Instruction_Memory/).
at 586 ns(2): Note: should hit  INSTRUC (/tb_mips_top/MIPS_Top_Level_Desgin/Instruction_Memory/).
at 588 ns(2): Note: should hit  INSTRUC (/tb_mips_top/MIPS_Top_Level_Desgin/Instruction_Memory/).
at 590 ns(2): Note: should hit  INSTRUC (/tb_mips_top/MIPS_Top_Level_Desgin/Instruction_Memory/).
at 592 ns(2): Note: should hit  INSTRUC (/tb_mips_top/MIPS_Top_Level_Desgin/Instruction_Memory/).
at 594 ns(2): Note: should hit  INSTRUC (/tb_mips_top/MIPS_Top_Level_Desgin/Instruction_Memory/).
at 596 ns(2): Note: should hit  INSTRUC (/tb_mips_top/MIPS_Top_Level_Desgin/Instruction_Memory/).
at 598 ns(2): Note: should hit  INSTRUC (/tb_mips_top/MIPS_Top_Level_Desgin/Instruction_Memory/).
at 600 ns(2): Note: should hit  INSTRUC (/tb_mips_top/MIPS_Top_Level_Desgin/Instruction_Memory/).
at 602 ns(2): Note: should hit  INSTRUC (/tb_mips_top/MIPS_Top_Level_Desgin/Instruction_Memory/).
at 604 ns(2): Note: should hit  INSTRUC (/tb_mips_top/MIPS_Top_Level_Desgin/Instruction_Memory/).
at 606 ns(2): Note: should hit  INSTRUC (/tb_mips_top/MIPS_Top_Level_Desgin/Instruction_Memory/).
at 608 ns(2): Note: should hit  INSTRUC (/tb_mips_top/MIPS_Top_Level_Desgin/Instruction_Memory/).
at 610 ns(2): Note: should hit  INSTRUC (/tb_mips_top/MIPS_Top_Level_Desgin/Instruction_Memory/).
at 612 ns(2): Note: should hit  INSTRUC (/tb_mips_top/MIPS_Top_Level_Desgin/Instruction_Memory/).
at 614 ns(2): Note: should hit  INSTRUC (/tb_mips_top/MIPS_Top_Level_Desgin/Instruction_Memory/).
at 616 ns(2): Note: should hit  INSTRUC (/tb_mips_top/MIPS_Top_Level_Desgin/Instruction_Memory/).
at 618 ns(2): Note: should hit  INSTRUC (/tb_mips_top/MIPS_Top_Level_Desgin/Instruction_Memory/).
at 620 ns(2): Note: should hit  INSTRUC (/tb_mips_top/MIPS_Top_Level_Desgin/Instruction_Memory/).
at 622 ns(2): Note: should hit  INSTRUC (/tb_mips_top/MIPS_Top_Level_Desgin/Instruction_Memory/).
at 624 ns(2): Note: should hit  INSTRUC (/tb_mips_top/MIPS_Top_Level_Desgin/Instruction_Memory/).
at 626 ns(2): Note: should hit  INSTRUC (/tb_mips_top/MIPS_Top_Level_Desgin/Instruction_Memory/).
at 628 ns(2): Note: should hit  INSTRUC (/tb_mips_top/MIPS_Top_Level_Desgin/Instruction_Memory/).
at 630 ns(2): Note: should hit  INSTRUC (/tb_mips_top/MIPS_Top_Level_Desgin/Instruction_Memory/).
at 632 ns(2): Note: should hit  INSTRUC (/tb_mips_top/MIPS_Top_Level_Desgin/Instruction_Memory/).
at 634 ns(2): Note: should hit  INSTRUC (/tb_mips_top/MIPS_Top_Level_Desgin/Instruction_Memory/).
at 636 ns(2): Note: should hit  INSTRUC (/tb_mips_top/MIPS_Top_Level_Desgin/Instruction_Memory/).
at 638 ns(2): Note: should hit  INSTRUC (/tb_mips_top/MIPS_Top_Level_Desgin/Instruction_Memory/).
at 640 ns(2): Note: should hit  INSTRUC (/tb_mips_top/MIPS_Top_Level_Desgin/Instruction_Memory/).
at 642 ns(2): Note: should hit  INSTRUC (/tb_mips_top/MIPS_Top_Level_Desgin/Instruction_Memory/).
at 644 ns(2): Note: should hit  INSTRUC (/tb_mips_top/MIPS_Top_Level_Desgin/Instruction_Memory/).
at 646 ns(2): Note: should hit  INSTRUC (/tb_mips_top/MIPS_Top_Level_Desgin/Instruction_Memory/).
at 648 ns(2): Note: should hit  INSTRUC (/tb_mips_top/MIPS_Top_Level_Desgin/Instruction_Memory/).
at 650 ns(2): Note: should hit  INSTRUC (/tb_mips_top/MIPS_Top_Level_Desgin/Instruction_Memory/).
at 652 ns(2): Note: should hit  INSTRUC (/tb_mips_top/MIPS_Top_Level_Desgin/Instruction_Memory/).
at 654 ns(2): Note: should hit  INSTRUC (/tb_mips_top/MIPS_Top_Level_Desgin/Instruction_Memory/).
at 656 ns(2): Note: should hit  INSTRUC (/tb_mips_top/MIPS_Top_Level_Desgin/Instruction_Memory/).
at 658 ns(2): Note: should hit  INSTRUC (/tb_mips_top/MIPS_Top_Level_Desgin/Instruction_Memory/).
at 660 ns(2): Note: should hit  INSTRUC (/tb_mips_top/MIPS_Top_Level_Desgin/Instruction_Memory/).
at 662 ns(2): Note: should hit  INSTRUC (/tb_mips_top/MIPS_Top_Level_Desgin/Instruction_Memory/).
at 664 ns(2): Note: should hit  INSTRUC (/tb_mips_top/MIPS_Top_Level_Desgin/Instruction_Memory/).
at 666 ns(2): Note: should hit  INSTRUC (/tb_mips_top/MIPS_Top_Level_Desgin/Instruction_Memory/).
at 668 ns(2): Note: should hit  INSTRUC (/tb_mips_top/MIPS_Top_Level_Desgin/Instruction_Memory/).
at 670 ns(2): Note: should hit  INSTRUC (/tb_mips_top/MIPS_Top_Level_Desgin/Instruction_Memory/).
at 672 ns(2): Note: should hit  INSTRUC (/tb_mips_top/MIPS_Top_Level_Desgin/Instruction_Memory/).
at 674 ns(2): Note: should hit  INSTRUC (/tb_mips_top/MIPS_Top_Level_Desgin/Instruction_Memory/).
at 676 ns(2): Note: should hit  INSTRUC (/tb_mips_top/MIPS_Top_Level_Desgin/Instruction_Memory/).
at 678 ns(2): Note: should hit  INSTRUC (/tb_mips_top/MIPS_Top_Level_Desgin/Instruction_Memory/).
at 680 ns(2): Note: should hit  INSTRUC (/tb_mips_top/MIPS_Top_Level_Desgin/Instruction_Memory/).
at 682 ns(2): Note: should hit  INSTRUC (/tb_mips_top/MIPS_Top_Level_Desgin/Instruction_Memory/).
at 684 ns(2): Note: should hit  INSTRUC (/tb_mips_top/MIPS_Top_Level_Desgin/Instruction_Memory/).
at 686 ns(2): Note: should hit  INSTRUC (/tb_mips_top/MIPS_Top_Level_Desgin/Instruction_Memory/).
at 688 ns(2): Note: should hit  INSTRUC (/tb_mips_top/MIPS_Top_Level_Desgin/Instruction_Memory/).
at 690 ns(2): Note: should hit  INSTRUC (/tb_mips_top/MIPS_Top_Level_Desgin/Instruction_Memory/).
at 692 ns(2): Note: should hit  INSTRUC (/tb_mips_top/MIPS_Top_Level_Desgin/Instruction_Memory/).
at 694 ns(2): Note: should hit  INSTRUC (/tb_mips_top/MIPS_Top_Level_Desgin/Instruction_Memory/).
at 696 ns(2): Note: should hit  INSTRUC (/tb_mips_top/MIPS_Top_Level_Desgin/Instruction_Memory/).
at 698 ns(2): Note: should hit  INSTRUC (/tb_mips_top/MIPS_Top_Level_Desgin/Instruction_Memory/).
at 700 ns(2): Note: should hit  INSTRUC (/tb_mips_top/MIPS_Top_Level_Desgin/Instruction_Memory/).
at 702 ns(2): Note: should hit  INSTRUC (/tb_mips_top/MIPS_Top_Level_Desgin/Instruction_Memory/).
at 704 ns(2): Note: should hit  INSTRUC (/tb_mips_top/MIPS_Top_Level_Desgin/Instruction_Memory/).
at 706 ns(2): Note: should hit  INSTRUC (/tb_mips_top/MIPS_Top_Level_Desgin/Instruction_Memory/).
at 708 ns(2): Note: should hit  INSTRUC (/tb_mips_top/MIPS_Top_Level_Desgin/Instruction_Memory/).
at 710 ns(2): Note: should hit  INSTRUC (/tb_mips_top/MIPS_Top_Level_Desgin/Instruction_Memory/).
at 712 ns(2): Note: should hit  INSTRUC (/tb_mips_top/MIPS_Top_Level_Desgin/Instruction_Memory/).
at 714 ns(2): Note: should hit  INSTRUC (/tb_mips_top/MIPS_Top_Level_Desgin/Instruction_Memory/).
at 716 ns(2): Note: should hit  INSTRUC (/tb_mips_top/MIPS_Top_Level_Desgin/Instruction_Memory/).
at 718 ns(2): Note: should hit  INSTRUC (/tb_mips_top/MIPS_Top_Level_Desgin/Instruction_Memory/).
at 720 ns(2): Note: should hit  INSTRUC (/tb_mips_top/MIPS_Top_Level_Desgin/Instruction_Memory/).
at 722 ns(2): Note: should hit  INSTRUC (/tb_mips_top/MIPS_Top_Level_Desgin/Instruction_Memory/).
at 724 ns(2): Note: should hit  INSTRUC (/tb_mips_top/MIPS_Top_Level_Desgin/Instruction_Memory/).
at 726 ns(2): Note: should hit  INSTRUC (/tb_mips_top/MIPS_Top_Level_Desgin/Instruction_Memory/).
at 728 ns(2): Note: should hit  INSTRUC (/tb_mips_top/MIPS_Top_Level_Desgin/Instruction_Memory/).
at 730 ns(2): Note: should hit  INSTRUC (/tb_mips_top/MIPS_Top_Level_Desgin/Instruction_Memory/).
at 732 ns(2): Note: should hit  INSTRUC (/tb_mips_top/MIPS_Top_Level_Desgin/Instruction_Memory/).
at 734 ns(2): Note: should hit  INSTRUC (/tb_mips_top/MIPS_Top_Level_Desgin/Instruction_Memory/).
at 736 ns(2): Note: should hit  INSTRUC (/tb_mips_top/MIPS_Top_Level_Desgin/Instruction_Memory/).
at 738 ns(2): Note: should hit  INSTRUC (/tb_mips_top/MIPS_Top_Level_Desgin/Instruction_Memory/).
at 740 ns(2): Note: should hit  INSTRUC (/tb_mips_top/MIPS_Top_Level_Desgin/Instruction_Memory/).
at 742 ns(2): Note: should hit  INSTRUC (/tb_mips_top/MIPS_Top_Level_Desgin/Instruction_Memory/).
at 744 ns(2): Note: should hit  INSTRUC (/tb_mips_top/MIPS_Top_Level_Desgin/Instruction_Memory/).
at 746 ns(2): Note: should hit  INSTRUC (/tb_mips_top/MIPS_Top_Level_Desgin/Instruction_Memory/).
at 748 ns(2): Note: should hit  INSTRUC (/tb_mips_top/MIPS_Top_Level_Desgin/Instruction_Memory/).
at 750 ns(2): Note: should hit  INSTRUC (/tb_mips_top/MIPS_Top_Level_Desgin/Instruction_Memory/).
at 752 ns(2): Note: should hit  INSTRUC (/tb_mips_top/MIPS_Top_Level_Desgin/Instruction_Memory/).
at 754 ns(2): Note: should hit  INSTRUC (/tb_mips_top/MIPS_Top_Level_Desgin/Instruction_Memory/).
at 756 ns(2): Note: should hit  INSTRUC (/tb_mips_top/MIPS_Top_Level_Desgin/Instruction_Memory/).
at 758 ns(2): Note: should hit  INSTRUC (/tb_mips_top/MIPS_Top_Level_Desgin/Instruction_Memory/).
at 760 ns(2): Note: should hit  INSTRUC (/tb_mips_top/MIPS_Top_Level_Desgin/Instruction_Memory/).
at 762 ns(2): Note: should hit  INSTRUC (/tb_mips_top/MIPS_Top_Level_Desgin/Instruction_Memory/).
at 764 ns(2): Note: should hit  INSTRUC (/tb_mips_top/MIPS_Top_Level_Desgin/Instruction_Memory/).
at 766 ns(2): Note: should hit  INSTRUC (/tb_mips_top/MIPS_Top_Level_Desgin/Instruction_Memory/).
at 768 ns(2): Note: should hit  INSTRUC (/tb_mips_top/MIPS_Top_Level_Desgin/Instruction_Memory/).
at 770 ns(2): Note: should hit  INSTRUC (/tb_mips_top/MIPS_Top_Level_Desgin/Instruction_Memory/).
at 772 ns(2): Note: should hit  INSTRUC (/tb_mips_top/MIPS_Top_Level_Desgin/Instruction_Memory/).
at 774 ns(2): Note: should hit  INSTRUC (/tb_mips_top/MIPS_Top_Level_Desgin/Instruction_Memory/).
at 776 ns(2): Note: should hit  INSTRUC (/tb_mips_top/MIPS_Top_Level_Desgin/Instruction_Memory/).
at 778 ns(2): Note: should hit  INSTRUC (/tb_mips_top/MIPS_Top_Level_Desgin/Instruction_Memory/).
at 780 ns(2): Note: should hit  INSTRUC (/tb_mips_top/MIPS_Top_Level_Desgin/Instruction_Memory/).
at 782 ns(2): Note: should hit  INSTRUC (/tb_mips_top/MIPS_Top_Level_Desgin/Instruction_Memory/).
at 784 ns(2): Note: should hit  INSTRUC (/tb_mips_top/MIPS_Top_Level_Desgin/Instruction_Memory/).
at 786 ns(2): Note: should hit  INSTRUC (/tb_mips_top/MIPS_Top_Level_Desgin/Instruction_Memory/).
at 788 ns(2): Note: should hit  INSTRUC (/tb_mips_top/MIPS_Top_Level_Desgin/Instruction_Memory/).
at 790 ns(2): Note: should hit  INSTRUC (/tb_mips_top/MIPS_Top_Level_Desgin/Instruction_Memory/).
at 792 ns(2): Note: should hit  INSTRUC (/tb_mips_top/MIPS_Top_Level_Desgin/Instruction_Memory/).
at 794 ns(2): Note: should hit  INSTRUC (/tb_mips_top/MIPS_Top_Level_Desgin/Instruction_Memory/).
at 796 ns(2): Note: should hit  INSTRUC (/tb_mips_top/MIPS_Top_Level_Desgin/Instruction_Memory/).
at 798 ns(2): Note: should hit  INSTRUC (/tb_mips_top/MIPS_Top_Level_Desgin/Instruction_Memory/).
at 800 ns(2): Note: should hit  INSTRUC (/tb_mips_top/MIPS_Top_Level_Desgin/Instruction_Memory/).
at 802 ns(2): Note: should hit  INSTRUC (/tb_mips_top/MIPS_Top_Level_Desgin/Instruction_Memory/).
at 804 ns(2): Note: should hit  INSTRUC (/tb_mips_top/MIPS_Top_Level_Desgin/Instruction_Memory/).
at 806 ns(2): Note: should hit  INSTRUC (/tb_mips_top/MIPS_Top_Level_Desgin/Instruction_Memory/).
at 808 ns(2): Note: should hit  INSTRUC (/tb_mips_top/MIPS_Top_Level_Desgin/Instruction_Memory/).
at 810 ns(2): Note: should hit  INSTRUC (/tb_mips_top/MIPS_Top_Level_Desgin/Instruction_Memory/).
at 812 ns(2): Note: should hit  INSTRUC (/tb_mips_top/MIPS_Top_Level_Desgin/Instruction_Memory/).
at 814 ns(2): Note: should hit  INSTRUC (/tb_mips_top/MIPS_Top_Level_Desgin/Instruction_Memory/).
at 816 ns(2): Note: should hit  INSTRUC (/tb_mips_top/MIPS_Top_Level_Desgin/Instruction_Memory/).
at 818 ns(2): Note: should hit  INSTRUC (/tb_mips_top/MIPS_Top_Level_Desgin/Instruction_Memory/).
at 820 ns(2): Note: should hit  INSTRUC (/tb_mips_top/MIPS_Top_Level_Desgin/Instruction_Memory/).
at 822 ns(2): Note: should hit  INSTRUC (/tb_mips_top/MIPS_Top_Level_Desgin/Instruction_Memory/).
at 824 ns(2): Note: should hit  INSTRUC (/tb_mips_top/MIPS_Top_Level_Desgin/Instruction_Memory/).
at 826 ns(2): Note: should hit  INSTRUC (/tb_mips_top/MIPS_Top_Level_Desgin/Instruction_Memory/).
at 828 ns(2): Note: should hit  INSTRUC (/tb_mips_top/MIPS_Top_Level_Desgin/Instruction_Memory/).
at 830 ns(2): Note: should hit  INSTRUC (/tb_mips_top/MIPS_Top_Level_Desgin/Instruction_Memory/).
at 832 ns(2): Note: should hit  INSTRUC (/tb_mips_top/MIPS_Top_Level_Desgin/Instruction_Memory/).
at 834 ns(2): Note: should hit  INSTRUC (/tb_mips_top/MIPS_Top_Level_Desgin/Instruction_Memory/).
at 836 ns(2): Note: should hit  INSTRUC (/tb_mips_top/MIPS_Top_Level_Desgin/Instruction_Memory/).
at 838 ns(2): Note: should hit  INSTRUC (/tb_mips_top/MIPS_Top_Level_Desgin/Instruction_Memory/).
at 840 ns(2): Note: should hit  INSTRUC (/tb_mips_top/MIPS_Top_Level_Desgin/Instruction_Memory/).
at 842 ns(2): Note: should hit  INSTRUC (/tb_mips_top/MIPS_Top_Level_Desgin/Instruction_Memory/).
at 844 ns(2): Note: should hit  INSTRUC (/tb_mips_top/MIPS_Top_Level_Desgin/Instruction_Memory/).
at 846 ns(2): Note: should hit  INSTRUC (/tb_mips_top/MIPS_Top_Level_Desgin/Instruction_Memory/).
at 848 ns(2): Note: should hit  INSTRUC (/tb_mips_top/MIPS_Top_Level_Desgin/Instruction_Memory/).
at 850 ns(2): Note: should hit  INSTRUC (/tb_mips_top/MIPS_Top_Level_Desgin/Instruction_Memory/).
at 852 ns(2): Note: should hit  INSTRUC (/tb_mips_top/MIPS_Top_Level_Desgin/Instruction_Memory/).
at 854 ns(2): Note: should hit  INSTRUC (/tb_mips_top/MIPS_Top_Level_Desgin/Instruction_Memory/).
at 856 ns(2): Note: should hit  INSTRUC (/tb_mips_top/MIPS_Top_Level_Desgin/Instruction_Memory/).
at 858 ns(2): Note: should hit  INSTRUC (/tb_mips_top/MIPS_Top_Level_Desgin/Instruction_Memory/).
at 860 ns(2): Note: should hit  INSTRUC (/tb_mips_top/MIPS_Top_Level_Desgin/Instruction_Memory/).
at 862 ns(2): Note: should hit  INSTRUC (/tb_mips_top/MIPS_Top_Level_Desgin/Instruction_Memory/).
at 864 ns(2): Note: should hit  INSTRUC (/tb_mips_top/MIPS_Top_Level_Desgin/Instruction_Memory/).
at 866 ns(2): Note: should hit  INSTRUC (/tb_mips_top/MIPS_Top_Level_Desgin/Instruction_Memory/).
at 868 ns(2): Note: should hit  INSTRUC (/tb_mips_top/MIPS_Top_Level_Desgin/Instruction_Memory/).
at 870 ns(2): Note: should hit  INSTRUC (/tb_mips_top/MIPS_Top_Level_Desgin/Instruction_Memory/).
at 872 ns(2): Note: should hit  INSTRUC (/tb_mips_top/MIPS_Top_Level_Desgin/Instruction_Memory/).
at 874 ns(2): Note: should hit  INSTRUC (/tb_mips_top/MIPS_Top_Level_Desgin/Instruction_Memory/).
at 876 ns(2): Note: should hit  INSTRUC (/tb_mips_top/MIPS_Top_Level_Desgin/Instruction_Memory/).
at 878 ns(2): Note: should hit  INSTRUC (/tb_mips_top/MIPS_Top_Level_Desgin/Instruction_Memory/).
at 880 ns(2): Note: should hit  INSTRUC (/tb_mips_top/MIPS_Top_Level_Desgin/Instruction_Memory/).
at 882 ns(2): Note: should hit  INSTRUC (/tb_mips_top/MIPS_Top_Level_Desgin/Instruction_Memory/).
at 884 ns(2): Note: should hit  INSTRUC (/tb_mips_top/MIPS_Top_Level_Desgin/Instruction_Memory/).
at 886 ns(2): Note: should hit  INSTRUC (/tb_mips_top/MIPS_Top_Level_Desgin/Instruction_Memory/).
at 888 ns(2): Note: should hit  INSTRUC (/tb_mips_top/MIPS_Top_Level_Desgin/Instruction_Memory/).
at 890 ns(2): Note: should hit  INSTRUC (/tb_mips_top/MIPS_Top_Level_Desgin/Instruction_Memory/).
at 892 ns(2): Note: should hit  INSTRUC (/tb_mips_top/MIPS_Top_Level_Desgin/Instruction_Memory/).
at 894 ns(2): Note: should hit  INSTRUC (/tb_mips_top/MIPS_Top_Level_Desgin/Instruction_Memory/).
at 896 ns(2): Note: should hit  INSTRUC (/tb_mips_top/MIPS_Top_Level_Desgin/Instruction_Memory/).
at 898 ns(2): Note: should hit  INSTRUC (/tb_mips_top/MIPS_Top_Level_Desgin/Instruction_Memory/).
at 900 ns(2): Note: should hit  INSTRUC (/tb_mips_top/MIPS_Top_Level_Desgin/Instruction_Memory/).
at 902 ns(2): Note: should hit  INSTRUC (/tb_mips_top/MIPS_Top_Level_Desgin/Instruction_Memory/).
at 904 ns(2): Note: should hit  INSTRUC (/tb_mips_top/MIPS_Top_Level_Desgin/Instruction_Memory/).
at 906 ns(2): Note: should hit  INSTRUC (/tb_mips_top/MIPS_Top_Level_Desgin/Instruction_Memory/).
at 908 ns(2): Note: should hit  INSTRUC (/tb_mips_top/MIPS_Top_Level_Desgin/Instruction_Memory/).
at 910 ns(2): Note: should hit  INSTRUC (/tb_mips_top/MIPS_Top_Level_Desgin/Instruction_Memory/).
at 912 ns(2): Note: should hit  INSTRUC (/tb_mips_top/MIPS_Top_Level_Desgin/Instruction_Memory/).
at 914 ns(2): Note: should hit  INSTRUC (/tb_mips_top/MIPS_Top_Level_Desgin/Instruction_Memory/).
at 916 ns(2): Note: should hit  INSTRUC (/tb_mips_top/MIPS_Top_Level_Desgin/Instruction_Memory/).
at 918 ns(2): Note: should hit  INSTRUC (/tb_mips_top/MIPS_Top_Level_Desgin/Instruction_Memory/).
at 920 ns(2): Note: should hit  INSTRUC (/tb_mips_top/MIPS_Top_Level_Desgin/Instruction_Memory/).
at 922 ns(2): Note: should hit  INSTRUC (/tb_mips_top/MIPS_Top_Level_Desgin/Instruction_Memory/).
at 924 ns(2): Note: should hit  INSTRUC (/tb_mips_top/MIPS_Top_Level_Desgin/Instruction_Memory/).
at 926 ns(2): Note: should hit  INSTRUC (/tb_mips_top/MIPS_Top_Level_Desgin/Instruction_Memory/).
at 928 ns(2): Note: should hit  INSTRUC (/tb_mips_top/MIPS_Top_Level_Desgin/Instruction_Memory/).
at 930 ns(2): Note: should hit  INSTRUC (/tb_mips_top/MIPS_Top_Level_Desgin/Instruction_Memory/).
at 932 ns(2): Note: should hit  INSTRUC (/tb_mips_top/MIPS_Top_Level_Desgin/Instruction_Memory/).
at 934 ns(2): Note: should hit  INSTRUC (/tb_mips_top/MIPS_Top_Level_Desgin/Instruction_Memory/).
at 936 ns(2): Note: should hit  INSTRUC (/tb_mips_top/MIPS_Top_Level_Desgin/Instruction_Memory/).
at 938 ns(2): Note: should hit  INSTRUC (/tb_mips_top/MIPS_Top_Level_Desgin/Instruction_Memory/).
at 940 ns(2): Note: should hit  INSTRUC (/tb_mips_top/MIPS_Top_Level_Desgin/Instruction_Memory/).
at 942 ns(2): Note: should hit  INSTRUC (/tb_mips_top/MIPS_Top_Level_Desgin/Instruction_Memory/).
at 944 ns(2): Note: should hit  INSTRUC (/tb_mips_top/MIPS_Top_Level_Desgin/Instruction_Memory/).
at 946 ns(2): Note: should hit  INSTRUC (/tb_mips_top/MIPS_Top_Level_Desgin/Instruction_Memory/).
at 948 ns(2): Note: should hit  INSTRUC (/tb_mips_top/MIPS_Top_Level_Desgin/Instruction_Memory/).
at 950 ns(2): Note: should hit  INSTRUC (/tb_mips_top/MIPS_Top_Level_Desgin/Instruction_Memory/).
at 952 ns(2): Note: should hit  INSTRUC (/tb_mips_top/MIPS_Top_Level_Desgin/Instruction_Memory/).
at 954 ns(2): Note: should hit  INSTRUC (/tb_mips_top/MIPS_Top_Level_Desgin/Instruction_Memory/).
at 956 ns(2): Note: should hit  INSTRUC (/tb_mips_top/MIPS_Top_Level_Desgin/Instruction_Memory/).
at 958 ns(2): Note: should hit  INSTRUC (/tb_mips_top/MIPS_Top_Level_Desgin/Instruction_Memory/).
at 960 ns(2): Note: should hit  INSTRUC (/tb_mips_top/MIPS_Top_Level_Desgin/Instruction_Memory/).
at 962 ns(2): Note: should hit  INSTRUC (/tb_mips_top/MIPS_Top_Level_Desgin/Instruction_Memory/).
at 964 ns(2): Note: should hit  INSTRUC (/tb_mips_top/MIPS_Top_Level_Desgin/Instruction_Memory/).
at 966 ns(2): Note: should hit  INSTRUC (/tb_mips_top/MIPS_Top_Level_Desgin/Instruction_Memory/).
at 968 ns(2): Note: should hit  INSTRUC (/tb_mips_top/MIPS_Top_Level_Desgin/Instruction_Memory/).
at 970 ns(2): Note: should hit  INSTRUC (/tb_mips_top/MIPS_Top_Level_Desgin/Instruction_Memory/).
at 972 ns(2): Note: should hit  INSTRUC (/tb_mips_top/MIPS_Top_Level_Desgin/Instruction_Memory/).
at 974 ns(2): Note: should hit  INSTRUC (/tb_mips_top/MIPS_Top_Level_Desgin/Instruction_Memory/).
at 976 ns(2): Note: should hit  INSTRUC (/tb_mips_top/MIPS_Top_Level_Desgin/Instruction_Memory/).
at 978 ns(2): Note: should hit  INSTRUC (/tb_mips_top/MIPS_Top_Level_Desgin/Instruction_Memory/).
at 980 ns(2): Note: should hit  INSTRUC (/tb_mips_top/MIPS_Top_Level_Desgin/Instruction_Memory/).
at 982 ns(2): Note: should hit  INSTRUC (/tb_mips_top/MIPS_Top_Level_Desgin/Instruction_Memory/).
at 984 ns(2): Note: should hit  INSTRUC (/tb_mips_top/MIPS_Top_Level_Desgin/Instruction_Memory/).
at 986 ns(2): Note: should hit  INSTRUC (/tb_mips_top/MIPS_Top_Level_Desgin/Instruction_Memory/).
at 988 ns(2): Note: should hit  INSTRUC (/tb_mips_top/MIPS_Top_Level_Desgin/Instruction_Memory/).
at 990 ns(2): Note: should hit  INSTRUC (/tb_mips_top/MIPS_Top_Level_Desgin/Instruction_Memory/).
at 992 ns(2): Note: should hit  INSTRUC (/tb_mips_top/MIPS_Top_Level_Desgin/Instruction_Memory/).
at 994 ns(2): Note: should hit  INSTRUC (/tb_mips_top/MIPS_Top_Level_Desgin/Instruction_Memory/).
at 996 ns(2): Note: should hit  INSTRUC (/tb_mips_top/MIPS_Top_Level_Desgin/Instruction_Memory/).
at 998 ns(2): Note: should hit  INSTRUC (/tb_mips_top/MIPS_Top_Level_Desgin/Instruction_Memory/).
at 1 us(2): Note: should hit  INSTRUC (/tb_mips_top/MIPS_Top_Level_Desgin/Instruction_Memory/).
