Running: C:\Xilinx\14.4\ISE_DS\ISE\bin\nt64\unwrapped\fuse.exe -intstyle ise -incremental -lib secureip -o F:/ECE.CLASSES/ECE 443/Screeen/scrn_tb_isim_beh.exe -prj F:/ECE.CLASSES/ECE 443/Screeen/scrn_tb_beh.prj work.scrn_tb 
ISim P.49d (signature 0x7708f090)
Number of CPUs detected in this system: 4
Turning on mult-threading, number of parallel sub-compilation jobs: 8 
Determining compilation order of HDL files
Parsing VHDL file "F:/ECE.CLASSES/ECE 443/Screeen/SCRN.vhd" into library work
Parsing VHDL file "F:/ECE.CLASSES/ECE 443/Screeen/scrn_tb.vhd" into library work
Starting static elaboration
Completed static elaboration
Compiling package standard
Compiling package std_logic_1164
Compiling package std_logic_arith
Compiling package std_logic_unsigned
Compiling package numeric_std
Compiling architecture behavioral of entity SCRN [scrn_default]
Compiling architecture behavior of entity scrn_tb
Time Resolution for simulation is 1ps.
Compiled 8 VHDL Units
Built simulation executable F:/ECE.CLASSES/ECE 443/Screeen/scrn_tb_isim_beh.exe
Fuse Memory Usage: 42908 KB
Fuse CPU Usage: 1809 ms
