--------------------------------------------------------------------------------
Release 14.6 Trace  (lin64)
Copyright (c) 1995-2013 Xilinx, Inc.  All rights reserved.

/home/rapture/Desktop/14.6/ISE_DS/ISE/bin/lin64/unwrapped/trce -intstyle ise -v
3 -s 3 -n 3 -fastpaths -xml SCREEN.twx SCREEN.ncd -o SCREEN.twr SCREEN.pcf -ucf
MOD_MAST.ucf

Design file:              SCREEN.ncd
Physical constraint file: SCREEN.pcf
Device,package,speed:     xc6slx16,csg324,C,-3 (PRODUCTION 1.23 2013-06-08)
Report level:             verbose report

Environment Variable      Effect 
--------------------      ------ 
NONE                      No environment variables were set
--------------------------------------------------------------------------------

INFO:Timing:3412 - To improve timing, see the Timing Closure User Guide (UG612).
INFO:Timing:2752 - To get complete path coverage, use the unconstrained paths 
   option. All paths that are not constrained will be reported in the 
   unconstrained paths section(s) of the report.
INFO:Timing:3339 - The clock-to-out numbers in this timing report are based on 
   a 50 Ohm transmission line loading model.  For the details of this model, 
   and for more information on accounting for different loading conditions, 
   please see the device datasheet.

================================================================================
Timing constraint: TS_sys_clk_pin = PERIOD TIMEGRP "sys_clk_pin" 100 MHz HIGH 
50%;
For more information, see Period Analysis in the Timing Closure User Guide (UG612).

 3 paths analyzed, 3 endpoints analyzed, 0 failing endpoints
 0 timing errors detected. (0 setup errors, 0 hold errors, 0 component switching limit errors)
 Minimum period is   1.730ns.
--------------------------------------------------------------------------------

Paths for end point DIV_1 (SLICE_X18Y31.B2), 1 path
--------------------------------------------------------------------------------
Slack (setup path):     8.770ns (requirement - (data path - clock path skew + uncertainty))
  Source:               DIV_0 (FF)
  Destination:          DIV_1 (FF)
  Requirement:          10.000ns
  Data Path Delay:      1.195ns (Levels of Logic = 1)
  Clock Path Skew:      0.000ns
  Source Clock:         CLOCK_BUFGP rising at 0.000ns
  Destination Clock:    CLOCK_BUFGP rising at 10.000ns
  Clock Uncertainty:    0.035ns

  Clock Uncertainty:          0.035ns  ((TSJ^2 + TIJ^2)^1/2 + DJ) / 2 + PE
    Total System Jitter (TSJ):  0.070ns
    Total Input Jitter (TIJ):   0.000ns
    Discrete Jitter (DJ):       0.000ns
    Phase Error (PE):           0.000ns

  Maximum Data Path at Slow Process Corner: DIV_0 to DIV_1
    Location             Delay type         Delay(ns)  Physical Resource
                                                       Logical Resource(s)
    -------------------------------------------------  -------------------
    SLICE_X18Y31.AQ      Tcko                  0.447   DIV<1>
                                                       DIV_0
    SLICE_X18Y31.B2      net (fanout=2)        0.459   DIV<0>
    SLICE_X18Y31.CLK     Tas                   0.289   DIV<1>
                                                       Mcount_DIV_xor<1>11
                                                       DIV_1
    -------------------------------------------------  ---------------------------
    Total                                      1.195ns (0.736ns logic, 0.459ns route)
                                                       (61.6% logic, 38.4% route)

--------------------------------------------------------------------------------

Paths for end point DIV_1 (SLICE_X18Y31.B5), 1 path
--------------------------------------------------------------------------------
Slack (setup path):     9.034ns (requirement - (data path - clock path skew + uncertainty))
  Source:               DIV_1 (FF)
  Destination:          DIV_1 (FF)
  Requirement:          10.000ns
  Data Path Delay:      0.931ns (Levels of Logic = 1)
  Clock Path Skew:      0.000ns
  Source Clock:         CLOCK_BUFGP rising at 0.000ns
  Destination Clock:    CLOCK_BUFGP rising at 10.000ns
  Clock Uncertainty:    0.035ns

  Clock Uncertainty:          0.035ns  ((TSJ^2 + TIJ^2)^1/2 + DJ) / 2 + PE
    Total System Jitter (TSJ):  0.070ns
    Total Input Jitter (TIJ):   0.000ns
    Discrete Jitter (DJ):       0.000ns
    Phase Error (PE):           0.000ns

  Maximum Data Path at Slow Process Corner: DIV_1 to DIV_1
    Location             Delay type         Delay(ns)  Physical Resource
                                                       Logical Resource(s)
    -------------------------------------------------  -------------------
    SLICE_X18Y31.BQ      Tcko                  0.447   DIV<1>
                                                       DIV_1
    SLICE_X18Y31.B5      net (fanout=2)        0.195   DIV<1>
    SLICE_X18Y31.CLK     Tas                   0.289   DIV<1>
                                                       Mcount_DIV_xor<1>11
                                                       DIV_1
    -------------------------------------------------  ---------------------------
    Total                                      0.931ns (0.736ns logic, 0.195ns route)
                                                       (79.1% logic, 20.9% route)

--------------------------------------------------------------------------------

Paths for end point DIV_0 (SLICE_X18Y31.A6), 1 path
--------------------------------------------------------------------------------
Slack (setup path):     9.104ns (requirement - (data path - clock path skew + uncertainty))
  Source:               DIV_0 (FF)
  Destination:          DIV_0 (FF)
  Requirement:          10.000ns
  Data Path Delay:      0.861ns (Levels of Logic = 1)
  Clock Path Skew:      0.000ns
  Source Clock:         CLOCK_BUFGP rising at 0.000ns
  Destination Clock:    CLOCK_BUFGP rising at 10.000ns
  Clock Uncertainty:    0.035ns

  Clock Uncertainty:          0.035ns  ((TSJ^2 + TIJ^2)^1/2 + DJ) / 2 + PE
    Total System Jitter (TSJ):  0.070ns
    Total Input Jitter (TIJ):   0.000ns
    Discrete Jitter (DJ):       0.000ns
    Phase Error (PE):           0.000ns

  Maximum Data Path at Slow Process Corner: DIV_0 to DIV_0
    Location             Delay type         Delay(ns)  Physical Resource
                                                       Logical Resource(s)
    -------------------------------------------------  -------------------
    SLICE_X18Y31.AQ      Tcko                  0.447   DIV<1>
                                                       DIV_0
    SLICE_X18Y31.A6      net (fanout=2)        0.125   DIV<0>
    SLICE_X18Y31.CLK     Tas                   0.289   DIV<1>
                                                       Mcount_DIV_xor<0>11_INV_0
                                                       DIV_0
    -------------------------------------------------  ---------------------------
    Total                                      0.861ns (0.736ns logic, 0.125ns route)
                                                       (85.5% logic, 14.5% route)

--------------------------------------------------------------------------------

Hold Paths: TS_sys_clk_pin = PERIOD TIMEGRP "sys_clk_pin" 100 MHz HIGH 50%;
--------------------------------------------------------------------------------

Paths for end point DIV_0 (SLICE_X18Y31.A6), 1 path
--------------------------------------------------------------------------------
Slack (hold path):      0.454ns (requirement - (clock path skew + uncertainty - data path))
  Source:               DIV_0 (FF)
  Destination:          DIV_0 (FF)
  Requirement:          0.000ns
  Data Path Delay:      0.454ns (Levels of Logic = 1)
  Clock Path Skew:      0.000ns
  Source Clock:         CLOCK_BUFGP rising at 10.000ns
  Destination Clock:    CLOCK_BUFGP rising at 10.000ns
  Clock Uncertainty:    0.000ns

  Minimum Data Path at Fast Process Corner: DIV_0 to DIV_0
    Location             Delay type         Delay(ns)  Physical Resource
                                                       Logical Resource(s)
    -------------------------------------------------  -------------------
    SLICE_X18Y31.AQ      Tcko                  0.234   DIV<1>
                                                       DIV_0
    SLICE_X18Y31.A6      net (fanout=2)        0.023   DIV<0>
    SLICE_X18Y31.CLK     Tah         (-Th)    -0.197   DIV<1>
                                                       Mcount_DIV_xor<0>11_INV_0
                                                       DIV_0
    -------------------------------------------------  ---------------------------
    Total                                      0.454ns (0.431ns logic, 0.023ns route)
                                                       (94.9% logic, 5.1% route)

--------------------------------------------------------------------------------

Paths for end point DIV_1 (SLICE_X18Y31.B5), 1 path
--------------------------------------------------------------------------------
Slack (hold path):      0.497ns (requirement - (clock path skew + uncertainty - data path))
  Source:               DIV_1 (FF)
  Destination:          DIV_1 (FF)
  Requirement:          0.000ns
  Data Path Delay:      0.497ns (Levels of Logic = 1)
  Clock Path Skew:      0.000ns
  Source Clock:         CLOCK_BUFGP rising at 10.000ns
  Destination Clock:    CLOCK_BUFGP rising at 10.000ns
  Clock Uncertainty:    0.000ns

  Minimum Data Path at Fast Process Corner: DIV_1 to DIV_1
    Location             Delay type         Delay(ns)  Physical Resource
                                                       Logical Resource(s)
    -------------------------------------------------  -------------------
    SLICE_X18Y31.BQ      Tcko                  0.234   DIV<1>
                                                       DIV_1
    SLICE_X18Y31.B5      net (fanout=2)        0.066   DIV<1>
    SLICE_X18Y31.CLK     Tah         (-Th)    -0.197   DIV<1>
                                                       Mcount_DIV_xor<1>11
                                                       DIV_1
    -------------------------------------------------  ---------------------------
    Total                                      0.497ns (0.431ns logic, 0.066ns route)
                                                       (86.7% logic, 13.3% route)

--------------------------------------------------------------------------------

Paths for end point DIV_1 (SLICE_X18Y31.B2), 1 path
--------------------------------------------------------------------------------
Slack (hold path):      0.662ns (requirement - (clock path skew + uncertainty - data path))
  Source:               DIV_0 (FF)
  Destination:          DIV_1 (FF)
  Requirement:          0.000ns
  Data Path Delay:      0.662ns (Levels of Logic = 1)
  Clock Path Skew:      0.000ns
  Source Clock:         CLOCK_BUFGP rising at 10.000ns
  Destination Clock:    CLOCK_BUFGP rising at 10.000ns
  Clock Uncertainty:    0.000ns

  Minimum Data Path at Fast Process Corner: DIV_0 to DIV_1
    Location             Delay type         Delay(ns)  Physical Resource
                                                       Logical Resource(s)
    -------------------------------------------------  -------------------
    SLICE_X18Y31.AQ      Tcko                  0.234   DIV<1>
                                                       DIV_0
    SLICE_X18Y31.B2      net (fanout=2)        0.231   DIV<0>
    SLICE_X18Y31.CLK     Tah         (-Th)    -0.197   DIV<1>
                                                       Mcount_DIV_xor<1>11
                                                       DIV_1
    -------------------------------------------------  ---------------------------
    Total                                      0.662ns (0.431ns logic, 0.231ns route)
                                                       (65.1% logic, 34.9% route)

--------------------------------------------------------------------------------

Component Switching Limit Checks: TS_sys_clk_pin = PERIOD TIMEGRP "sys_clk_pin" 100 MHz HIGH 50%;
--------------------------------------------------------------------------------
Slack: 8.270ns (period - min period limit)
  Period: 10.000ns
  Min period limit: 1.730ns (578.035MHz) (Tbcper_I)
  Physical resource: CLOCK_BUFGP/BUFG/I0
  Logical resource: CLOCK_BUFGP/BUFG/I0
  Location pin: BUFGMUX_X3Y13.I0
  Clock network: CLOCK_BUFGP/IBUFG
--------------------------------------------------------------------------------
Slack: 9.595ns (period - min period limit)
  Period: 10.000ns
  Min period limit: 0.405ns (2469.136MHz) (Tcp)
  Physical resource: DIV<1>/CLK
  Logical resource: DIV_0/CK
  Location pin: SLICE_X18Y31.CLK
  Clock network: CLOCK_BUFGP
--------------------------------------------------------------------------------
Slack: 9.595ns (period - min period limit)
  Period: 10.000ns
  Min period limit: 0.405ns (2469.136MHz) (Tcp)
  Physical resource: DIV<1>/CLK
  Logical resource: DIV_1/CK
  Location pin: SLICE_X18Y31.CLK
  Clock network: CLOCK_BUFGP
--------------------------------------------------------------------------------


All constraints were met.


Data Sheet report:
-----------------
All values displayed in nanoseconds (ns)

Clock to Setup on destination clock CLOCK
---------------+---------+---------+---------+---------+
               | Src:Rise| Src:Fall| Src:Rise| Src:Fall|
Source Clock   |Dest:Rise|Dest:Rise|Dest:Fall|Dest:Fall|
---------------+---------+---------+---------+---------+
CLOCK          |    1.230|         |         |         |
---------------+---------+---------+---------+---------+


Timing summary:
---------------

Timing errors: 0  Score: 0  (Setup/Max: 0, Hold: 0)

Constraints cover 3 paths, 0 nets, and 5 connections

Design statistics:
   Minimum period:   1.730ns{1}   (Maximum frequency: 578.035MHz)


------------------------------------Footnotes-----------------------------------
1)  The minimum period statistic assumes all single cycle delays.

Analysis completed Tue Oct 22 21:42:23 2013 
--------------------------------------------------------------------------------

Trace Settings:
-------------------------
Trace Settings 

Peak Memory Usage: 397 MB



