Release 13.1 - xst O.40d (nt)
Copyright (c) 1995-2011 Xilinx, Inc.  All rights reserved.
--> Parameter TMPDIR set to xst/projnav.tmp


Total REAL time to Xst completion: 0.00 secs
Total CPU time to Xst completion: 0.16 secs
 
--> Parameter xsthdpdir set to xst


Total REAL time to Xst completion: 0.00 secs
Total CPU time to Xst completion: 0.16 secs
 
--> Reading design: counter.prj

TABLE OF CONTENTS
  1) Synthesis Options Summary
  2) HDL Compilation
  3) Design Hierarchy Analysis
  4) HDL Analysis
  5) HDL Synthesis
     5.1) HDL Synthesis Report
  6) Advanced HDL Synthesis
     6.1) Advanced HDL Synthesis Report
  7) Low Level Synthesis
  8) Partition Report
  9) Final Report
	9.1) Device utilization summary
	9.2) Partition Resource Summary
	9.3) TIMING REPORT


=========================================================================
*                      Synthesis Options Summary                        *
=========================================================================
---- Source Parameters
Input File Name                    : "counter.prj"
Input Format                       : mixed
Ignore Synthesis Constraint File   : NO

---- Target Parameters
Output File Name                   : "counter"
Output Format                      : NGC
Target Device                      : xc3s500e-4-fg320

---- Source Options
Top Module Name                    : counter
Automatic FSM Extraction           : YES
FSM Encoding Algorithm             : Auto
Safe Implementation                : No
FSM Style                          : LUT
RAM Extraction                     : Yes
RAM Style                          : Auto
ROM Extraction                     : Yes
Mux Style                          : Auto
Decoder Extraction                 : YES
Priority Encoder Extraction        : Yes
Shift Register Extraction          : YES
Logical Shifter Extraction         : YES
XOR Collapsing                     : YES
ROM Style                          : Auto
Mux Extraction                     : Yes
Resource Sharing                   : YES
Asynchronous To Synchronous        : NO
Multiplier Style                   : Auto
Automatic Register Balancing       : No

---- Target Options
Add IO Buffers                     : YES
Global Maximum Fanout              : 500
Add Generic Clock Buffer(BUFG)     : 24
Register Duplication               : YES
Slice Packing                      : YES
Optimize Instantiated Primitives   : NO
Use Clock Enable                   : Yes
Use Synchronous Set                : Yes
Use Synchronous Reset              : Yes
Pack IO Registers into IOBs        : Auto
Equivalent register Removal        : YES

---- General Options
Optimization Goal                  : Speed
Optimization Effort                : 1
Keep Hierarchy                     : No
Netlist Hierarchy                  : As_Optimized
RTL Output                         : Yes
Global Optimization                : AllClockNets
Read Cores                         : YES
Write Timing Constraints           : NO
Cross Clock Analysis               : NO
Hierarchy Separator                : /
Bus Delimiter                      : <>
Case Specifier                     : Maintain
Slice Utilization Ratio            : 100
BRAM Utilization Ratio             : 100
Verilog 2001                       : YES
Auto BRAM Packing                  : NO
Slice Utilization Ratio Delta      : 5

=========================================================================


=========================================================================
*                          HDL Compilation                              *
=========================================================================
Compiling vhdl file "C:/Users/238user/Desktop/Steven/counter.vhd" in Library work.
Entity <counter> compiled.
Entity <counter> (Architecture <behavioral>) compiled.

=========================================================================
*                     Design Hierarchy Analysis                         *
=========================================================================
Analyzing hierarchy for entity <counter> in library <work> (architecture <behavioral>).


=========================================================================
*                            HDL Analysis                               *
=========================================================================
Analyzing Entity <counter> in library <work> (Architecture <behavioral>).
WARNING:Xst:819 - "C:/Users/238user/Desktop/Steven/counter.vhd" line 48: One or more signals are missing in the process sensitivity list. To enable synthesis of FPGA/CPLD hardware, XST will assume that all necessary signals are present in the sensitivity list. Please note that the result of the synthesis may differ from the initial design specification. The missing signals are:
   <temp_count>
Entity <counter> analyzed. Unit <counter> generated.


=========================================================================
*                           HDL Synthesis                               *
=========================================================================

Performing bidirectional port resolution...

Synthesizing Unit <counter>.
    Related source file is "C:/Users/238user/Desktop/Steven/counter.vhd".
    Found 8-bit updown counter for signal <temp_count>.
    Found 9-bit comparator greatequal for signal <temp_count$cmp_ge0000> created at line 59.
    Found 9-bit comparator greater for signal <temp_count$cmp_gt0000> created at line 61.
    Summary:
	inferred   1 Counter(s).
	inferred   2 Comparator(s).
Unit <counter> synthesized.


=========================================================================
HDL Synthesis Report

Macro Statistics
# Counters                                             : 1
 8-bit updown counter                                  : 1
# Comparators                                          : 2
 9-bit comparator greatequal                           : 1
 9-bit comparator greater                              : 1

=========================================================================

=========================================================================
*                       Advanced HDL Synthesis                          *
=========================================================================


=========================================================================
Advanced HDL Synthesis Report

Macro Statistics
# Counters                                             : 1
 8-bit updown counter                                  : 1
# Comparators                                          : 2
 9-bit comparator greatequal                           : 1
 9-bit comparator greater                              : 1

=========================================================================

=========================================================================
*                         Low Level Synthesis                           *
=========================================================================

Optimizing unit <counter> ...

Mapping all equations...
Building and optimizing final netlist ...
Found area constraint ratio of 100 (+ 5) on block counter, actual ratio is 0.

Final Macro Processing ...

=========================================================================
Final Register Report

Macro Statistics
# Registers                                            : 8
 Flip-Flops                                            : 8

=========================================================================

=========================================================================
*                           Partition Report                            *
=========================================================================

Partition Implementation Status
-------------------------------

  No Partitions were found in this design.

-------------------------------

=========================================================================
*                            Final Report                               *
=========================================================================
Final Results
RTL Top Level Output File Name     : counter.ngr
Top Level Output File Name         : counter
Output Format                      : NGC
Optimization Goal                  : Speed
Keep Hierarchy                     : No

Design Statistics
# IOs                              : 12

Cell Usage :
# BELS                             : 29
#      LUT2                        : 1
#      LUT3                        : 8
#      LUT4                        : 3
#      LUT4_D                      : 1
#      LUT4_L                      : 1
#      MUXCY                       : 7
#      XORCY                       : 8
# FlipFlops/Latches                : 8
#      FDCE                        : 8
# Clock Buffers                    : 1
#      BUFGP                       : 1
# IO Buffers                       : 11
#      IBUF                        : 3
#      OBUF                        : 8
=========================================================================

Device utilization summary:
---------------------------

Selected Device : 3s500efg320-4 

 Number of Slices:                        7  out of   4656     0%  
 Number of Slice Flip Flops:              8  out of   9312     0%  
 Number of 4 input LUTs:                 14  out of   9312     0%  
 Number of IOs:                          12
 Number of bonded IOBs:                  12  out of    232     5%  
 Number of GCLKs:                         1  out of     24     4%  

---------------------------
Partition Resource Summary:
---------------------------

  No Partitions were found in this design.

---------------------------


=========================================================================
TIMING REPORT

NOTE: THESE TIMING NUMBERS ARE ONLY A SYNTHESIS ESTIMATE.
      FOR ACCURATE TIMING INFORMATION PLEASE REFER TO THE TRACE REPORT
      GENERATED AFTER PLACE-and-ROUTE.

Clock Information:
------------------
-----------------------------------+------------------------+-------+
Clock Signal                       | Clock buffer(FF name)  | Load  |
-----------------------------------+------------------------+-------+
clk                                | BUFGP                  | 8     |
-----------------------------------+------------------------+-------+

Asynchronous Control Signals Information:
----------------------------------------
-----------------------------------+------------------------+-------+
Control Signal                     | Buffer(FF name)        | Load  |
-----------------------------------+------------------------+-------+
reset                              | IBUF                   | 8     |
-----------------------------------+------------------------+-------+

Timing Summary:
---------------
Speed Grade: -4

   Minimum period: 5.605ns (Maximum Frequency: 178.412MHz)
   Minimum input arrival time before clock: 3.829ns
   Maximum output required time after clock: 4.450ns
   Maximum combinational path delay: No path found

Timing Detail:
--------------
All values displayed in nanoseconds (ns)

=========================================================================
Timing constraint: Default period analysis for Clock 'clk'
  Clock period: 5.605ns (frequency: 178.412MHz)
  Total number of paths / destination ports: 480 / 16
-------------------------------------------------------------------------
Delay:               5.605ns (Levels of Logic = 10)
  Source:            temp_count_2 (FF)
  Destination:       temp_count_7 (FF)
  Source Clock:      clk rising
  Destination Clock: clk rising

  Data Path: temp_count_2 to temp_count_7
                                Gate     Net
    Cell:in->out      fanout   Delay   Delay  Logical Name (Net Name)
    ----------------------------------------  ------------
     FDCE:C->Q             4   0.591   0.762  temp_count_2 (temp_count_2)
     LUT4:I0->O            9   0.704   0.899  temp_count_cmp_gt000019 (temp_count_cmp_gt000019)
     LUT2:I1->O            1   0.704   0.420  temp_count_cmp_gt0000110 (temp_count_not0001_inv)
     MUXCY:CI->O           1   0.059   0.000  Mcount_temp_count_cy<0> (Mcount_temp_count_cy<0>)
     MUXCY:CI->O           1   0.059   0.000  Mcount_temp_count_cy<1> (Mcount_temp_count_cy<1>)
     MUXCY:CI->O           1   0.059   0.000  Mcount_temp_count_cy<2> (Mcount_temp_count_cy<2>)
     MUXCY:CI->O           1   0.059   0.000  Mcount_temp_count_cy<3> (Mcount_temp_count_cy<3>)
     MUXCY:CI->O           1   0.059   0.000  Mcount_temp_count_cy<4> (Mcount_temp_count_cy<4>)
     MUXCY:CI->O           1   0.059   0.000  Mcount_temp_count_cy<5> (Mcount_temp_count_cy<5>)
     MUXCY:CI->O           0   0.059   0.000  Mcount_temp_count_cy<6> (Mcount_temp_count_cy<6>)
     XORCY:CI->O           1   0.804   0.000  Mcount_temp_count_xor<7> (Result<7>)
     FDCE:D                    0.308          temp_count_7
    ----------------------------------------
    Total                      5.605ns (3.524ns logic, 2.081ns route)
                                       (62.9% logic, 37.1% route)

=========================================================================
Timing constraint: Default OFFSET IN BEFORE for Clock 'clk'
  Total number of paths / destination ports: 16 / 8
-------------------------------------------------------------------------
Offset:              3.829ns (Levels of Logic = 2)
  Source:            add (PAD)
  Destination:       temp_count_0 (FF)
  Destination Clock: clk rising

  Data Path: add to temp_count_0
                                Gate     Net
    Cell:in->out      fanout   Delay   Delay  Logical Name (Net Name)
    ----------------------------------------  ------------
     IBUF:I->O             1   1.218   0.595  add_IBUF (add_IBUF)
     LUT4:I0->O            8   0.704   0.757  temp_count_and000044 (temp_count_and0000)
     FDCE:CE                   0.555          temp_count_0
    ----------------------------------------
    Total                      3.829ns (2.477ns logic, 1.352ns route)
                                       (64.7% logic, 35.3% route)

=========================================================================
Timing constraint: Default OFFSET OUT AFTER for Clock 'clk'
  Total number of paths / destination ports: 8 / 8
-------------------------------------------------------------------------
Offset:              4.450ns (Levels of Logic = 1)
  Source:            temp_count_7 (FF)
  Destination:       count_out<7> (PAD)
  Source Clock:      clk rising

  Data Path: temp_count_7 to count_out<7>
                                Gate     Net
    Cell:in->out      fanout   Delay   Delay  Logical Name (Net Name)
    ----------------------------------------  ------------
     FDCE:C->Q             4   0.591   0.587  temp_count_7 (temp_count_7)
     OBUF:I->O                 3.272          count_out_7_OBUF (count_out<7>)
    ----------------------------------------
    Total                      4.450ns (3.863ns logic, 0.587ns route)
                                       (86.8% logic, 13.2% route)

=========================================================================


Total REAL time to Xst completion: 4.00 secs
Total CPU time to Xst completion: 4.09 secs
 
--> 

Total memory usage is 186912 kilobytes

Number of errors   :    0 (   0 filtered)
Number of warnings :    1 (   0 filtered)
Number of infos    :    0 (   0 filtered)

