Running: C:\Xilinx\13.4\ISE_DS\ISE\bin\nt64\unwrapped\fuse.exe -intstyle ise -incremental -lib secureip -o D:/ECE.CLASSES/ECE338/CordicFinal/ATB_CORDIC_isim_beh.exe -prj D:/ECE.CLASSES/ECE338/CordicFinal/ATB_CORDIC_beh.prj work.ATB_CORDIC 
ISim O.87xd (signature 0xc3576ebc)
Number of CPUs detected in this system: 2
Turning on mult-threading, number of parallel sub-compilation jobs: 4 
Determining compilation order of HDL files
Parsing VHDL file "D:/ECE.CLASSES/ECE338/CordicFinal/CORDIC.vhd" into library work
Parsing VHDL file "D:/ECE.CLASSES/ECE338/CordicFinal/CordicTB.vhd" into library work
Starting static elaboration
Completed static elaboration
Compiling package standard
Compiling package std_logic_1164
Compiling package std_logic_arith
Compiling package std_logic_unsigned
Compiling package textio
Compiling package std_logic_textio
Compiling package numeric_std
Compiling package math_real
Compiling architecture behavioral of entity CORDIC [cordic_default]
Compiling architecture atb_cordic of entity atb_cordic
Time Resolution for simulation is 1ps.
Waiting for 3 sub-compilation(s) to finish...
Compiled 11 VHDL Units
Built simulation executable D:/ECE.CLASSES/ECE338/CordicFinal/ATB_CORDIC_isim_beh.exe
Fuse Memory Usage: 37036 KB
Fuse CPU Usage: 888 ms
