*******18-APR-2013*****TopSpice  8.44b   DEMO  *******20:58:16********

 ECE 322L Audio Amplifier Project                                                
                                                                                                                                                      	
 ****     INPUT LISTING                    TEMPERATURE =   27.000 DEG C

 **********************************************DEM*********************


 * Designed by: M. Chaves, G. Iven, A. Rasoulof  

 #REVISION: Rev: 163     

 *START .INC ECE322L_AUDIO_AMP.MIS       

 .MODEL 2N2222/N NPN (   
 +   IS=1.434E-014 XTI=3 EG=1.11 VAF=74.03       
 +   BF=255.9 NE=1.307 ISE=1.434E-014 IKF=0.2847 
 +   XTB=1.5 BR=6.092 NC=2 ISC=0 
 +   IKR=0 RC=1 CJC=7.306E-012 MJC=0.3416
 +   VJC=0.75 FC=0.5 CJE=2.201E-011 MJE=0.377    
 +   VJE=0.75 TR=4.691E-008 TF=4.111E-010 ITF=0.6
 +   VTF=1.7 XTF=3 RB=10 )       
         
         
         
 .MODEL 2N3055/TI NPN (  
 +   IS=9.744E-013 XTI=3 EG=1.11 VAF=50  
 +   BF=99.49 NE=1.941 ISE=9.025E-010 IKF=4.029  
 +   XTB=1.5 BR=2.949 NC=2 ISC=0 
 +   IKR=0 RC=0.1 CJC=2.76E-010 VJC=0.75 
 +   MJC=0.3333 FC=0.5 CJE=5.691E-010 VJE=0.75   
 +   MJE=0.3333 TR=9.717E-007 TF=3.911E-008 ITF=20       
 +   VTF=10 XTF=2 RB=10 )
 *END .INC ECE322L_AUDIO_AMP.MIS 
         
 Q1 12V 13 A1  2N2222/N  
 R5 A1 0  3k     
 Q4 12V 14 15  2N3055/TI 
 R15 15 0  20    
 R16 Vout 0  8   
 C4 15 Vout  1000u       
 C2 A1 16  100u  
 V3 17 0 AC 1   SIN 0 .02 1k     
 C1 Vin 13  100u 
 R2 12V 13  75k  
 R3 13 0  750k   
 Q2 A2 16 18  2N2222/N   
 R9 18 0  25     
 R8 12V A2  300  
 R6 12V 16  500k 
 R7 16 0  500k   
 Q3 A3 19 20  2N2222/N   
 R13 20 0  15    
 C3 A2 19  100u  
 R12 12V A3  250 
 R10 12V 19  150k
 R11 19 0  500k  
 V1 12V 0 12     
 V2 0 -12V 12    
 R1 17 Vin  10k  
 R17 A3 14  100  
         
 *START .INC ECE322L_AUDIO_AMP.CMD       
 * TopSpice Schematic 8.42  Win32  Simulation Setup Commands     
         
 .TRAN 1E-005 0.005 0 1E-005     
 .PROBE  
 .PRINT TRAN V(vin), V(Vout)     
 .PRINT AC Vdb(Vout),Vp(Vout)    
         
 .OPTION SAVEOPB 
         
 *END .INC ECE322L_AUDIO_AMP.CMD 
         
         
 .END    


*******18-APR-2013*****TopSpice  8.44b   DEMO  *******20:58:16********

 ECE 322L Audio Amplifier Project                                                
 
 ****     CIRCUIT AND SIMULATION CHECK     TEMPERATURE =   27.000 DEG C

 **********************************************DEM*********************

 
 


*******18-APR-2013*****TopSpice  8.44b   DEMO  *******20:58:16********

 ECE 322L Audio Amplifier Project                                                
 
 ****     BJT      MODEL PARAMETERS        TEMPERATURE =   27.000 DEG C

 **********************************************DEM*********************


 MODEL TYPE DESCRIPTION:  NPN       BJT     

 PARAMS.  2N2222/N    2N3055/TI 
 
 LEVEL         1           1
 BF         255.9       99.49    
 NF         1.000       1.000    
 VAF       7.4030E+01  5.0000E+01
 IKF       2.8470E-01  4.0290E+00
 ISE       1.4340E-14  9.0250E-10
 NE         1.307       1.941    
 BR         6.092       2.949    
 NR         1.000       1.000    
 IKR       0.0000E+00  0.0000E+00
 ISC       0.0000E+00  0.0000E+00
 NC         2.000       2.000    
 RB         10.00       10.00    
 RC         1.000      0.1000    
 CJE       2.2010E-11  5.6910E-10
 VJE       0.7500      0.7500    
 MJE       0.3770      0.3333    
 TF        4.1110E-10  3.9110E-08
 XTF       3.0000E+00  2.0000E+00
 VTF       1.7000E+00  1.0000E+01
 ITF       6.0000E-01  2.0000E+01
 CJC       7.3060E-12  2.7600E-10
 VJC       0.7500      0.7500    
 MJC       0.3416      0.3333    
 TR        4.6910E-08  9.7170E-07
 IS        1.4340E-14  9.7440E-13
 XTB       1.5000E+00  1.5000E+00
 EG         1.110       1.110    
 XTI        3.000       3.000    
 FC        5.0000E-01  5.0000E-01
 TNOM       27.00       27.00    
 


 ** CIRCUIT CHECKING AND MODELS PROCESSING COMPLETED
 ** CIRCUIT MATRIX SETUP COMPLETED


*******18-APR-2013*****TopSpice  8.44b   DEMO  *******20:58:16********

 ECE 322L Audio Amplifier Project                                                
 
 ****     ANALYSIS                         TEMPERATURE =   27.000 DEG C

 **********************************************DEM*********************



*******18-APR-2013*****TopSpice  8.44b   DEMO  *******20:58:16********

 ECE 322L Audio Amplifier Project                                                
 
 ****     INITIAL TRANSIENT SOLUTION       TEMPERATURE =   27.000 DEG C

 **********************************************DEM*********************

                 NODE       VOLTAGE

+              V(12V)       1.20000000E+01
+               V(13)       9.68934633E+00
+               V(A1)       9.01561824E+00
+               V(14)       7.19003202E+00
+               V(15)       6.46575935E+00
+             V(VOUT)       0.00000000E+00
+               V(16)       7.75944326E-01
+               V(17)       0.00000000E+00
+              V(VIN)       0.00000000E+00
+               V(A2)       1.08326526E+01
+               V(18)       9.78013523E-02
+               V(A3)       7.58044995E+00
+               V(19)       9.20922927E-01
+               V(20)       2.07690594E-01
+             V(-12V)      -1.20000000E+01


               SOURCE       CURRENT

+               I(V3)       0.00000000E+00
+               I(V1)      -3.44067580E-01
+               I(V2)       0.00000000E+00


               RESISTOR       CURRENT

+               I(R5)       3.00520608E-03
+              I(R15)       3.23287967E-01
+              I(R16)       0.00000000E+00
+               I(R2)       3.08087156E-05
+               I(R3)       1.29191284E-05
+               I(R9)       3.91205409E-03
+               I(R8)       3.89115787E-03
+               I(R6)       2.24481113E-05
+               I(R7)       1.55188865E-06
+              I(R13)       1.38460396E-02
+              I(R12)       1.76782002E-02
+              I(R10)       7.38605138E-05
+              I(R11)       1.84184585E-06
+               I(R1)       0.00000000E+00
+              I(R17)       3.90417926E-03

 OP bias data written to SAVEOPB binary file: ECE322L_AUDIO_AMP.OPB                                                                                                                                                                                                                                           



*******18-APR-2013*****TopSpice  8.44b   DEMO  *******20:58:16********

 ECE 322L Audio Amplifier Project                                                
 
 ****     SOURCE VOLTAGES AND CURRENTS     TEMPERATURE =   27.000 DEG C

 **********************************************DEM*********************


     SOURCE NAME      CURRENT(A)      VOLTAGE(V)      POWER(W)

     V3                0.00000        0.00000        0.00000    
     V1               -0.34407         12.000         4.1288    
     V2                0.00000         12.000        0.00000    


     TOTAL POWER DISSIPATION    4.1288     WATTS


*******18-APR-2013*****TopSpice  8.44b   DEMO  *******20:58:16********

 ECE 322L Audio Amplifier Project                                                
 
 ****     OPERATING POINT INFORMATION      TEMPERATURE =   27.000 DEG C

 **********************************************DEM*********************



 **** BIPOLAR JUNCTION TRANSISTORS

           Q1          Q4          Q2          Q3      
 MODEL     2N2222/N    2N3055/TI   2N2222/N    2N2222/N  
 IB        1.7904E-05  3.9042E-03  2.0902E-05  7.2081E-05
 IC        2.9900E-03  3.1938E-01  3.8924E-03  1.3786E-02
 IE       -3.0079E-03 -3.2329E-01 -3.9133E-03 -1.3858E-02
 IS        0.0000E+00  0.0000E+00  0.0000E+00  0.0000E+00
 VBE           0.6737      0.7243      0.6781      0.7132
 VBC          -2.3107     -4.8100    -10.0567     -6.6595
 VCE           2.9844      5.5342     10.7349      7.3728
 VCS          12.0000     12.0000     10.8327      7.5804
 BETADC      166.9976     81.8056    186.2177    191.2606


*******18-APR-2013*****TopSpice  8.44b   DEMO  *******20:58:16********

 ECE 322L Audio Amplifier Project                                                
 
 ****     TRANSIENT ANALYSIS               TEMPERATURE =   27.000 DEG C

 **********************************************DEM*********************

   TIME              V(VIN)          V(VOUT)             

   0.0000000E+00     0.0000000E+00   0.0000000E+00
   9.9999997E-06     1.0645812E-03   6.4140319E-02
   1.9999999E-05     2.0984678E-03   1.3659392E-01
   2.9999999E-05     3.1997807E-03   2.1048371E-01
   3.9999999E-05     4.2200915E-03   2.8326516E-01
   4.9999999E-05     5.2579369E-03   3.5250749E-01
   5.9999998E-05     6.2285591E-03   4.2023022E-01
   7.0000002E-05     7.2523963E-03   4.8733587E-01
   7.9999998E-05     8.1822673E-03   5.5186010E-01
   9.0000001E-05     9.1139400E-03   6.1224240E-01
   9.9999997E-05     9.9637594E-03   6.7001479E-01
   1.1000000E-04     1.0850386E-02   7.2617943E-01
   1.2000000E-04     1.1630200E-02   7.7889327E-01
   1.3000000E-04     1.2397768E-02   8.2676700E-01
   1.4000000E-04     1.3071357E-02   8.7131212E-01
   1.5000001E-04     1.3767543E-02   9.1352747E-01
   1.6000000E-04     1.4347133E-02   9.5178180E-01
   1.7000000E-04     1.4902892E-02   9.8480860E-01
   1.8000000E-04     1.5356208E-02   1.0141421E+00
   1.9000001E-04     1.5820710E-02   1.0407491E+00
   1.9999999E-04     1.6162606E-02   1.0631817E+00
   2.1000000E-04     1.6472111E-02   1.0802676E+00
   2.2000000E-04     1.6674720E-02   1.0935305E+00
   2.3000001E-04     1.6880613E-02   1.1039221E+00
   2.3999999E-04     1.6962093E-02   1.1101006E+00
   2.5000001E-04     1.7007053E-02   1.1110250E+00
   2.6000000E-04     1.6944555E-02   1.1080952E+00
   2.6999999E-04     1.6881212E-02   1.1022010E+00
   2.8000001E-04     1.6695931E-02   1.0921201E+00
   2.9000000E-04     1.6473867E-02   1.0768698E+00
   3.0000001E-04     1.6148195E-02   1.0577760E+00
   3.1000000E-04     1.5822128E-02   1.0357441E+00
   3.1999999E-04     1.5380582E-02   1.0095897E+00
   3.3000001E-04     1.4906154E-02   9.7839575E-01
   3.4000000E-04     1.4335916E-02   9.4347987E-01
   3.4999999E-04     1.3769930E-02   9.0580660E-01
   3.6000001E-04     1.3098633E-02   8.6425266E-01
   3.6999999E-04     1.2402382E-02   8.1798734E-01
   3.8000001E-04     1.1621557E-02   7.6837107E-01
   3.9000000E-04     1.0853499E-02   7.1646228E-01
   3.9999999E-04     9.9937303E-03   6.6124271E-01
   4.1000001E-04     9.1195890E-03   6.0187435E-01
   4.2000000E-04     8.1754704E-03   5.3987404E-01
   4.2999999E-04     7.2560480E-03   4.7642678E-01
   4.4000000E-04     6.2602701E-03   4.1048623E-01
   4.4999999E-04     5.2643844E-03   3.4135201E-01
   4.6000001E-04     4.2143606E-03   2.7057812E-01
   4.7000000E-04     3.2033640E-03   1.9942696E-01
   4.7999999E-04     2.1330216E-03   1.2689746E-01
   4.9000001E-04     1.0787392E-03   5.2378999E-02
   5.0000002E-04    -1.2894570E-05  -2.2593820E-02
   5.0999998E-04    -1.0497220E-03  -9.6716290E-02
   5.2000000E-04    -2.1287849E-03  -1.7095201E-01
   5.3000002E-04    -3.1743619E-03  -2.4585202E-01
   5.3999998E-04    -4.2409057E-03  -3.1993301E-01
   5.5000000E-04    -5.2361743E-03  -3.9187789E-01
   5.6000001E-04    -6.2571803E-03  -4.6236090E-01
   5.6999997E-04    -7.2276467E-03  -5.3279796E-01
   5.7999999E-04    -8.2037523E-03  -6.0078600E-01
   5.9000001E-04    -9.0927707E-03  -6.6558088E-01
   6.0000003E-04    -9.9930049E-03  -7.2782454E-01
   6.0999999E-04    -1.0826400E-02  -7.8835494E-01
   6.2000001E-04    -1.1652577E-02  -8.4568298E-01
   6.3000002E-04    -1.2377255E-02  -8.9865326E-01
   6.3999998E-04    -1.3101333E-02  -9.4825958E-01
   6.5000000E-04    -1.3744413E-02  -9.9520175E-01
   6.6000002E-04    -1.4370412E-02  -1.0378883E+00
   6.6999998E-04    -1.4883196E-02  -1.0755949E+00
   6.8000000E-04    -1.5386850E-02  -1.1092449E+00
   6.9000002E-04    -1.5798416E-02  -1.1394519E+00
   6.9999998E-04    -1.6186446E-02  -1.1650815E+00
   7.0999999E-04    -1.6452940E-02  -1.1851754E+00
   7.2000001E-04    -1.6705747E-02  -1.2008593E+00
   7.3000003E-04    -1.6859024E-02  -1.2127290E+00
   7.3999999E-04    -1.6986896E-02  -1.2198504E+00
   7.5000001E-04    -1.6987896E-02  -1.2211938E+00
   7.6000002E-04    -1.6975117E-02  -1.2180328E+00
   7.6999998E-04    -1.6859568E-02  -1.2110195E+00
   7.8000000E-04    -1.6720760E-02  -1.1992526E+00
   7.9000002E-04    -1.6454440E-02  -1.1818089E+00
   7.9999998E-04    -1.6178520E-02  -1.1599942E+00
   8.1000000E-04    -1.5799972E-02  -1.1344292E+00
   8.2000002E-04    -1.5404918E-02  -1.1043987E+00
   8.2999998E-04    -1.4886115E-02  -1.0690785E+00
   8.3999999E-04    -1.4365433E-02  -1.0297560E+00
   8.5000001E-04    -1.3747142E-02  -9.8713217E-01
   8.5999997E-04    -1.3122314E-02  -9.4058167E-01
   8.6999999E-04    -1.2381587E-02  -8.8942357E-01
   8.8000001E-04    -1.1650052E-02  -8.3492450E-01
   8.9000002E-04    -1.0830038E-02  -7.7794649E-01
   8.9999998E-04    -1.0016256E-02  -7.1779664E-01
   9.1000000E-04    -9.0981511E-03  -6.5420519E-01
   9.2000002E-04    -8.2031979E-03  -5.8793359E-01
   9.2999998E-04    -7.2319206E-03  -5.2039040E-01
   9.4000000E-04    -6.2821102E-03  -4.5078626E-01
   9.5000002E-04    -5.2422704E-03  -3.7856305E-01
   9.5999998E-04    -4.2413261E-03  -3.0560850E-01
   9.6999999E-04    -3.1789396E-03  -2.3210672E-01
   9.8000001E-04    -2.1544930E-03  -1.5794412E-01
   9.8999997E-04    -1.0564208E-03  -8.2611463E-02
   1.0000000E-03    -1.3709507E-05  -7.4227892E-03
   1.0100000E-03     1.0741787E-03   6.6764251E-02
   1.0200000E-03     2.1071979E-03   1.4040545E-01
   1.0300000E-03     3.1965501E-03   2.1383590E-01
   1.0400000E-03     4.2141230E-03   2.8586846E-01
   1.0500000E-03     5.2602385E-03   3.5568487E-01
   1.0600000E-03     6.2351822E-03   4.2375033E-01
   1.0700000E-03     7.2493553E-03   4.9036966E-01
   1.0800000E-03     8.1765849E-03   5.5451687E-01
   1.0900000E-03     9.1161553E-03   6.1537261E-01
   1.1000000E-03     9.9701633E-03   6.7349696E-01
   1.1100000E-03     1.0847304E-02   7.2917422E-01
   1.1200000E-03     1.1624610E-02   7.8154167E-01
   1.1300000E-03     1.2399817E-02   8.2986188E-01
   1.1399999E-03     1.3077625E-02   8.7475228E-01
   1.1500000E-03     1.3764662E-02   9.1652063E-01
   1.1600000E-03     1.4341929E-02   9.5445705E-01
   1.1699999E-03     1.4904837E-02   9.8788594E-01
   1.1800000E-03     1.5362339E-02   1.0175453E+00
   1.1900000E-03     1.5817702E-02   1.0437092E+00
   1.2000001E-03     1.6157422E-02   1.0658342E+00
   1.2100000E-03     1.6474087E-02   1.0833370E+00
   1.2200000E-03     1.6680717E-02   1.0969059E+00
   1.2300001E-03     1.6877974E-02   1.1068977E+00
   1.2400000E-03     1.6957309E-02   1.1128007E+00
   1.2500000E-03     1.7008894E-02   1.1140753E+00
   1.2600000E-03     1.6950042E-02   1.1114078E+00
   1.2700000E-03     1.6878646E-02   1.1051537E+00
   1.2800000E-03     1.6691325E-02   1.0948185E+00
   1.2900000E-03     1.6475586E-02   1.0798991E+00
   1.3000000E-03     1.6153483E-02   1.0610727E+00
   1.3100000E-03     1.5819629E-02   1.0386873E+00
   1.3200000E-03     1.5376161E-02   1.0123001E+00
   1.3300000E-03     1.4907867E-02   9.8142646E-01
   1.3400000E-03     1.4340956E-02   9.4677234E-01
   1.3500000E-03     1.3767571E-02   9.0874801E-01
   1.3600000E-03     1.3094363E-02   8.6695757E-01
   1.3700000E-03     1.2403986E-02   8.2100587E-01
   1.3800000E-03     1.1626409E-02   7.7166068E-01
   1.3900000E-03     1.0851300E-02   7.1941001E-01
   1.4000000E-03     9.9894076E-03   6.6393142E-01
   1.4100000E-03     9.1215600E-03   6.0492867E-01
   1.4200000E-03     8.1805581E-03   5.4323132E-01
   1.4299999E-03     7.2536803E-03   4.7935009E-01
   1.4400000E-03     6.2560905E-03   4.1315817E-01
   1.4500000E-03     5.2660039E-03   3.4438171E-01
   1.4600001E-03     4.2191539E-03   2.7390366E-01
   1.4700000E-03     3.2011801E-03   2.0236313E-01
   1.4800000E-03     2.1289080E-03   1.2957653E-01
   1.4900001E-03     1.0802713E-03   5.5396333E-02
   1.5000000E-03    -8.2941997E-06  -1.9287672E-02
   1.5100000E-03    -1.0518578E-03  -9.3782923E-02
   1.5200000E-03    -2.1326770E-03  -1.6826205E-01
   1.5300000E-03    -3.1728675E-03  -2.4283536E-01
   1.5400000E-03    -4.2363796E-03  -3.1663190E-01
   1.5500000E-03    -5.2382139E-03  -3.8893120E-01
   1.5600000E-03    -6.2610212E-03  -4.5994917E-01
   1.5700000E-03    -7.2261746E-03  -5.2974902E-01
   1.5800000E-03    -8.1994380E-03  -5.9752046E-01
   1.5900000E-03    -9.0947710E-03  -6.6257670E-01
   1.6000000E-03    -9.9966840E-03  -7.2502484E-01
   1.6100000E-03    -1.0825042E-02  -7.8537497E-01
   1.6200000E-03    -1.1648336E-02  -8.4240670E-01
   1.6300000E-03    -1.2379205E-02  -8.9573410E-01
   1.6400000E-03    -1.3104788E-02  -9.4556874E-01
   1.6500000E-03    -1.3743072E-02  -9.9209673E-01
   1.6600000E-03    -1.4366370E-02  -1.0346645E+00
   1.6700000E-03    -1.4885182E-02  -1.0726919E+00
   1.6800000E-03    -1.5390334E-02  -1.1065904E+00
   1.6899999E-03    -1.5797309E-02  -1.1365005E+00
   1.7000000E-03    -1.6182445E-02  -1.1618763E+00
   1.7100000E-03    -1.6454695E-02  -1.1822616E+00
   1.7199999E-03    -1.6709073E-02  -1.1982026E+00
   1.7300000E-03    -1.6857970E-02  -1.2098047E+00
   1.7400000E-03    -1.6982654E-02  -1.2166267E+00
   1.7500001E-03    -1.6989692E-02  -1.2182940E+00
   1.7600000E-03    -1.6978464E-02  -1.2154068E+00
   1.7700000E-03    -1.6858654E-02  -1.2081231E+00
   1.7800000E-03    -1.6716565E-02  -1.1960443E+00
   1.7900000E-03    -1.6456253E-02  -1.1789140E+00
   1.8000000E-03    -1.6181495E-02  -1.1573415E+00
   1.8100000E-03    -1.5798995E-02  -1.1315131E+00
   1.8200000E-03    -1.5401095E-02  -1.1012356E+00
   1.8300000E-03    -1.4888036E-02  -1.0662192E+00
   1.8400000E-03    -1.4368353E-02  -1.0271007E+00
   1.8500000E-03    -1.3746197E-02  -9.8421142E-01
   1.8600000E-03    -1.3118622E-02  -9.3743000E-01
   1.8700000E-03    -1.2383353E-02  -8.8655194E-01
   1.8800000E-03    -1.1652858E-02  -8.3225884E-01
   1.8900000E-03    -1.0829083E-02  -7.7512870E-01
   1.9000000E-03    -1.0012741E-02  -7.1464620E-01
   1.9100000E-03    -9.0999052E-03  -6.5125368E-01
   1.9200000E-03    -8.2059042E-03  -5.8517879E-01
   1.9300000E-03    -7.2310163E-03  -5.1748625E-01
   1.9400000E-03    -6.2786938E-03  -4.4766820E-01
   1.9499999E-03    -5.2439736E-03  -3.7568336E-01
   1.9600000E-03    -4.2439157E-03  -3.0294821E-01
   1.9700001E-03    -3.1778850E-03  -2.2918496E-01
   1.9799999E-03    -2.1510857E-03  -1.5483638E-01
   1.9900000E-03    -1.0578862E-03  -7.9751374E-02
   2.0000001E-03    -1.6110468E-05  -4.7470931E-03
   2.0099999E-03     1.0752914E-03   6.9682395E-02
   2.0200000E-03     2.1105548E-03   1.4349442E-01
   2.0300001E-03     3.1952128E-03   2.1667624E-01
   2.0399999E-03     4.2119098E-03   2.8855060E-01
   2.0500000E-03     5.2609503E-03   3.5854450E-01
   2.0600001E-03     6.2383790E-03   4.2677957E-01
   2.0699999E-03     7.2476658E-03   4.9316235E-01
   2.0800000E-03     8.1742796E-03   5.5714559E-01
   2.0900001E-03     9.1168618E-03   6.1821454E-01
   2.0999999E-03     9.9733267E-03   6.7650118E-01
   2.1100000E-03     1.0845824E-02   7.3196923E-01
   2.1200001E-03     1.1622439E-02   7.8417185E-01
   2.1299999E-03     1.2400472E-02   8.3268110E-01
   2.1400000E-03     1.3080562E-02   8.7771654E-01
   2.1500001E-03     1.3763055E-02   9.1927511E-01
   2.1599999E-03     1.4339730E-02   9.5706857E-01
   2.1700000E-03     1.4905709E-02   9.9070986E-01
   2.1800001E-03     1.5365411E-02   1.0205074E+00
   2.1899999E-03     1.5816154E-02   1.0464560E+00
   2.2000000E-03     1.6155107E-02   1.0684207E+00
   2.2100001E-03     1.6474793E-02   1.0861221E+00
   2.2199999E-03     1.6683771E-02   1.0998542E+00
   2.2300000E-03     1.6876380E-02   1.1096254E+00
   2.2400001E-03     1.6955098E-02   1.1153740E+00
   2.2499999E-03     1.7009511E-02   1.1168454E+00
   2.2600000E-03     1.6953094E-02   1.1143425E+00
   2.2700001E-03     1.6877029E-02   1.1078711E+00
   2.2799999E-03     1.6689202E-02   1.0973944E+00
   2.2900000E-03     1.6476212E-02   1.0826688E+00
   2.3000001E-03     1.6156470E-02   1.0639998E+00
   2.3099999E-03     1.5818058E-02   1.0413989E+00
   2.3200000E-03     1.5374113E-02   1.0148631E+00
   2.3300000E-03     1.4908388E-02   9.8418195E-01
   2.3399999E-03     1.4343934E-02   9.4969410E-01
   2.3500000E-03     1.3765971E-02   9.1145449E-01
   2.3600000E-03     1.3092416E-02   8.6952524E-01
   2.3699999E-03     1.2404508E-02   8.2376762E-01
   2.3800000E-03     1.1629324E-02   7.7458428E-01
   2.3900000E-03     1.0849648E-02   7.2210742E-01
   2.4000001E-03     9.9874117E-03   6.6649064E-01
   2.4100000E-03     9.1218337E-03   6.0765895E-01
   2.4200000E-03     8.1831461E-03   5.4611583E-01
   2.4300001E-03     7.2522578E-03   4.8206448E-01
   2.4400000E-03     6.2544687E-03   4.1576706E-01
   2.4500000E-03     5.2663788E-03   3.4713278E-01
   2.4600001E-03     4.2216951E-03   2.7678842E-01
   2.4699999E-03     3.1997917E-03   2.0507866E-01
   2.4800000E-03     2.1273788E-03   1.3217991E-01
   2.4900001E-03     1.0806469E-03   5.8148948E-02
   2.4999999E-03    -5.8597082E-06  -1.6402547E-02
   2.5100000E-03    -1.0531958E-03  -9.1061496E-02
   2.5200001E-03    -2.1341535E-03  -1.6566236E-01
   2.5299999E-03    -3.1724823E-03  -2.4008247E-01
   2.5400000E-03    -4.2340183E-03  -3.1375210E-01
   2.5500001E-03    -5.2394968E-03  -3.8621694E-01
   2.5599999E-03    -6.2624574E-03  -4.5735369E-01
   2.5700000E-03    -7.2258848E-03  -5.2700161E-01
   2.5800001E-03    -8.1972136E-03  -5.9466590E-01
   2.5899999E-03    -9.0961682E-03  -6.5988262E-01
   2.6000000E-03    -9.9979721E-03  -7.2235196E-01
   2.6100001E-03    -1.0824604E-02  -7.8262369E-01
   2.6199999E-03    -1.1646160E-02  -8.3938384E-01
   2.6300000E-03    -1.2380608E-02  -8.9309324E-01
   2.6400001E-03    -1.3106077E-02  -9.4297424E-01
   2.6499999E-03    -1.3742748E-02  -9.8937041E-01
   2.6600000E-03    -1.4363972E-02  -1.0317967E+00
   2.6700001E-03    -1.4886135E-02  -1.0699725E+00
   2.6799999E-03    -1.5391143E-02  -1.1039587E+00
   2.6900000E-03    -1.5796953E-02  -1.1337666E+00
   2.7000001E-03    -1.6180328E-02  -1.1590665E+00
   2.7099999E-03    -1.6456249E-02  -1.1796357E+00
   2.7200000E-03    -1.6710130E-02  -1.1956461E+00
   2.7300001E-03    -1.6857587E-02  -1.2070810E+00
   2.7399999E-03    -1.6980634E-02  -1.2138368E+00
   2.7500000E-03    -1.6991108E-02  -1.2156725E+00
   2.7600001E-03    -1.6979432E-02  -1.2128465E+00
   2.7699999E-03    -1.6858342E-02  -1.2054010E+00
   2.7800000E-03    -1.6714802E-02  -1.1932925E+00
   2.7900001E-03    -1.6457883E-02  -1.1763295E+00
   2.7999999E-03    -1.6182281E-02  -1.1547760E+00
   2.8100000E-03    -1.5798791E-02  -1.1287960E+00
   2.8200001E-03    -1.5399146E-02  -1.0984693E+00
   2.8299999E-03    -1.4889515E-02  -1.0636044E+00
   2.8400000E-03    -1.4368992E-02  -1.0245297E+00
   2.8500000E-03    -1.3746068E-02  -9.8149959E-01
   2.8599999E-03    -1.3116697E-02  -9.3467162E-01
   2.8700000E-03    -1.2384864E-02  -8.8393696E-01
   2.8800000E-03    -1.1653467E-02  -8.2969483E-01
   2.8899999E-03    -1.0828975E-02  -7.7248128E-01
   2.9000000E-03    -1.0010876E-02  -7.1188741E-01
   2.9100000E-03    -9.1013880E-03  -6.4857235E-01
   2.9200001E-03    -8.2064157E-03  -5.8272770E-01
   2.9300000E-03    -7.2308845E-03  -5.1459037E-01
   2.9400000E-03    -6.2769118E-03  -4.4497433E-01
   2.9500001E-03    -5.2454793E-03  -3.7331431E-01
   2.9600000E-03    -4.2445048E-03  -3.0009039E-01
   2.9700000E-03    -3.1782909E-03  -2.2663885E-01
   2.9800001E-03    -2.1493275E-03  -1.5210449E-01
   2.9899999E-03    -1.0593577E-03  -7.7187608E-02
   3.0000000E-03    -1.6745875E-05  -2.2243325E-03
   3.0100001E-03     1.0747973E-03   7.2265793E-02
   3.0199999E-03     2.1122080E-03   1.4616263E-01
   3.0300000E-03     3.1936456E-03   2.1922918E-01
   3.0400001E-03     4.2112535E-03   2.9103716E-01
   3.0499999E-03     5.2607583E-03   3.6115091E-01
   3.0600000E-03     6.2401139E-03   4.2945219E-01
   3.0700001E-03     7.2465216E-03   4.9574479E-01
   3.0799999E-03     8.1738230E-03   5.5965718E-01
   3.0900000E-03     9.1167190E-03   6.2081641E-01
   3.1000001E-03     9.9751141E-03   6.7915900E-01
   3.1099999E-03     1.0844548E-02   7.3452062E-01
   3.1200000E-03     1.1622083E-02   7.8668031E-01
   3.1300001E-03     1.2400188E-02   8.3525244E-01
   3.1399999E-03     1.3082372E-02   8.8034592E-01
   3.1500000E-03     1.3761877E-02   9.2182620E-01
   3.1600001E-03     1.4339456E-02   9.5955429E-01
   3.1699999E-03     1.4905172E-02   9.9324308E-01
   3.1800000E-03     1.5366955E-02   1.0230895E+00
   3.1900001E-03     1.5815018E-02   1.0489909E+00
   3.1999999E-03     1.6155093E-02   1.0709253E+00
   3.2100000E-03     1.6474395E-02   1.0886663E+00
   3.2200001E-03     1.6685204E-02   1.1024171E+00
   3.2299999E-03     1.6875311E-02   1.1121489E+00
   3.2400000E-03     1.6955066E-02   1.1178664E+00
   3.2500001E-03     1.7009068E-02   1.1193695E+00
   3.2599999E-03     1.6954498E-02   1.1168978E+00
   3.2700000E-03     1.6876126E-02   1.1103997E+00
   3.2800001E-03     1.6689411E-02   1.0999102E+00
   3.2899999E-03     1.6475658E-02   1.0851823E+00
   3.3000000E-03     1.6157628E-02   1.0665190E+00
   3.3100001E-03     1.5817128E-02   1.0439105E+00
   3.3199999E-03     1.5374379E-02   1.0173788E+00
   3.3300000E-03     1.4907809E-02   9.8668986E-01
   3.3400001E-03     1.4345034E-02   9.5220647E-01
   3.3499999E-03     1.3765066E-02   9.1396318E-01
   3.3600000E-03     1.3092739E-02   8.7204244E-01
   3.3700000E-03     1.2403905E-02   8.2627273E-01
   3.3799999E-03     1.1630370E-02   7.7709129E-01
   3.3900000E-03     1.0848766E-02   7.2462219E-01
   3.4000000E-03     9.9877888E-03   6.6899960E-01
   3.4099999E-03     9.1212070E-03   6.1016406E-01
   3.4200000E-03     8.1841377E-03   5.4862663E-01
   3.4300000E-03     7.2513986E-03   4.8457235E-01
   3.4399999E-03     6.2545525E-03   4.1824640E-01
   3.4500000E-03     5.2659085E-03   3.4964130E-01
   3.4600000E-03     4.2228089E-03   2.7932223E-01
   3.4700001E-03     3.1989311E-03   2.0758006E-01
   3.4800000E-03     2.1275373E-03   1.3466920E-01
   3.4900000E-03     1.0801920E-03   6.0658295E-02
   3.5000001E-03    -4.7659328E-06  -1.3868354E-02
   3.5100000E-03    -1.0540539E-03  -8.8558888E-02
   3.5200000E-03    -2.1339831E-03  -1.6317249E-01
   3.5300001E-03    -3.1729717E-03  -2.3757677E-01
   3.5399999E-03    -4.2329764E-03  -3.1122570E-01
   3.5500000E-03    -5.2403421E-03  -3.8371717E-01
   3.5600001E-03    -6.2624706E-03  -4.5488955E-01
   3.5699999E-03    -7.2261896E-03  -5.2448861E-01
   3.5800000E-03    -8.1960320E-03  -5.9211237E-01
   3.5900001E-03    -9.0969328E-03  -6.5737889E-01
   3.5999999E-03    -9.9981472E-03  -7.1988585E-01
   3.6100000E-03    -1.0825188E-02  -7.8016815E-01
   3.6200001E-03    -1.1644940E-02  -8.3687687E-01
   3.6299999E-03    -1.2381390E-02  -8.9067370E-01
   3.6400000E-03    -1.3106088E-02  -9.4051826E-01
   3.6500001E-03    -1.3743267E-02  -9.8690903E-01
   3.6599999E-03    -1.4363090E-02  -1.0293086E+00
   3.6700000E-03    -1.4887196E-02  -1.0675410E+00
   3.6800001E-03    -1.5391363E-02  -1.1015607E+00
   3.6899999E-03    -1.5797189E-02  -1.1312924E+00
   3.7000000E-03    -1.6179352E-02  -1.1565695E+00
   3.7100001E-03    -1.6456936E-02  -1.1771806E+00
   3.7199999E-03    -1.6710121E-02  -1.1932165E+00
   3.7300000E-03    -1.6857908E-02  -1.2046269E+00
   3.7400001E-03    -1.6979648E-02  -1.2113513E+00
   3.7499999E-03    -1.6991890E-02  -1.2132349E+00
   3.7600000E-03    -1.6979428E-02  -1.2104353E+00
   3.7700001E-03    -1.6858633E-02  -1.2029497E+00
   3.7799999E-03    -1.6713641E-02  -1.1907926E+00
   3.7900000E-03    -1.6458411E-02  -1.1738598E+00
   3.8000001E-03    -1.6182378E-02  -1.1523745E+00
   3.8099999E-03    -1.5799333E-02  -1.1263870E+00
   3.8200000E-03    -1.5398149E-02  -1.0959990E+00
   3.8300001E-03    -1.4889983E-02  -1.0611348E+00
   3.8399999E-03    -1.4369120E-02  -1.0221281E+00
   3.8500000E-03    -1.3746524E-02  -9.7908890E-01
   3.8600001E-03    -1.3115678E-02  -9.3219443E-01
   3.8699999E-03    -1.2385359E-02  -8.8147537E-01
   3.8800000E-03    -1.1653745E-02  -8.2731514E-01
   3.8900001E-03    -1.0829628E-02  -7.7008882E-01
   3.8999999E-03    -1.0009763E-02  -7.0941105E-01
   3.9100000E-03    -9.1016893E-03  -6.4611071E-01
   3.9200000E-03    -8.2066492E-03  -5.8034177E-01
   3.9300001E-03    -7.2312942E-03  -5.1215964E-01
   3.9400002E-03    -6.2759320E-03  -4.4251413E-01
   3.9499998E-03    -5.2458694E-03  -3.7086049E-01
   3.9599999E-03    -4.2447505E-03  -2.9771804E-01
   3.9700000E-03    -3.1783751E-03  -2.2421210E-01
   3.9800000E-03    -2.1485689E-03  -1.4966137E-01
   3.9900001E-03    -1.0599451E-03  -7.4793094E-02
   4.0000002E-03    -1.7076981E-05   1.2684802E-04
   4.0099998E-03     1.0745894E-03   7.4652112E-02
   4.0199999E-03     2.1128281E-03   1.4857375E-01
   4.0300000E-03     3.1929895E-03   2.2159511E-01
   4.0400000E-03     4.2108094E-03   2.9336029E-01
   4.0500001E-03     5.2604815E-03   3.6350725E-01
   4.0600002E-03     6.2409653E-03   4.3187154E-01
   4.0699998E-03     7.2463023E-03   4.9815300E-01
   4.0799999E-03     8.1734790E-03   5.6199511E-01
   4.0899999E-03     9.1163991E-03   6.2314221E-01
   4.1000000E-03     9.9758382E-03   6.8154688E-01
   4.1100001E-03     1.0844405E-02   7.3691236E-01
   4.1200002E-03     1.1621674E-02   7.8899579E-01
   4.1299998E-03     1.2400321E-02   8.3761102E-01
   4.1399999E-03     1.3082919E-02   8.8272346E-01
   4.1499999E-03     1.3761602E-02   9.2416586E-01
   4.1600000E-03     1.4339063E-02   9.6186273E-01
   4.1700001E-03     1.4905299E-02   9.9558333E-01
   4.1800002E-03     1.5367487E-02   1.0254519E+00
   4.1899998E-03     1.5814749E-02   1.0513163E+00
   4.1999999E-03     1.6154716E-02   1.0732230E+00
   4.2099999E-03     1.6474516E-02   1.0909938E+00
   4.2200000E-03     1.6685720E-02   1.1047662E+00
   4.2300001E-03     1.6875049E-02   1.1144633E+00
   4.2400002E-03     1.6954702E-02   1.1201552E+00
   4.2500002E-03     1.7009182E-02   1.1216873E+00
   4.2599998E-03     1.6955000E-02   1.1192370E+00
   4.2699999E-03     1.6875870E-02   1.1127062E+00
   4.2800000E-03     1.6689063E-02   1.1021923E+00
   4.2900001E-03     1.6475765E-02   1.0874933E+00
   4.3000001E-03     1.6158114E-02   1.0688520E+00
   4.3100002E-03     1.5816879E-02   1.0462122E+00
   4.3199998E-03     1.5374046E-02   1.0196569E+00
   4.3299999E-03     1.4907911E-02   9.8899710E-01
   4.3400000E-03     1.4345506E-02   9.5453590E-01
   4.3500001E-03     1.3764822E-02   9.1626224E-01
   4.3600001E-03     1.3092419E-02   8.7431857E-01
   4.3700002E-03     1.2404000E-02   8.2857831E-01
   4.3799998E-03     1.1630828E-02   7.7941933E-01
   4.3899999E-03     1.0848529E-02   7.2692088E-01
   4.4000000E-03     9.9874832E-03   6.7127537E-01
   4.4100001E-03     9.1212961E-03   6.1246900E-01
   4.4200001E-03     8.1845825E-03   5.5095328E-01
   4.4300002E-03     7.2511671E-03   4.8687116E-01
   4.4399998E-03     6.2542603E-03   4.2052406E-01
   4.4499999E-03     5.2659918E-03   3.5194938E-01
   4.4600000E-03     4.2232403E-03   2.8164959E-01
   4.4700000E-03     3.1987053E-03   2.0988240E-01
   4.4800001E-03     2.1272582E-03   1.3695014E-01
   4.4900002E-03     1.0802698E-03   6.2965665E-02
   4.4999998E-03    -4.3473802E-06  -1.1543104E-02
   4.5099999E-03    -1.0542743E-03  -8.6259809E-02
   4.5200000E-03    -2.1342496E-03  -1.6089470E-01
   4.5300000E-03    -3.1728993E-03  -2.3527306E-01
   4.5400001E-03    -4.2325702E-03  -3.0890346E-01
   4.5500002E-03    -5.2405573E-03  -3.8142095E-01
   4.5599998E-03    -6.2625029E-03  -4.5258928E-01
   4.5699999E-03    -7.2262704E-03  -5.2219587E-01
   4.5799999E-03    -8.1957409E-03  -5.8982123E-01
   4.5900000E-03    -9.0970820E-03  -6.5508043E-01
   4.6000001E-03    -9.9982984E-03  -7.1761487E-01
   4.6100002E-03    -1.0824976E-02  -7.7785177E-01
   4.6199998E-03    -1.1644699E-02  -8.3461728E-01
   4.6299999E-03    -1.2381584E-02  -8.8840875E-01
   4.6399999E-03    -1.3106347E-02  -9.3827014E-01
   4.6500000E-03    -1.3743059E-02  -9.8461456E-01
   4.6600001E-03    -1.4362621E-02  -1.0269990E+00
   4.6700002E-03    -1.4887241E-02  -1.0652548E+00
   4.6799998E-03    -1.5391527E-02  -1.0993055E+00
   4.6899999E-03    -1.5797155E-02  -1.1290283E+00
   4.6999999E-03    -1.6179202E-02  -1.1543101E+00
   4.7100000E-03    -1.6457000E-02  -1.1749231E+00
   4.7200001E-03    -1.6710292E-02  -1.1909705E+00
   4.7300002E-03    -1.6857815E-02  -1.2023751E+00
   4.7399998E-03    -1.6979567E-02  -1.2091086E+00
   4.7499998E-03    -1.6991892E-02  -1.2109878E+00
   4.7599999E-03    -1.6979635E-02  -1.2081979E+00
   4.7700000E-03    -1.6858493E-02  -1.2007061E+00
   4.7800001E-03    -1.6713628E-02  -1.1885576E+00
   4.7900002E-03    -1.6458350E-02  -1.1716174E+00
   4.8000002E-03    -1.6182621E-02  -1.1501400E+00
   4.8099998E-03    -1.5799148E-02  -1.1241468E+00
   4.8199999E-03    -1.5398108E-02  -1.0937553E+00
   4.8300000E-03    -1.4889924E-02  -1.0588955E+00
   4.8400001E-03    -1.4369363E-02  -1.0198963E+00
   4.8500001E-03    -1.3746386E-02  -9.7685404E-01
   4.8600002E-03    -1.3115717E-02  -9.2996232E-01
   4.8699998E-03    -1.2385634E-02  -8.7928139E-01
   4.8799999E-03    -1.1653747E-02  -8.2507375E-01
   4.8900000E-03    -1.0829440E-02  -7.6764600E-01
   4.9000001E-03    -1.0009586E-02  -7.0728401E-01
   4.9100001E-03    -9.1019981E-03  -6.4388616E-01
   4.9200002E-03    -8.2067325E-03  -5.7803601E-01
   4.9299998E-03    -7.2314109E-03  -5.1016318E-01
   4.9399999E-03    -6.2755994E-03  -4.4023877E-01
   4.9500000E-03    -5.2460290E-03  -3.6865547E-01
   4.9600000E-03    -4.2446565E-03  -2.9577817E-01
   4.9700001E-03    -3.1784986E-03  -2.2195776E-01
   4.9800002E-03    -2.1481374E-03  -1.4745347E-01
   4.9899998E-03    -1.0601420E-03  -7.2562506E-02
   4.9999999E-03    -3.2373250E-05   2.3636190E-03
Y

 ** TRANSIENT ANALYSIS COMPLETED


         JOB CONCLUDED

         Simulation Time          0.15 secs

         TOTAL JOB TIME           0.16 secs




 *******************************************

 Thank you for trying TopSpice 8 DEMO.

 To order the full product version, contact:

     Penzar Development
     PO Box 900847
     Palmdale, CA 93590
     U.S.A.

     Tel: 818-884-2246  Fax: 818-579-9370
     E-mail: sales.info@penzar.com
     http://www.penzar.com

 *******************************************


