Flow report for Round
Tue Apr 10 21:04:50 2007
Quartus II Version 7.1 Build 156 04/30/2007 SJ Web Edition


---------------------
; Table of Contents ;
---------------------
  1. Legal Notice
  2. Flow Summary
  3. Flow Settings
  4. Flow Non-Default Global Settings
  5. Flow Elapsed Time
  6. Flow Log



----------------
; Legal Notice ;
----------------
Copyright (C) 1991-2007 Altera Corporation
Your use of Altera Corporation's design tools, logic functions 
and other software and tools, and its AMPP partner logic 
functions, and any output files from any of the foregoing 
(including device programming or simulation files), and any 
associated documentation or information are expressly subject 
to the terms and conditions of the Altera Program License 
Subscription Agreement, Altera MegaCore Function License 
Agreement, or other applicable license agreement, including, 
without limitation, that your use is for the sole purpose of 
programming logic devices manufactured by Altera and sold by 
Altera or its authorized distributors.  Please refer to the 
applicable agreement for further details.



+-------------------------------------------------------------------+
; Flow Summary                                                      ;
+-------------------------+-----------------------------------------+
; Flow Status             ; Successful - Tue Apr 10 21:04:50 2007   ;
; Quartus II Version      ; 7.1 Build 156 04/30/2007 SJ Web Edition ;
; Revision Name           ; Round                                   ;
; Top-level Entity Name   ; Round                                   ;
; Family                  ; Cyclone                                 ;
; Device                  ; EP1C6Q240C8                             ;
; Timing Models           ; Final                                   ;
; Met timing requirements ; Yes                                     ;
; Total logic elements    ; 450 / 5,980 ( 8 % )                     ;
; Total pins              ; 78 / 185 ( 42 % )                       ;
; Total virtual pins      ; 0                                       ;
; Total memory bits       ; 0 / 92,160 ( 0 % )                      ;
; Total PLLs              ; 0 / 2 ( 0 % )                           ;
+-------------------------+-----------------------------------------+


+-----------------------------------------+
; Flow Settings                           ;
+-------------------+---------------------+
; Option            ; Setting             ;
+-------------------+---------------------+
; Start date & time ; 04/10/2007 21:03:45 ;
; Main task         ; Compilation         ;
; Revision Name     ; Round               ;
+-------------------+---------------------+


+--------------------------------------------------------------------------------------------------------------------+
; Flow Non-Default Global Settings                                                                                   ;
+--------------------------------------------+------------------+---------------+-------------+----------------------+
; Assignment Name                            ; Value            ; Default Value ; Entity Name ; Section Id           ;
+--------------------------------------------+------------------+---------------+-------------+----------------------+
; EDA_DESIGN_ENTRY_SYNTHESIS_TOOL            ; Design Compiler  ; <None>        ; --          ; --                   ;
; EDA_INCLUDE_VHDL_CONFIGURATION_DECLARATION ; On               ; --            ; --          ; eda_simulation       ;
; EDA_INCLUDE_VHDL_CONFIGURATION_DECLARATION ; On               ; --            ; --          ; eda_timing_analysis  ;
; EDA_INPUT_DATA_FORMAT                      ; Vhdl             ; --            ; --          ; eda_design_synthesis ;
; EDA_INPUT_VCC_NAME                         ; Vdd              ; --            ; --          ; eda_design_synthesis ;
; EDA_LMF_FILE                               ; altsyn.lmf       ; --            ; --          ; eda_design_synthesis ;
; EDA_OUTPUT_DATA_FORMAT                     ; Vhdl             ; --            ; --          ; eda_simulation       ;
; EDA_OUTPUT_DATA_FORMAT                     ; Vhdl             ; --            ; --          ; eda_timing_analysis  ;
; EDA_SIMULATION_TOOL                        ; ModelSim (VHDL)  ; <None>        ; --          ; --                   ;
; EDA_TIMING_ANALYSIS_TOOL                   ; PrimeTime (VHDL) ; <None>        ; --          ; --                   ;
; PARTITION_NETLIST_TYPE                     ; SOURCE           ; --            ; --          ; Top                  ;
+--------------------------------------------+------------------+---------------+-------------+----------------------+


+----------------------------------------+
; Flow Elapsed Time                      ;
+-------------------------+--------------+
; Module Name             ; Elapsed Time ;
+-------------------------+--------------+
; Analysis & Synthesis    ; 00:00:27     ;
; Fitter                  ; 00:00:10     ;
; Assembler               ; 00:00:01     ;
; Classic Timing Analyzer ; 00:00:01     ;
; EDA Netlist Writer      ; 00:00:02     ;
; Total                   ; 00:00:41     ;
+-------------------------+--------------+


------------
; Flow Log ;
------------
quartus_map --read_settings_files=on --write_settings_files=off Round -c Round
quartus_fit --read_settings_files=off --write_settings_files=off Round -c Round
quartus_asm --read_settings_files=off --write_settings_files=off Round -c Round
quartus_tan --read_settings_files=off --write_settings_files=off Round -c Round --timing_analysis_only
quartus_eda --read_settings_files=off --write_settings_files=off Round -c Round



