Simulator report for Round
Tue Apr 10 23:04:57 2007
Quartus II Version 7.1 Build 156 04/30/2007 SJ Web Edition


---------------------
; Table of Contents ;
---------------------
  1. Legal Notice
  2. Simulator Summary
  3. Simulator Settings
  4. Simulation Waveforms
  5. Coverage Summary
  6. Complete 1/0-Value Coverage
  7. Missing 1-Value Coverage
  8. Missing 0-Value Coverage
  9. Simulator INI Usage
 10. Simulator Messages



----------------
; Legal Notice ;
----------------
Copyright (C) 1991-2007 Altera Corporation
Your use of Altera Corporation's design tools, logic functions 
and other software and tools, and its AMPP partner logic 
functions, and any output files from any of the foregoing 
(including device programming or simulation files), and any 
associated documentation or information are expressly subject 
to the terms and conditions of the Altera Program License 
Subscription Agreement, Altera MegaCore Function License 
Agreement, or other applicable license agreement, including, 
without limitation, that your use is for the sole purpose of 
programming logic devices manufactured by Altera and sold by 
Altera or its authorized distributors.  Please refer to the 
applicable agreement for further details.



+--------------------------------------------+
; Simulator Summary                          ;
+-----------------------------+--------------+
; Type                        ; Value        ;
+-----------------------------+--------------+
; Simulation Start Time       ; 0 ps         ;
; Simulation End Time         ; 1.0 us       ;
; Simulation Netlist Size     ; 528 nodes    ;
; Simulation Coverage         ;       0.18 % ;
; Total Number of Transitions ; 14           ;
; Simulation Breakpoints      ; 0            ;
; Family                      ; Cyclone      ;
; Device                      ; EP1C6Q240C8  ;
+-----------------------------+--------------+


+-------------------------------------------------------------------------------------------------------------------------+
; Simulator Settings                                                                                                      ;
+--------------------------------------------------------------------------------------------+------------+---------------+
; Option                                                                                     ; Setting    ; Default Value ;
+--------------------------------------------------------------------------------------------+------------+---------------+
; Simulation mode                                                                            ; Timing     ; Timing        ;
; Start time                                                                                 ; 0 ns       ; 0 ns          ;
; Simulation results format                                                                  ; CVWF       ;               ;
; Add pins automatically to simulation output waveforms                                      ; On         ; On            ;
; Check outputs                                                                              ; Off        ; Off           ;
; Report simulation coverage                                                                 ; On         ; On            ;
; Display complete 1/0 value coverage report                                                 ; On         ; On            ;
; Display missing 1-value coverage report                                                    ; On         ; On            ;
; Display missing 0-value coverage report                                                    ; On         ; On            ;
; Detect setup and hold time violations                                                      ; Off        ; Off           ;
; Detect glitches                                                                            ; Off        ; Off           ;
; Disable timing delays in Timing Simulation                                                 ; Off        ; Off           ;
; Generate Signal Activity File                                                              ; Off        ; Off           ;
; Generate VCD File for PowerPlay Power Analyzer                                             ; Off        ; Off           ;
; Group bus channels in simulation results                                                   ; Off        ; Off           ;
; Preserve fewer signal transitions to reduce memory requirements                            ; On         ; On            ;
; Trigger vector comparison with the specified mode                                          ; INPUT_EDGE ; INPUT_EDGE    ;
; Disable setup and hold time violations detection in input registers of bi-directional pins ; Off        ; Off           ;
; Overwrite Waveform Inputs With Simulation Outputs                                          ; Off        ;               ;
; Perform Glitch Filtering in Timing Simulation                                              ; Auto       ; Auto          ;
+--------------------------------------------------------------------------------------------+------------+---------------+


+----------------------+
; Simulation Waveforms ;
+----------------------+
Waveform report data cannot be output to ASCII.
Please use Quartus II to view the waveform report data.


+--------------------------------------------------------------------+
; Coverage Summary                                                   ;
+-----------------------------------------------------+--------------+
; Type                                                ; Value        ;
+-----------------------------------------------------+--------------+
; Total coverage as a percentage                      ;       0.18 % ;
; Total nodes checked                                 ; 528          ;
; Total output ports checked                          ; 567          ;
; Total output ports with complete 1/0-value coverage ; 1            ;
; Total output ports with no 1/0-value coverage       ; 554          ;
; Total output ports with no 1-value coverage         ; 554          ;
; Total output ports with no 0-value coverage         ; 566          ;
+-----------------------------------------------------+--------------+


The following table displays output ports that toggle between 1 and 0 during simulation.
+-------------------------------------------------+
; Complete 1/0-Value Coverage                     ;
+-----------+------------------+------------------+
; Node Name ; Output Port Name ; Output Port Type ;
+-----------+------------------+------------------+
; |Round|en ; |Round|en~corein ; combout          ;
+-----------+------------------+------------------+


The following table displays output ports that do not toggle to 1 during simulation.
+-----------------------------------------------------------------------+
; Missing 1-Value Coverage                                              ;
+-----------------------+----------------------------+------------------+
; Node Name             ; Output Port Name           ; Output Port Type ;
+-----------------------+----------------------------+------------------+
; |Round|rndopt[1]      ; |Round|rndopt[1]           ; regout           ;
; |Round|rndopt[1]      ; |Round|rndopt[1]~115       ; cout             ;
; |Round|rndopt[2]      ; |Round|rndopt[2]           ; regout           ;
; |Round|rndopt[2]      ; |Round|rndopt[2]~116       ; cout0            ;
; |Round|rndopt[2]      ; |Round|rndopt[2]~116COUT1  ; cout1            ;
; |Round|rndopt[3]      ; |Round|rndopt[3]           ; regout           ;
; |Round|rndopt[3]      ; |Round|rndopt[3]~117       ; cout0            ;
; |Round|rndopt[3]      ; |Round|rndopt[3]~117COUT1  ; cout1            ;
; |Round|rndopt[4]      ; |Round|rndopt[4]           ; regout           ;
; |Round|rndopt[4]      ; |Round|rndopt[4]~118       ; cout0            ;
; |Round|rndopt[4]      ; |Round|rndopt[4]~118COUT1  ; cout1            ;
; |Round|rndopt[5]      ; |Round|rndopt[5]           ; regout           ;
; |Round|rndopt[5]      ; |Round|rndopt[5]~119       ; cout0            ;
; |Round|rndopt[5]      ; |Round|rndopt[5]~119COUT1  ; cout1            ;
; |Round|rndopt[6]      ; |Round|rndopt[6]~120       ; cout             ;
; |Round|rndopt[7]      ; |Round|rndopt[7]           ; regout           ;
; |Round|rndopt[7]      ; |Round|rndopt[7]~121       ; cout0            ;
; |Round|rndopt[7]      ; |Round|rndopt[7]~121COUT1  ; cout1            ;
; |Round|rndopt[8]      ; |Round|rndopt[8]           ; regout           ;
; |Round|rndopt[8]      ; |Round|rndopt[8]~122       ; cout0            ;
; |Round|rndopt[8]      ; |Round|rndopt[8]~122COUT1  ; cout1            ;
; |Round|rndopt[9]      ; |Round|rndopt[9]           ; regout           ;
; |Round|rndopt[9]      ; |Round|rndopt[9]~123       ; cout0            ;
; |Round|rndopt[9]      ; |Round|rndopt[9]~123COUT1  ; cout1            ;
; |Round|rndopt[10]     ; |Round|rndopt[10]          ; regout           ;
; |Round|rndopt[10]     ; |Round|rndopt[10]~124      ; cout0            ;
; |Round|rndopt[10]     ; |Round|rndopt[10]~124COUT1 ; cout1            ;
; |Round|rndopt[11]     ; |Round|rndopt[11]          ; regout           ;
; |Round|rndopt[11]     ; |Round|rndopt[11]~125      ; cout             ;
; |Round|rndopt[12]     ; |Round|rndopt[12]          ; regout           ;
; |Round|rndopt[12]     ; |Round|rndopt[12]~126      ; cout0            ;
; |Round|rndopt[12]     ; |Round|rndopt[12]~126COUT1 ; cout1            ;
; |Round|rndopt[13]     ; |Round|rndopt[13]          ; regout           ;
; |Round|rndopt[13]     ; |Round|rndopt[13]~127      ; cout0            ;
; |Round|rndopt[13]     ; |Round|rndopt[13]~127COUT1 ; cout1            ;
; |Round|rndopt[14]     ; |Round|rndopt[14]          ; regout           ;
; |Round|rndopt[14]     ; |Round|rndopt[14]~128      ; cout0            ;
; |Round|rndopt[14]     ; |Round|rndopt[14]~128COUT1 ; cout1            ;
; |Round|rndopt[15]     ; |Round|rndopt[15]          ; regout           ;
; |Round|rndopt[15]     ; |Round|rndopt[15]~129      ; cout0            ;
; |Round|rndopt[15]     ; |Round|rndopt[15]~129COUT1 ; cout1            ;
; |Round|rndopt[16]     ; |Round|rndopt[16]~130      ; cout             ;
; |Round|rndopt[17]     ; |Round|rndopt[17]          ; regout           ;
; |Round|rndopt[17]     ; |Round|rndopt[17]~131      ; cout0            ;
; |Round|rndopt[17]     ; |Round|rndopt[17]~131COUT1 ; cout1            ;
; |Round|rndopt[18]     ; |Round|rndopt[18]          ; regout           ;
; |Round|rndopt[18]     ; |Round|rndopt[18]~132      ; cout0            ;
; |Round|rndopt[18]     ; |Round|rndopt[18]~132COUT1 ; cout1            ;
; |Round|rndopt[19]     ; |Round|rndopt[19]          ; regout           ;
; |Round|rndopt[19]     ; |Round|rndopt[19]~133      ; cout0            ;
; |Round|rndopt[19]     ; |Round|rndopt[19]~133COUT1 ; cout1            ;
; |Round|rndopt[20]     ; |Round|rndopt[20]~134      ; cout0            ;
; |Round|rndopt[20]     ; |Round|rndopt[20]~134COUT1 ; cout1            ;
; |Round|rndopt[21]     ; |Round|rndopt[21]          ; regout           ;
; |Round|rndopt[21]     ; |Round|rndopt[21]~135      ; cout             ;
; |Round|rndopt[22]     ; |Round|rndopt[22]          ; regout           ;
; |Round|rndopt[22]     ; |Round|rndopt[22]~136      ; cout0            ;
; |Round|rndopt[22]     ; |Round|rndopt[22]~136COUT1 ; cout1            ;
; |Round|aexpt[2]       ; |Round|aexpt[2]            ; regout           ;
; |Round|aexpt[3]       ; |Round|aexpt[3]            ; regout           ;
; |Round|aexpt[4]       ; |Round|aexpt[4]            ; regout           ;
; |Round|process0~15543 ; |Round|process0~15543      ; combout          ;
; |Round|process0~160   ; |Round|process0~160        ; combout          ;
; |Round|process0~15544 ; |Round|process0~15544      ; combout          ;
; |Round|process0~274   ; |Round|process0~274        ; combout          ;
; |Round|process0~361   ; |Round|process0~361        ; combout          ;
; |Round|process0~448   ; |Round|process0~448        ; combout          ;
; |Round|process0~538   ; |Round|process0~538        ; combout          ;
; |Round|process0~15545 ; |Round|process0~15545      ; combout          ;
; |Round|process0~508   ; |Round|process0~508        ; combout          ;
; |Round|process0~15546 ; |Round|process0~15546      ; combout          ;
; |Round|process0~332   ; |Round|process0~332        ; combout          ;
; |Round|process0~15547 ; |Round|process0~15547      ; combout          ;
; |Round|process0~15548 ; |Round|process0~15548      ; combout          ;
; |Round|process0~15549 ; |Round|process0~15549      ; combout          ;
; |Round|process0~15550 ; |Round|process0~15550      ; combout          ;
; |Round|process0~15551 ; |Round|process0~15551      ; combout          ;
; |Round|process0~15552 ; |Round|process0~15552      ; combout          ;
; |Round|process0~15553 ; |Round|process0~15553      ; combout          ;
; |Round|process0~15554 ; |Round|process0~15554      ; combout          ;
; |Round|process0~216   ; |Round|process0~216        ; combout          ;
; |Round|process0~15555 ; |Round|process0~15555      ; combout          ;
; |Round|process0~15556 ; |Round|process0~15556      ; combout          ;
; |Round|process0~15557 ; |Round|process0~15557      ; combout          ;
; |Round|process0~15558 ; |Round|process0~15558      ; combout          ;
; |Round|process0~390   ; |Round|process0~390        ; combout          ;
; |Round|process0~15559 ; |Round|process0~15559      ; combout          ;
; |Round|process0~15560 ; |Round|process0~15560      ; combout          ;
; |Round|process0~419   ; |Round|process0~419        ; combout          ;
; |Round|process0~15561 ; |Round|process0~15561      ; combout          ;
; |Round|process0~15562 ; |Round|process0~15562      ; combout          ;
; |Round|process0~15563 ; |Round|process0~15563      ; combout          ;
; |Round|process0~15564 ; |Round|process0~15564      ; combout          ;
; |Round|process0~15565 ; |Round|process0~15565      ; combout          ;
; |Round|process0~568   ; |Round|process0~568        ; combout          ;
; |Round|process0~15566 ; |Round|process0~15566      ; combout          ;
; |Round|process0~15567 ; |Round|process0~15567      ; combout          ;
; |Round|process0~478   ; |Round|process0~478        ; combout          ;
; |Round|process0~15568 ; |Round|process0~15568      ; combout          ;
; |Round|process0~15569 ; |Round|process0~15569      ; combout          ;
; |Round|process0~15570 ; |Round|process0~15570      ; combout          ;
; |Round|process0~15571 ; |Round|process0~15571      ; combout          ;
; |Round|process0~15572 ; |Round|process0~15572      ; combout          ;
; |Round|process0~15573 ; |Round|process0~15573      ; combout          ;
; |Round|process0~628   ; |Round|process0~628        ; combout          ;
; |Round|process0~15574 ; |Round|process0~15574      ; combout          ;
; |Round|process0~104   ; |Round|process0~104        ; combout          ;
; |Round|process0~15575 ; |Round|process0~15575      ; combout          ;
; |Round|process0~15576 ; |Round|process0~15576      ; combout          ;
; |Round|process0~15577 ; |Round|process0~15577      ; combout          ;
; |Round|process0~15578 ; |Round|process0~15578      ; combout          ;
; |Round|process0~15579 ; |Round|process0~15579      ; combout          ;
; |Round|process0~15580 ; |Round|process0~15580      ; combout          ;
; |Round|process0~15581 ; |Round|process0~15581      ; combout          ;
; |Round|process0~15582 ; |Round|process0~15582      ; combout          ;
; |Round|process0~15583 ; |Round|process0~15583      ; combout          ;
; |Round|process0~15584 ; |Round|process0~15584      ; combout          ;
; |Round|process0~15585 ; |Round|process0~15585      ; combout          ;
; |Round|process0~15586 ; |Round|process0~15586      ; combout          ;
; |Round|process0~15587 ; |Round|process0~15587      ; combout          ;
; |Round|process0~15588 ; |Round|process0~15588      ; combout          ;
; |Round|process0~15589 ; |Round|process0~15589      ; combout          ;
; |Round|process0~15590 ; |Round|process0~15590      ; combout          ;
; |Round|process0~15591 ; |Round|process0~15591      ; combout          ;
; |Round|process0~15592 ; |Round|process0~15592      ; combout          ;
; |Round|process0~15593 ; |Round|process0~15593      ; combout          ;
; |Round|process0~15594 ; |Round|process0~15594      ; combout          ;
; |Round|process0~15595 ; |Round|process0~15595      ; combout          ;
; |Round|process0~15596 ; |Round|process0~15596      ; combout          ;
; |Round|process0~15597 ; |Round|process0~15597      ; combout          ;
; |Round|process0~15598 ; |Round|process0~15598      ; combout          ;
; |Round|process0~15599 ; |Round|process0~15599      ; combout          ;
; |Round|process0~15600 ; |Round|process0~15600      ; combout          ;
; |Round|process0~15601 ; |Round|process0~15601      ; combout          ;
; |Round|process0~15602 ; |Round|process0~15602      ; combout          ;
; |Round|process0~15603 ; |Round|process0~15603      ; combout          ;
; |Round|process0~15604 ; |Round|process0~15604      ; combout          ;
; |Round|process0~15605 ; |Round|process0~15605      ; combout          ;
; |Round|process0~15606 ; |Round|process0~15606      ; combout          ;
; |Round|process0~15607 ; |Round|process0~15607      ; combout          ;
; |Round|process0~15608 ; |Round|process0~15608      ; combout          ;
; |Round|process0~15609 ; |Round|process0~15609      ; combout          ;
; |Round|process0~15610 ; |Round|process0~15610      ; combout          ;
; |Round|process0~15611 ; |Round|process0~15611      ; combout          ;
; |Round|process0~15612 ; |Round|process0~15612      ; combout          ;
; |Round|process0~15613 ; |Round|process0~15613      ; combout          ;
; |Round|process0~15614 ; |Round|process0~15614      ; combout          ;
; |Round|process0~15615 ; |Round|process0~15615      ; combout          ;
; |Round|process0~15616 ; |Round|process0~15616      ; combout          ;
; |Round|process0~15617 ; |Round|process0~15617      ; combout          ;
; |Round|process0~15618 ; |Round|process0~15618      ; combout          ;
; |Round|process0~15619 ; |Round|process0~15619      ; combout          ;
; |Round|process0~15620 ; |Round|process0~15620      ; combout          ;
; |Round|process0~15621 ; |Round|process0~15621      ; combout          ;
; |Round|process0~15622 ; |Round|process0~15622      ; combout          ;
; |Round|process0~15623 ; |Round|process0~15623      ; combout          ;
; |Round|process0~15624 ; |Round|process0~15624      ; combout          ;
; |Round|process0~15625 ; |Round|process0~15625      ; combout          ;
; |Round|process0~15626 ; |Round|process0~15626      ; combout          ;
; |Round|process0~15627 ; |Round|process0~15627      ; combout          ;
; |Round|process0~15628 ; |Round|process0~15628      ; combout          ;
; |Round|process0~15629 ; |Round|process0~15629      ; combout          ;
; |Round|process0~15630 ; |Round|process0~15630      ; combout          ;
; |Round|process0~15631 ; |Round|process0~15631      ; combout          ;
; |Round|process0~15632 ; |Round|process0~15632      ; combout          ;
; |Round|process0~15633 ; |Round|process0~15633      ; combout          ;
; |Round|process0~15634 ; |Round|process0~15634      ; combout          ;
; |Round|process0~15635 ; |Round|process0~15635      ; combout          ;
; |Round|process0~15636 ; |Round|process0~15636      ; combout          ;
; |Round|process0~15637 ; |Round|process0~15637      ; combout          ;
; |Round|process0~15638 ; |Round|process0~15638      ; combout          ;
; |Round|process0~15639 ; |Round|process0~15639      ; combout          ;
; |Round|process0~15640 ; |Round|process0~15640      ; combout          ;
; |Round|process0~15641 ; |Round|process0~15641      ; combout          ;
; |Round|process0~15642 ; |Round|process0~15642      ; combout          ;
; |Round|process0~15643 ; |Round|process0~15643      ; combout          ;
; |Round|process0~15644 ; |Round|process0~15644      ; combout          ;
; |Round|process0~15645 ; |Round|process0~15645      ; combout          ;
; |Round|process0~15646 ; |Round|process0~15646      ; combout          ;
; |Round|process0~15647 ; |Round|process0~15647      ; combout          ;
; |Round|process0~15648 ; |Round|process0~15648      ; combout          ;
; |Round|process0~15649 ; |Round|process0~15649      ; combout          ;
; |Round|process0~15650 ; |Round|process0~15650      ; combout          ;
; |Round|process0~15651 ; |Round|process0~15651      ; combout          ;
; |Round|process0~15652 ; |Round|process0~15652      ; combout          ;
; |Round|process0~15653 ; |Round|process0~15653      ; combout          ;
; |Round|process0~15654 ; |Round|process0~15654      ; combout          ;
; |Round|process0~15655 ; |Round|process0~15655      ; combout          ;
; |Round|process0~15656 ; |Round|process0~15656      ; combout          ;
; |Round|process0~15657 ; |Round|process0~15657      ; combout          ;
; |Round|process0~15658 ; |Round|process0~15658      ; combout          ;
; |Round|process0~15659 ; |Round|process0~15659      ; combout          ;
; |Round|process0~15660 ; |Round|process0~15660      ; combout          ;
; |Round|process0~15661 ; |Round|process0~15661      ; combout          ;
; |Round|process0~15662 ; |Round|process0~15662      ; combout          ;
; |Round|process0~15663 ; |Round|process0~15663      ; combout          ;
; |Round|process0~15664 ; |Round|process0~15664      ; combout          ;
; |Round|process0~15665 ; |Round|process0~15665      ; combout          ;
; |Round|process0~15666 ; |Round|process0~15666      ; combout          ;
; |Round|process0~15667 ; |Round|process0~15667      ; combout          ;
; |Round|process0~15668 ; |Round|process0~15668      ; combout          ;
; |Round|process0~15669 ; |Round|process0~15669      ; combout          ;
; |Round|process0~15670 ; |Round|process0~15670      ; combout          ;
; |Round|process0~15671 ; |Round|process0~15671      ; combout          ;
; |Round|process0~15672 ; |Round|process0~15672      ; combout          ;
; |Round|process0~15673 ; |Round|process0~15673      ; combout          ;
; |Round|process0~15674 ; |Round|process0~15674      ; combout          ;
; |Round|process0~15675 ; |Round|process0~15675      ; combout          ;
; |Round|process0~15676 ; |Round|process0~15676      ; combout          ;
; |Round|process0~15677 ; |Round|process0~15677      ; combout          ;
; |Round|process0~15678 ; |Round|process0~15678      ; combout          ;
; |Round|process0~15679 ; |Round|process0~15679      ; combout          ;
; |Round|process0~15680 ; |Round|process0~15680      ; combout          ;
; |Round|process0~15681 ; |Round|process0~15681      ; combout          ;
; |Round|process0~15682 ; |Round|process0~15682      ; combout          ;
; |Round|process0~15683 ; |Round|process0~15683      ; combout          ;
; |Round|process0~15684 ; |Round|process0~15684      ; combout          ;
; |Round|process0~15685 ; |Round|process0~15685      ; combout          ;
; |Round|process0~15686 ; |Round|process0~15686      ; combout          ;
; |Round|process0~15687 ; |Round|process0~15687      ; combout          ;
; |Round|process0~15688 ; |Round|process0~15688      ; combout          ;
; |Round|process0~15689 ; |Round|process0~15689      ; combout          ;
; |Round|process0~15690 ; |Round|process0~15690      ; combout          ;
; |Round|process0~15691 ; |Round|process0~15691      ; combout          ;
; |Round|process0~15692 ; |Round|process0~15692      ; combout          ;
; |Round|process0~15693 ; |Round|process0~15693      ; combout          ;
; |Round|process0~15694 ; |Round|process0~15694      ; combout          ;
; |Round|process0~15695 ; |Round|process0~15695      ; combout          ;
; |Round|process0~15696 ; |Round|process0~15696      ; combout          ;
; |Round|process0~15697 ; |Round|process0~15697      ; combout          ;
; |Round|process0~15698 ; |Round|process0~15698      ; combout          ;
; |Round|process0~15699 ; |Round|process0~15699      ; combout          ;
; |Round|process0~15700 ; |Round|process0~15700      ; combout          ;
; |Round|process0~15701 ; |Round|process0~15701      ; combout          ;
; |Round|process0~15702 ; |Round|process0~15702      ; combout          ;
; |Round|process0~15703 ; |Round|process0~15703      ; combout          ;
; |Round|process0~15704 ; |Round|process0~15704      ; combout          ;
; |Round|process0~15705 ; |Round|process0~15705      ; combout          ;
; |Round|process0~15706 ; |Round|process0~15706      ; combout          ;
; |Round|process0~15707 ; |Round|process0~15707      ; combout          ;
; |Round|process0~15708 ; |Round|process0~15708      ; combout          ;
; |Round|process0~15709 ; |Round|process0~15709      ; combout          ;
; |Round|process0~15710 ; |Round|process0~15710      ; combout          ;
; |Round|process0~15711 ; |Round|process0~15711      ; combout          ;
; |Round|process0~15712 ; |Round|process0~15712      ; combout          ;
; |Round|process0~15713 ; |Round|process0~15713      ; combout          ;
; |Round|process0~15714 ; |Round|process0~15714      ; combout          ;
; |Round|process0~15715 ; |Round|process0~15715      ; combout          ;
; |Round|process0~15716 ; |Round|process0~15716      ; combout          ;
; |Round|process0~15717 ; |Round|process0~15717      ; combout          ;
; |Round|process0~15718 ; |Round|process0~15718      ; combout          ;
; |Round|process0~15719 ; |Round|process0~15719      ; combout          ;
; |Round|process0~15720 ; |Round|process0~15720      ; combout          ;
; |Round|process0~15721 ; |Round|process0~15721      ; combout          ;
; |Round|process0~15722 ; |Round|process0~15722      ; combout          ;
; |Round|process0~15723 ; |Round|process0~15723      ; combout          ;
; |Round|process0~15724 ; |Round|process0~15724      ; combout          ;
; |Round|process0~15725 ; |Round|process0~15725      ; combout          ;
; |Round|process0~15726 ; |Round|process0~15726      ; combout          ;
; |Round|process0~15727 ; |Round|process0~15727      ; combout          ;
; |Round|process0~15728 ; |Round|process0~15728      ; combout          ;
; |Round|process0~15729 ; |Round|process0~15729      ; combout          ;
; |Round|process0~15730 ; |Round|process0~15730      ; combout          ;
; |Round|process0~15731 ; |Round|process0~15731      ; combout          ;
; |Round|process0~15732 ; |Round|process0~15732      ; combout          ;
; |Round|process0~15733 ; |Round|process0~15733      ; combout          ;
; |Round|process0~15734 ; |Round|process0~15734      ; combout          ;
; |Round|process0~15735 ; |Round|process0~15735      ; combout          ;
; |Round|process0~15736 ; |Round|process0~15736      ; combout          ;
; |Round|process0~15737 ; |Round|process0~15737      ; combout          ;
; |Round|process0~15738 ; |Round|process0~15738      ; combout          ;
; |Round|process0~15739 ; |Round|process0~15739      ; combout          ;
; |Round|process0~15740 ; |Round|process0~15740      ; combout          ;
; |Round|process0~15741 ; |Round|process0~15741      ; combout          ;
; |Round|process0~15742 ; |Round|process0~15742      ; combout          ;
; |Round|process0~15743 ; |Round|process0~15743      ; combout          ;
; |Round|process0~15744 ; |Round|process0~15744      ; combout          ;
; |Round|process0~15745 ; |Round|process0~15745      ; combout          ;
; |Round|process0~15746 ; |Round|process0~15746      ; combout          ;
; |Round|process0~15747 ; |Round|process0~15747      ; combout          ;
; |Round|process0~15748 ; |Round|process0~15748      ; combout          ;
; |Round|process0~15749 ; |Round|process0~15749      ; combout          ;
; |Round|process0~15750 ; |Round|process0~15750      ; combout          ;
; |Round|process0~15751 ; |Round|process0~15751      ; combout          ;
; |Round|process0~15752 ; |Round|process0~15752      ; combout          ;
; |Round|process0~15753 ; |Round|process0~15753      ; combout          ;
; |Round|process0~15754 ; |Round|process0~15754      ; combout          ;
; |Round|process0~15755 ; |Round|process0~15755      ; combout          ;
; |Round|process0~15756 ; |Round|process0~15756      ; combout          ;
; |Round|process0~15757 ; |Round|process0~15757      ; combout          ;
; |Round|process0~15758 ; |Round|process0~15758      ; combout          ;
; |Round|process0~15759 ; |Round|process0~15759      ; combout          ;
; |Round|process0~15760 ; |Round|process0~15760      ; combout          ;
; |Round|process0~15761 ; |Round|process0~15761      ; combout          ;
; |Round|process0~15762 ; |Round|process0~15762      ; combout          ;
; |Round|process0~15763 ; |Round|process0~15763      ; combout          ;
; |Round|process0~15764 ; |Round|process0~15764      ; combout          ;
; |Round|process0~15765 ; |Round|process0~15765      ; combout          ;
; |Round|process0~15766 ; |Round|process0~15766      ; combout          ;
; |Round|process0~15767 ; |Round|process0~15767      ; combout          ;
; |Round|process0~15768 ; |Round|process0~15768      ; combout          ;
; |Round|process0~15769 ; |Round|process0~15769      ; combout          ;
; |Round|process0~15770 ; |Round|process0~15770      ; combout          ;
; |Round|process0~15771 ; |Round|process0~15771      ; combout          ;
; |Round|process0~15772 ; |Round|process0~15772      ; combout          ;
; |Round|process0~15773 ; |Round|process0~15773      ; combout          ;
; |Round|process0~15774 ; |Round|process0~15774      ; combout          ;
; |Round|process0~15775 ; |Round|process0~15775      ; combout          ;
; |Round|process0~15776 ; |Round|process0~15776      ; combout          ;
; |Round|process0~15777 ; |Round|process0~15777      ; combout          ;
; |Round|process0~15778 ; |Round|process0~15778      ; combout          ;
; |Round|process0~15779 ; |Round|process0~15779      ; combout          ;
; |Round|process0~15780 ; |Round|process0~15780      ; combout          ;
; |Round|process0~15781 ; |Round|process0~15781      ; combout          ;
; |Round|process0~15782 ; |Round|process0~15782      ; combout          ;
; |Round|process0~15783 ; |Round|process0~15783      ; combout          ;
; |Round|process0~15784 ; |Round|process0~15784      ; combout          ;
; |Round|process0~15785 ; |Round|process0~15785      ; combout          ;
; |Round|process0~15786 ; |Round|process0~15786      ; combout          ;
; |Round|process0~15787 ; |Round|process0~15787      ; combout          ;
; |Round|process0~15788 ; |Round|process0~15788      ; combout          ;
; |Round|process0~15789 ; |Round|process0~15789      ; combout          ;
; |Round|process0~15790 ; |Round|process0~15790      ; combout          ;
; |Round|process0~15791 ; |Round|process0~15791      ; combout          ;
; |Round|process0~15792 ; |Round|process0~15792      ; combout          ;
; |Round|process0~15793 ; |Round|process0~15793      ; combout          ;
; |Round|process0~15794 ; |Round|process0~15794      ; combout          ;
; |Round|process0~15795 ; |Round|process0~15795      ; combout          ;
; |Round|process0~15796 ; |Round|process0~15796      ; combout          ;
; |Round|process0~15797 ; |Round|process0~15797      ; combout          ;
; |Round|process0~15798 ; |Round|process0~15798      ; combout          ;
; |Round|process0~15799 ; |Round|process0~15799      ; combout          ;
; |Round|process0~15800 ; |Round|process0~15800      ; combout          ;
; |Round|process0~15801 ; |Round|process0~15801      ; combout          ;
; |Round|process0~15802 ; |Round|process0~15802      ; combout          ;
; |Round|process0~15803 ; |Round|process0~15803      ; combout          ;
; |Round|process0~15804 ; |Round|process0~15804      ; combout          ;
; |Round|process0~15805 ; |Round|process0~15805      ; combout          ;
; |Round|process0~15806 ; |Round|process0~15806      ; combout          ;
; |Round|process0~15807 ; |Round|process0~15807      ; combout          ;
; |Round|process0~15808 ; |Round|process0~15808      ; combout          ;
; |Round|process0~15809 ; |Round|process0~15809      ; combout          ;
; |Round|process0~15810 ; |Round|process0~15810      ; combout          ;
; |Round|process0~15811 ; |Round|process0~15811      ; combout          ;
; |Round|process0~15812 ; |Round|process0~15812      ; combout          ;
; |Round|process0~15813 ; |Round|process0~15813      ; combout          ;
; |Round|process0~15814 ; |Round|process0~15814      ; combout          ;
; |Round|process0~15815 ; |Round|process0~15815      ; combout          ;
; |Round|process0~15816 ; |Round|process0~15816      ; combout          ;
; |Round|process0~15817 ; |Round|process0~15817      ; combout          ;
; |Round|process0~15818 ; |Round|process0~15818      ; combout          ;
; |Round|process0~15819 ; |Round|process0~15819      ; combout          ;
; |Round|process0~15820 ; |Round|process0~15820      ; combout          ;
; |Round|process0~15821 ; |Round|process0~15821      ; combout          ;
; |Round|process0~15822 ; |Round|process0~15822      ; combout          ;
; |Round|process0~15823 ; |Round|process0~15823      ; combout          ;
; |Round|process0~15824 ; |Round|process0~15824      ; combout          ;
; |Round|process0~15825 ; |Round|process0~15825      ; combout          ;
; |Round|process0~15826 ; |Round|process0~15826      ; combout          ;
; |Round|process0~15827 ; |Round|process0~15827      ; combout          ;
; |Round|process0~15828 ; |Round|process0~15828      ; combout          ;
; |Round|process0~15829 ; |Round|process0~15829      ; combout          ;
; |Round|process0~15830 ; |Round|process0~15830      ; combout          ;
; |Round|process0~15831 ; |Round|process0~15831      ; combout          ;
; |Round|process0~15832 ; |Round|process0~15832      ; combout          ;
; |Round|process0~15833 ; |Round|process0~15833      ; combout          ;
; |Round|process0~15834 ; |Round|process0~15834      ; combout          ;
; |Round|process0~15835 ; |Round|process0~15835      ; combout          ;
; |Round|process0~15836 ; |Round|process0~15836      ; combout          ;
; |Round|process0~15837 ; |Round|process0~15837      ; combout          ;
; |Round|process0~15838 ; |Round|process0~15838      ; combout          ;
; |Round|process0~15839 ; |Round|process0~15839      ; combout          ;
; |Round|process0~15840 ; |Round|process0~15840      ; combout          ;
; |Round|process0~15841 ; |Round|process0~15841      ; combout          ;
; |Round|process0~15842 ; |Round|process0~15842      ; combout          ;
; |Round|process0~15843 ; |Round|process0~15843      ; combout          ;
; |Round|process0~15844 ; |Round|process0~15844      ; combout          ;
; |Round|process0~15845 ; |Round|process0~15845      ; combout          ;
; |Round|process0~15846 ; |Round|process0~15846      ; combout          ;
; |Round|process0~15847 ; |Round|process0~15847      ; combout          ;
; |Round|process0~15848 ; |Round|process0~15848      ; combout          ;
; |Round|process0~15849 ; |Round|process0~15849      ; combout          ;
; |Round|process0~15850 ; |Round|process0~15850      ; combout          ;
; |Round|process0~15851 ; |Round|process0~15851      ; combout          ;
; |Round|process0~15852 ; |Round|process0~15852      ; combout          ;
; |Round|process0~15853 ; |Round|process0~15853      ; combout          ;
; |Round|process0~15854 ; |Round|process0~15854      ; combout          ;
; |Round|process0~15855 ; |Round|process0~15855      ; combout          ;
; |Round|process0~15856 ; |Round|process0~15856      ; combout          ;
; |Round|process0~15857 ; |Round|process0~15857      ; combout          ;
; |Round|process0~15858 ; |Round|process0~15858      ; combout          ;
; |Round|process0~15859 ; |Round|process0~15859      ; combout          ;
; |Round|process0~15860 ; |Round|process0~15860      ; combout          ;
; |Round|process0~15861 ; |Round|process0~15861      ; combout          ;
; |Round|process0~15862 ; |Round|process0~15862      ; combout          ;
; |Round|process0~15863 ; |Round|process0~15863      ; combout          ;
; |Round|process0~15864 ; |Round|process0~15864      ; combout          ;
; |Round|process0~15865 ; |Round|process0~15865      ; combout          ;
; |Round|process0~15866 ; |Round|process0~15866      ; combout          ;
; |Round|process0~15867 ; |Round|process0~15867      ; combout          ;
; |Round|process0~15868 ; |Round|process0~15868      ; combout          ;
; |Round|process0~15869 ; |Round|process0~15869      ; combout          ;
; |Round|process0~15870 ; |Round|process0~15870      ; combout          ;
; |Round|process0~15871 ; |Round|process0~15871      ; combout          ;
; |Round|process0~15872 ; |Round|process0~15872      ; combout          ;
; |Round|process0~15873 ; |Round|process0~15873      ; combout          ;
; |Round|process0~15874 ; |Round|process0~15874      ; combout          ;
; |Round|process0~15875 ; |Round|process0~15875      ; combout          ;
; |Round|process0~15876 ; |Round|process0~15876      ; combout          ;
; |Round|process0~15877 ; |Round|process0~15877      ; combout          ;
; |Round|process0~15878 ; |Round|process0~15878      ; combout          ;
; |Round|process0~15879 ; |Round|process0~15879      ; combout          ;
; |Round|process0~15880 ; |Round|process0~15880      ; combout          ;
; |Round|process0~15881 ; |Round|process0~15881      ; combout          ;
; |Round|process0~15882 ; |Round|process0~15882      ; combout          ;
; |Round|process0~15883 ; |Round|process0~15883      ; combout          ;
; |Round|process0~15884 ; |Round|process0~15884      ; combout          ;
; |Round|process0~15885 ; |Round|process0~15885      ; combout          ;
; |Round|process0~15886 ; |Round|process0~15886      ; combout          ;
; |Round|process0~15887 ; |Round|process0~15887      ; combout          ;
; |Round|process0~15888 ; |Round|process0~15888      ; combout          ;
; |Round|process0~15889 ; |Round|process0~15889      ; combout          ;
; |Round|process0~15890 ; |Round|process0~15890      ; combout          ;
; |Round|process0~15891 ; |Round|process0~15891      ; combout          ;
; |Round|process0~15892 ; |Round|process0~15892      ; combout          ;
; |Round|process0~15893 ; |Round|process0~15893      ; combout          ;
; |Round|process0~15894 ; |Round|process0~15894      ; combout          ;
; |Round|process0~15895 ; |Round|process0~15895      ; combout          ;
; |Round|process0~15896 ; |Round|process0~15896      ; combout          ;
; |Round|process0~15897 ; |Round|process0~15897      ; combout          ;
; |Round|process0~15898 ; |Round|process0~15898      ; combout          ;
; |Round|process0~15899 ; |Round|process0~15899      ; combout          ;
; |Round|process0~15900 ; |Round|process0~15900      ; combout          ;
; |Round|process0~15901 ; |Round|process0~15901      ; combout          ;
; |Round|process0~15902 ; |Round|process0~15902      ; combout          ;
; |Round|process0~15903 ; |Round|process0~15903      ; combout          ;
; |Round|process0~15904 ; |Round|process0~15904      ; combout          ;
; |Round|process0~15905 ; |Round|process0~15905      ; combout          ;
; |Round|process0~15906 ; |Round|process0~15906      ; combout          ;
; |Round|process0~15907 ; |Round|process0~15907      ; combout          ;
; |Round|process0~15908 ; |Round|process0~15908      ; combout          ;
; |Round|process0~15909 ; |Round|process0~15909      ; combout          ;
; |Round|process0~188   ; |Round|process0~188        ; combout          ;
; |Round|process0~15910 ; |Round|process0~15910      ; combout          ;
; |Round|process0~15911 ; |Round|process0~15911      ; combout          ;
; |Round|process0~15912 ; |Round|process0~15912      ; combout          ;
; |Round|process0~15913 ; |Round|process0~15913      ; combout          ;
; |Round|process0~15914 ; |Round|process0~15914      ; combout          ;
; |Round|process0~15915 ; |Round|process0~15915      ; combout          ;
; |Round|process0~15916 ; |Round|process0~15916      ; combout          ;
; |Round|process0~15917 ; |Round|process0~15917      ; combout          ;
; |Round|process0~15918 ; |Round|process0~15918      ; combout          ;
; |Round|process0~15919 ; |Round|process0~15919      ; combout          ;
; |Round|process0~15920 ; |Round|process0~15920      ; combout          ;
; |Round|process0~15921 ; |Round|process0~15921      ; combout          ;
; |Round|process0~15922 ; |Round|process0~15922      ; combout          ;
; |Round|process0~15923 ; |Round|process0~15923      ; combout          ;
; |Round|process0~15924 ; |Round|process0~15924      ; combout          ;
; |Round|process0~15925 ; |Round|process0~15925      ; combout          ;
; |Round|process0~15926 ; |Round|process0~15926      ; combout          ;
; |Round|process0~15927 ; |Round|process0~15927      ; combout          ;
; |Round|process0~15928 ; |Round|process0~15928      ; combout          ;
; |Round|process0~15929 ; |Round|process0~15929      ; combout          ;
; |Round|process0~15930 ; |Round|process0~15930      ; combout          ;
; |Round|process0~15931 ; |Round|process0~15931      ; combout          ;
; |Round|process0~15932 ; |Round|process0~15932      ; combout          ;
; |Round|process0~15933 ; |Round|process0~15933      ; combout          ;
; |Round|process0~15934 ; |Round|process0~15934      ; combout          ;
; |Round|process0~15935 ; |Round|process0~15935      ; combout          ;
; |Round|process0~15936 ; |Round|process0~15936      ; combout          ;
; |Round|process0~15937 ; |Round|process0~15937      ; combout          ;
; |Round|process0~15938 ; |Round|process0~15938      ; combout          ;
; |Round|process0~15939 ; |Round|process0~15939      ; combout          ;
; |Round|process0~15940 ; |Round|process0~15940      ; combout          ;
; |Round|process0~15941 ; |Round|process0~15941      ; combout          ;
; |Round|process0~15942 ; |Round|process0~15942      ; combout          ;
; |Round|process0~15943 ; |Round|process0~15943      ; combout          ;
; |Round|process0~15944 ; |Round|process0~15944      ; combout          ;
; |Round|process0~15946 ; |Round|process0~15946      ; combout          ;
; |Round|process0~15947 ; |Round|process0~15947      ; combout          ;
; |Round|process0~15948 ; |Round|process0~15948      ; combout          ;
; |Round|process0~15949 ; |Round|process0~15949      ; combout          ;
; |Round|process0~15951 ; |Round|process0~15951      ; combout          ;
; |Round|rndop[0]       ; |Round|rndop[0]            ; padio            ;
; |Round|rndop[1]       ; |Round|rndop[1]            ; padio            ;
; |Round|rndop[2]       ; |Round|rndop[2]            ; padio            ;
; |Round|rndop[3]       ; |Round|rndop[3]            ; padio            ;
; |Round|rndop[4]       ; |Round|rndop[4]            ; padio            ;
; |Round|rndop[6]       ; |Round|rndop[6]            ; padio            ;
; |Round|rndop[7]       ; |Round|rndop[7]            ; padio            ;
; |Round|rndop[8]       ; |Round|rndop[8]            ; padio            ;
; |Round|rndop[9]       ; |Round|rndop[9]            ; padio            ;
; |Round|rndop[10]      ; |Round|rndop[10]           ; padio            ;
; |Round|rndop[11]      ; |Round|rndop[11]           ; padio            ;
; |Round|rndop[12]      ; |Round|rndop[12]           ; padio            ;
; |Round|rndop[13]      ; |Round|rndop[13]           ; padio            ;
; |Round|rndop[14]      ; |Round|rndop[14]           ; padio            ;
; |Round|rndop[16]      ; |Round|rndop[16]           ; padio            ;
; |Round|rndop[17]      ; |Round|rndop[17]           ; padio            ;
; |Round|rndop[18]      ; |Round|rndop[18]           ; padio            ;
; |Round|rndop[20]      ; |Round|rndop[20]           ; padio            ;
; |Round|rndop[21]      ; |Round|rndop[21]           ; padio            ;
; |Round|addexp[2]      ; |Round|addexp[2]           ; padio            ;
; |Round|addexp[3]      ; |Round|addexp[3]           ; padio            ;
; |Round|addexp[4]      ; |Round|addexp[4]           ; padio            ;
; |Round|addexp[5]      ; |Round|addexp[5]           ; padio            ;
; |Round|addexp[6]      ; |Round|addexp[6]           ; padio            ;
; |Round|addexp[7]      ; |Round|addexp[7]           ; padio            ;
; |Round|rndip[0]       ; |Round|rndip[0]~corein     ; combout          ;
; |Round|rndip[23]      ; |Round|rndip[23]~corein    ; combout          ;
; |Round|rndip[2]       ; |Round|rndip[2]~corein     ; combout          ;
; |Round|rndip[1]       ; |Round|rndip[1]~corein     ; combout          ;
; |Round|rndip[25]      ; |Round|rndip[25]~corein    ; combout          ;
; |Round|rndip[26]      ; |Round|rndip[26]~corein    ; combout          ;
; |Round|rndip[28]      ; |Round|rndip[28]~corein    ; combout          ;
; |Round|rndip[30]      ; |Round|rndip[30]~corein    ; combout          ;
; |Round|rndip[32]      ; |Round|rndip[32]~corein    ; combout          ;
; |Round|rndip[34]      ; |Round|rndip[34]~corein    ; combout          ;
; |Round|rndip[38]      ; |Round|rndip[38]~corein    ; combout          ;
; |Round|rndip[39]      ; |Round|rndip[39]~corein    ; combout          ;
; |Round|rndip[40]      ; |Round|rndip[40]~corein    ; combout          ;
; |Round|rndip[41]      ; |Round|rndip[41]~corein    ; combout          ;
; |Round|rndip[45]      ; |Round|rndip[45]~corein    ; combout          ;
; |Round|rndip[44]      ; |Round|rndip[44]~corein    ; combout          ;
; |Round|rndip[42]      ; |Round|rndip[42]~corein    ; combout          ;
; |Round|rndip[43]      ; |Round|rndip[43]~corein    ; combout          ;
; |Round|rndip[37]      ; |Round|rndip[37]~corein    ; combout          ;
; |Round|rndip[35]      ; |Round|rndip[35]~corein    ; combout          ;
; |Round|rndip[36]      ; |Round|rndip[36]~corein    ; combout          ;
; |Round|rndip[33]      ; |Round|rndip[33]~corein    ; combout          ;
; |Round|rndip[31]      ; |Round|rndip[31]~corein    ; combout          ;
; |Round|rndip[29]      ; |Round|rndip[29]~corein    ; combout          ;
; |Round|rndip[27]      ; |Round|rndip[27]~corein    ; combout          ;
; |Round|rndip[3]       ; |Round|rndip[3]~corein     ; combout          ;
; |Round|rndip[9]       ; |Round|rndip[9]~corein     ; combout          ;
; |Round|rndip[8]       ; |Round|rndip[8]~corein     ; combout          ;
; |Round|rndip[15]      ; |Round|rndip[15]~corein    ; combout          ;
; |Round|rndip[14]      ; |Round|rndip[14]~corein    ; combout          ;
; |Round|rndip[22]      ; |Round|rndip[22]~corein    ; combout          ;
; |Round|rndip[21]      ; |Round|rndip[21]~corein    ; combout          ;
; |Round|rndip[20]      ; |Round|rndip[20]~corein    ; combout          ;
; |Round|rndip[19]      ; |Round|rndip[19]~corein    ; combout          ;
; |Round|rndip[16]      ; |Round|rndip[16]~corein    ; combout          ;
; |Round|rndip[18]      ; |Round|rndip[18]~corein    ; combout          ;
; |Round|rndip[17]      ; |Round|rndip[17]~corein    ; combout          ;
; |Round|rndip[13]      ; |Round|rndip[13]~corein    ; combout          ;
; |Round|rndip[12]      ; |Round|rndip[12]~corein    ; combout          ;
; |Round|rndip[11]      ; |Round|rndip[11]~corein    ; combout          ;
; |Round|rndip[10]      ; |Round|rndip[10]~corein    ; combout          ;
; |Round|rndip[7]       ; |Round|rndip[7]~corein     ; combout          ;
; |Round|rndip[5]       ; |Round|rndip[5]~corein     ; combout          ;
; |Round|rndip[4]       ; |Round|rndip[4]~corein     ; combout          ;
; |Round|rndip[6]       ; |Round|rndip[6]~corein     ; combout          ;
; |Round|rndip[24]      ; |Round|rndip[24]~corein    ; combout          ;
+-----------------------+----------------------------+------------------+


The following table displays output ports that do not toggle to 0 during simulation.
+-----------------------------------------------------------------------+
; Missing 0-Value Coverage                                              ;
+-----------------------+----------------------------+------------------+
; Node Name             ; Output Port Name           ; Output Port Type ;
+-----------------------+----------------------------+------------------+
; |Round|rndopt[1]      ; |Round|rndopt[1]           ; regout           ;
; |Round|rndopt[1]      ; |Round|rndopt[1]~115       ; cout             ;
; |Round|rndopt[2]      ; |Round|rndopt[2]           ; regout           ;
; |Round|rndopt[2]      ; |Round|rndopt[2]~116       ; cout0            ;
; |Round|rndopt[2]      ; |Round|rndopt[2]~116COUT1  ; cout1            ;
; |Round|rndopt[3]      ; |Round|rndopt[3]           ; regout           ;
; |Round|rndopt[3]      ; |Round|rndopt[3]~117       ; cout0            ;
; |Round|rndopt[3]      ; |Round|rndopt[3]~117COUT1  ; cout1            ;
; |Round|rndopt[4]      ; |Round|rndopt[4]           ; regout           ;
; |Round|rndopt[4]      ; |Round|rndopt[4]~118       ; cout0            ;
; |Round|rndopt[4]      ; |Round|rndopt[4]~118COUT1  ; cout1            ;
; |Round|rndopt[5]      ; |Round|rndopt[5]           ; regout           ;
; |Round|rndopt[5]      ; |Round|rndopt[5]~119       ; cout0            ;
; |Round|rndopt[5]      ; |Round|rndopt[5]~119COUT1  ; cout1            ;
; |Round|rndopt[6]      ; |Round|rndopt[6]           ; regout           ;
; |Round|rndopt[6]      ; |Round|rndopt[6]~120       ; cout             ;
; |Round|rndopt[7]      ; |Round|rndopt[7]           ; regout           ;
; |Round|rndopt[7]      ; |Round|rndopt[7]~121       ; cout0            ;
; |Round|rndopt[7]      ; |Round|rndopt[7]~121COUT1  ; cout1            ;
; |Round|rndopt[8]      ; |Round|rndopt[8]           ; regout           ;
; |Round|rndopt[8]      ; |Round|rndopt[8]~122       ; cout0            ;
; |Round|rndopt[8]      ; |Round|rndopt[8]~122COUT1  ; cout1            ;
; |Round|rndopt[9]      ; |Round|rndopt[9]           ; regout           ;
; |Round|rndopt[9]      ; |Round|rndopt[9]~123       ; cout0            ;
; |Round|rndopt[9]      ; |Round|rndopt[9]~123COUT1  ; cout1            ;
; |Round|rndopt[10]     ; |Round|rndopt[10]          ; regout           ;
; |Round|rndopt[10]     ; |Round|rndopt[10]~124      ; cout0            ;
; |Round|rndopt[10]     ; |Round|rndopt[10]~124COUT1 ; cout1            ;
; |Round|rndopt[11]     ; |Round|rndopt[11]          ; regout           ;
; |Round|rndopt[11]     ; |Round|rndopt[11]~125      ; cout             ;
; |Round|rndopt[12]     ; |Round|rndopt[12]          ; regout           ;
; |Round|rndopt[12]     ; |Round|rndopt[12]~126      ; cout0            ;
; |Round|rndopt[12]     ; |Round|rndopt[12]~126COUT1 ; cout1            ;
; |Round|rndopt[13]     ; |Round|rndopt[13]          ; regout           ;
; |Round|rndopt[13]     ; |Round|rndopt[13]~127      ; cout0            ;
; |Round|rndopt[13]     ; |Round|rndopt[13]~127COUT1 ; cout1            ;
; |Round|rndopt[14]     ; |Round|rndopt[14]          ; regout           ;
; |Round|rndopt[14]     ; |Round|rndopt[14]~128      ; cout0            ;
; |Round|rndopt[14]     ; |Round|rndopt[14]~128COUT1 ; cout1            ;
; |Round|rndopt[15]     ; |Round|rndopt[15]          ; regout           ;
; |Round|rndopt[15]     ; |Round|rndopt[15]~129      ; cout0            ;
; |Round|rndopt[15]     ; |Round|rndopt[15]~129COUT1 ; cout1            ;
; |Round|rndopt[16]     ; |Round|rndopt[16]          ; regout           ;
; |Round|rndopt[16]     ; |Round|rndopt[16]~130      ; cout             ;
; |Round|rndopt[17]     ; |Round|rndopt[17]          ; regout           ;
; |Round|rndopt[17]     ; |Round|rndopt[17]~131      ; cout0            ;
; |Round|rndopt[17]     ; |Round|rndopt[17]~131COUT1 ; cout1            ;
; |Round|rndopt[18]     ; |Round|rndopt[18]          ; regout           ;
; |Round|rndopt[18]     ; |Round|rndopt[18]~132      ; cout0            ;
; |Round|rndopt[18]     ; |Round|rndopt[18]~132COUT1 ; cout1            ;
; |Round|rndopt[19]     ; |Round|rndopt[19]          ; regout           ;
; |Round|rndopt[19]     ; |Round|rndopt[19]~133      ; cout0            ;
; |Round|rndopt[19]     ; |Round|rndopt[19]~133COUT1 ; cout1            ;
; |Round|rndopt[20]     ; |Round|rndopt[20]          ; regout           ;
; |Round|rndopt[20]     ; |Round|rndopt[20]~134      ; cout0            ;
; |Round|rndopt[20]     ; |Round|rndopt[20]~134COUT1 ; cout1            ;
; |Round|rndopt[21]     ; |Round|rndopt[21]          ; regout           ;
; |Round|rndopt[21]     ; |Round|rndopt[21]~135      ; cout             ;
; |Round|rndopt[22]     ; |Round|rndopt[22]          ; regout           ;
; |Round|rndopt[22]     ; |Round|rndopt[22]~136      ; cout0            ;
; |Round|rndopt[22]     ; |Round|rndopt[22]~136COUT1 ; cout1            ;
; |Round|rndopt[23]     ; |Round|rndopt[23]          ; regout           ;
; |Round|aexpt[0]       ; |Round|aexpt[0]            ; regout           ;
; |Round|aexpt[1]       ; |Round|aexpt[1]            ; regout           ;
; |Round|aexpt[2]       ; |Round|aexpt[2]            ; regout           ;
; |Round|aexpt[3]       ; |Round|aexpt[3]            ; regout           ;
; |Round|aexpt[4]       ; |Round|aexpt[4]            ; regout           ;
; |Round|process0~15543 ; |Round|process0~15543      ; combout          ;
; |Round|process0~160   ; |Round|process0~160        ; combout          ;
; |Round|process0~15544 ; |Round|process0~15544      ; combout          ;
; |Round|process0~274   ; |Round|process0~274        ; combout          ;
; |Round|process0~361   ; |Round|process0~361        ; combout          ;
; |Round|process0~448   ; |Round|process0~448        ; combout          ;
; |Round|process0~538   ; |Round|process0~538        ; combout          ;
; |Round|process0~15545 ; |Round|process0~15545      ; combout          ;
; |Round|process0~508   ; |Round|process0~508        ; combout          ;
; |Round|process0~15546 ; |Round|process0~15546      ; combout          ;
; |Round|process0~332   ; |Round|process0~332        ; combout          ;
; |Round|process0~15547 ; |Round|process0~15547      ; combout          ;
; |Round|process0~15548 ; |Round|process0~15548      ; combout          ;
; |Round|process0~15549 ; |Round|process0~15549      ; combout          ;
; |Round|process0~15550 ; |Round|process0~15550      ; combout          ;
; |Round|process0~15551 ; |Round|process0~15551      ; combout          ;
; |Round|process0~15552 ; |Round|process0~15552      ; combout          ;
; |Round|process0~15553 ; |Round|process0~15553      ; combout          ;
; |Round|process0~15554 ; |Round|process0~15554      ; combout          ;
; |Round|process0~216   ; |Round|process0~216        ; combout          ;
; |Round|process0~15555 ; |Round|process0~15555      ; combout          ;
; |Round|process0~15556 ; |Round|process0~15556      ; combout          ;
; |Round|process0~15557 ; |Round|process0~15557      ; combout          ;
; |Round|process0~15558 ; |Round|process0~15558      ; combout          ;
; |Round|process0~390   ; |Round|process0~390        ; combout          ;
; |Round|process0~15559 ; |Round|process0~15559      ; combout          ;
; |Round|process0~15560 ; |Round|process0~15560      ; combout          ;
; |Round|process0~419   ; |Round|process0~419        ; combout          ;
; |Round|process0~15561 ; |Round|process0~15561      ; combout          ;
; |Round|process0~15562 ; |Round|process0~15562      ; combout          ;
; |Round|process0~15563 ; |Round|process0~15563      ; combout          ;
; |Round|process0~15564 ; |Round|process0~15564      ; combout          ;
; |Round|process0~15565 ; |Round|process0~15565      ; combout          ;
; |Round|process0~568   ; |Round|process0~568        ; combout          ;
; |Round|process0~15566 ; |Round|process0~15566      ; combout          ;
; |Round|process0~15567 ; |Round|process0~15567      ; combout          ;
; |Round|process0~478   ; |Round|process0~478        ; combout          ;
; |Round|process0~15568 ; |Round|process0~15568      ; combout          ;
; |Round|process0~15569 ; |Round|process0~15569      ; combout          ;
; |Round|process0~15570 ; |Round|process0~15570      ; combout          ;
; |Round|process0~15571 ; |Round|process0~15571      ; combout          ;
; |Round|process0~15572 ; |Round|process0~15572      ; combout          ;
; |Round|process0~15573 ; |Round|process0~15573      ; combout          ;
; |Round|process0~628   ; |Round|process0~628        ; combout          ;
; |Round|process0~15574 ; |Round|process0~15574      ; combout          ;
; |Round|process0~104   ; |Round|process0~104        ; combout          ;
; |Round|process0~15575 ; |Round|process0~15575      ; combout          ;
; |Round|process0~15576 ; |Round|process0~15576      ; combout          ;
; |Round|process0~15577 ; |Round|process0~15577      ; combout          ;
; |Round|process0~15578 ; |Round|process0~15578      ; combout          ;
; |Round|process0~15579 ; |Round|process0~15579      ; combout          ;
; |Round|process0~15580 ; |Round|process0~15580      ; combout          ;
; |Round|process0~15581 ; |Round|process0~15581      ; combout          ;
; |Round|process0~15582 ; |Round|process0~15582      ; combout          ;
; |Round|process0~15583 ; |Round|process0~15583      ; combout          ;
; |Round|process0~15584 ; |Round|process0~15584      ; combout          ;
; |Round|process0~15585 ; |Round|process0~15585      ; combout          ;
; |Round|process0~15586 ; |Round|process0~15586      ; combout          ;
; |Round|process0~15587 ; |Round|process0~15587      ; combout          ;
; |Round|process0~15588 ; |Round|process0~15588      ; combout          ;
; |Round|process0~15589 ; |Round|process0~15589      ; combout          ;
; |Round|process0~15590 ; |Round|process0~15590      ; combout          ;
; |Round|process0~15591 ; |Round|process0~15591      ; combout          ;
; |Round|process0~15592 ; |Round|process0~15592      ; combout          ;
; |Round|process0~15593 ; |Round|process0~15593      ; combout          ;
; |Round|process0~15594 ; |Round|process0~15594      ; combout          ;
; |Round|process0~15595 ; |Round|process0~15595      ; combout          ;
; |Round|process0~15596 ; |Round|process0~15596      ; combout          ;
; |Round|process0~15597 ; |Round|process0~15597      ; combout          ;
; |Round|process0~15598 ; |Round|process0~15598      ; combout          ;
; |Round|process0~15599 ; |Round|process0~15599      ; combout          ;
; |Round|process0~15600 ; |Round|process0~15600      ; combout          ;
; |Round|process0~15601 ; |Round|process0~15601      ; combout          ;
; |Round|process0~15602 ; |Round|process0~15602      ; combout          ;
; |Round|process0~15603 ; |Round|process0~15603      ; combout          ;
; |Round|process0~15604 ; |Round|process0~15604      ; combout          ;
; |Round|process0~15605 ; |Round|process0~15605      ; combout          ;
; |Round|process0~15606 ; |Round|process0~15606      ; combout          ;
; |Round|process0~15607 ; |Round|process0~15607      ; combout          ;
; |Round|process0~15608 ; |Round|process0~15608      ; combout          ;
; |Round|process0~15609 ; |Round|process0~15609      ; combout          ;
; |Round|process0~15610 ; |Round|process0~15610      ; combout          ;
; |Round|process0~15611 ; |Round|process0~15611      ; combout          ;
; |Round|process0~15612 ; |Round|process0~15612      ; combout          ;
; |Round|process0~15613 ; |Round|process0~15613      ; combout          ;
; |Round|process0~15614 ; |Round|process0~15614      ; combout          ;
; |Round|process0~15615 ; |Round|process0~15615      ; combout          ;
; |Round|process0~15616 ; |Round|process0~15616      ; combout          ;
; |Round|process0~15617 ; |Round|process0~15617      ; combout          ;
; |Round|process0~15618 ; |Round|process0~15618      ; combout          ;
; |Round|process0~15619 ; |Round|process0~15619      ; combout          ;
; |Round|process0~15620 ; |Round|process0~15620      ; combout          ;
; |Round|process0~15621 ; |Round|process0~15621      ; combout          ;
; |Round|process0~15622 ; |Round|process0~15622      ; combout          ;
; |Round|process0~15623 ; |Round|process0~15623      ; combout          ;
; |Round|process0~15624 ; |Round|process0~15624      ; combout          ;
; |Round|process0~15625 ; |Round|process0~15625      ; combout          ;
; |Round|process0~15626 ; |Round|process0~15626      ; combout          ;
; |Round|process0~15627 ; |Round|process0~15627      ; combout          ;
; |Round|process0~15628 ; |Round|process0~15628      ; combout          ;
; |Round|process0~15629 ; |Round|process0~15629      ; combout          ;
; |Round|process0~15630 ; |Round|process0~15630      ; combout          ;
; |Round|process0~15631 ; |Round|process0~15631      ; combout          ;
; |Round|process0~15632 ; |Round|process0~15632      ; combout          ;
; |Round|process0~15633 ; |Round|process0~15633      ; combout          ;
; |Round|process0~15634 ; |Round|process0~15634      ; combout          ;
; |Round|process0~15635 ; |Round|process0~15635      ; combout          ;
; |Round|process0~15636 ; |Round|process0~15636      ; combout          ;
; |Round|process0~15637 ; |Round|process0~15637      ; combout          ;
; |Round|process0~15638 ; |Round|process0~15638      ; combout          ;
; |Round|process0~15639 ; |Round|process0~15639      ; combout          ;
; |Round|process0~15640 ; |Round|process0~15640      ; combout          ;
; |Round|process0~15641 ; |Round|process0~15641      ; combout          ;
; |Round|process0~15642 ; |Round|process0~15642      ; combout          ;
; |Round|process0~15643 ; |Round|process0~15643      ; combout          ;
; |Round|process0~15644 ; |Round|process0~15644      ; combout          ;
; |Round|process0~15645 ; |Round|process0~15645      ; combout          ;
; |Round|process0~15646 ; |Round|process0~15646      ; combout          ;
; |Round|process0~15647 ; |Round|process0~15647      ; combout          ;
; |Round|process0~15648 ; |Round|process0~15648      ; combout          ;
; |Round|process0~15649 ; |Round|process0~15649      ; combout          ;
; |Round|process0~15650 ; |Round|process0~15650      ; combout          ;
; |Round|process0~15651 ; |Round|process0~15651      ; combout          ;
; |Round|process0~15652 ; |Round|process0~15652      ; combout          ;
; |Round|process0~15653 ; |Round|process0~15653      ; combout          ;
; |Round|process0~15654 ; |Round|process0~15654      ; combout          ;
; |Round|process0~15655 ; |Round|process0~15655      ; combout          ;
; |Round|process0~15656 ; |Round|process0~15656      ; combout          ;
; |Round|process0~15657 ; |Round|process0~15657      ; combout          ;
; |Round|process0~15658 ; |Round|process0~15658      ; combout          ;
; |Round|process0~15659 ; |Round|process0~15659      ; combout          ;
; |Round|process0~15660 ; |Round|process0~15660      ; combout          ;
; |Round|process0~15661 ; |Round|process0~15661      ; combout          ;
; |Round|process0~15662 ; |Round|process0~15662      ; combout          ;
; |Round|process0~15663 ; |Round|process0~15663      ; combout          ;
; |Round|process0~15664 ; |Round|process0~15664      ; combout          ;
; |Round|process0~15665 ; |Round|process0~15665      ; combout          ;
; |Round|process0~15666 ; |Round|process0~15666      ; combout          ;
; |Round|process0~15667 ; |Round|process0~15667      ; combout          ;
; |Round|process0~15668 ; |Round|process0~15668      ; combout          ;
; |Round|process0~15669 ; |Round|process0~15669      ; combout          ;
; |Round|process0~15670 ; |Round|process0~15670      ; combout          ;
; |Round|process0~15671 ; |Round|process0~15671      ; combout          ;
; |Round|process0~15672 ; |Round|process0~15672      ; combout          ;
; |Round|process0~15673 ; |Round|process0~15673      ; combout          ;
; |Round|process0~15674 ; |Round|process0~15674      ; combout          ;
; |Round|process0~15675 ; |Round|process0~15675      ; combout          ;
; |Round|process0~15676 ; |Round|process0~15676      ; combout          ;
; |Round|process0~15677 ; |Round|process0~15677      ; combout          ;
; |Round|process0~15678 ; |Round|process0~15678      ; combout          ;
; |Round|process0~15679 ; |Round|process0~15679      ; combout          ;
; |Round|process0~15680 ; |Round|process0~15680      ; combout          ;
; |Round|process0~15681 ; |Round|process0~15681      ; combout          ;
; |Round|process0~15682 ; |Round|process0~15682      ; combout          ;
; |Round|process0~15683 ; |Round|process0~15683      ; combout          ;
; |Round|process0~15684 ; |Round|process0~15684      ; combout          ;
; |Round|process0~15685 ; |Round|process0~15685      ; combout          ;
; |Round|process0~15686 ; |Round|process0~15686      ; combout          ;
; |Round|process0~15687 ; |Round|process0~15687      ; combout          ;
; |Round|process0~15688 ; |Round|process0~15688      ; combout          ;
; |Round|process0~15689 ; |Round|process0~15689      ; combout          ;
; |Round|process0~15690 ; |Round|process0~15690      ; combout          ;
; |Round|process0~15691 ; |Round|process0~15691      ; combout          ;
; |Round|process0~15692 ; |Round|process0~15692      ; combout          ;
; |Round|process0~15693 ; |Round|process0~15693      ; combout          ;
; |Round|process0~15694 ; |Round|process0~15694      ; combout          ;
; |Round|process0~15695 ; |Round|process0~15695      ; combout          ;
; |Round|process0~15696 ; |Round|process0~15696      ; combout          ;
; |Round|process0~15697 ; |Round|process0~15697      ; combout          ;
; |Round|process0~15698 ; |Round|process0~15698      ; combout          ;
; |Round|process0~15699 ; |Round|process0~15699      ; combout          ;
; |Round|process0~15700 ; |Round|process0~15700      ; combout          ;
; |Round|process0~15701 ; |Round|process0~15701      ; combout          ;
; |Round|process0~15702 ; |Round|process0~15702      ; combout          ;
; |Round|process0~15703 ; |Round|process0~15703      ; combout          ;
; |Round|process0~15704 ; |Round|process0~15704      ; combout          ;
; |Round|process0~15705 ; |Round|process0~15705      ; combout          ;
; |Round|process0~15706 ; |Round|process0~15706      ; combout          ;
; |Round|process0~15707 ; |Round|process0~15707      ; combout          ;
; |Round|process0~15708 ; |Round|process0~15708      ; combout          ;
; |Round|process0~15709 ; |Round|process0~15709      ; combout          ;
; |Round|process0~15710 ; |Round|process0~15710      ; combout          ;
; |Round|process0~15711 ; |Round|process0~15711      ; combout          ;
; |Round|process0~15712 ; |Round|process0~15712      ; combout          ;
; |Round|process0~15713 ; |Round|process0~15713      ; combout          ;
; |Round|process0~15714 ; |Round|process0~15714      ; combout          ;
; |Round|process0~15715 ; |Round|process0~15715      ; combout          ;
; |Round|process0~15716 ; |Round|process0~15716      ; combout          ;
; |Round|process0~15717 ; |Round|process0~15717      ; combout          ;
; |Round|process0~15718 ; |Round|process0~15718      ; combout          ;
; |Round|process0~15719 ; |Round|process0~15719      ; combout          ;
; |Round|process0~15720 ; |Round|process0~15720      ; combout          ;
; |Round|process0~15721 ; |Round|process0~15721      ; combout          ;
; |Round|process0~15722 ; |Round|process0~15722      ; combout          ;
; |Round|process0~15723 ; |Round|process0~15723      ; combout          ;
; |Round|process0~15724 ; |Round|process0~15724      ; combout          ;
; |Round|process0~15725 ; |Round|process0~15725      ; combout          ;
; |Round|process0~15726 ; |Round|process0~15726      ; combout          ;
; |Round|process0~15727 ; |Round|process0~15727      ; combout          ;
; |Round|process0~15728 ; |Round|process0~15728      ; combout          ;
; |Round|process0~15729 ; |Round|process0~15729      ; combout          ;
; |Round|process0~15730 ; |Round|process0~15730      ; combout          ;
; |Round|process0~15731 ; |Round|process0~15731      ; combout          ;
; |Round|process0~15732 ; |Round|process0~15732      ; combout          ;
; |Round|process0~15733 ; |Round|process0~15733      ; combout          ;
; |Round|process0~15734 ; |Round|process0~15734      ; combout          ;
; |Round|process0~15735 ; |Round|process0~15735      ; combout          ;
; |Round|process0~15736 ; |Round|process0~15736      ; combout          ;
; |Round|process0~15737 ; |Round|process0~15737      ; combout          ;
; |Round|process0~15738 ; |Round|process0~15738      ; combout          ;
; |Round|process0~15739 ; |Round|process0~15739      ; combout          ;
; |Round|process0~15740 ; |Round|process0~15740      ; combout          ;
; |Round|process0~15741 ; |Round|process0~15741      ; combout          ;
; |Round|process0~15742 ; |Round|process0~15742      ; combout          ;
; |Round|process0~15743 ; |Round|process0~15743      ; combout          ;
; |Round|process0~15744 ; |Round|process0~15744      ; combout          ;
; |Round|process0~15745 ; |Round|process0~15745      ; combout          ;
; |Round|process0~15746 ; |Round|process0~15746      ; combout          ;
; |Round|process0~15747 ; |Round|process0~15747      ; combout          ;
; |Round|process0~15748 ; |Round|process0~15748      ; combout          ;
; |Round|process0~15749 ; |Round|process0~15749      ; combout          ;
; |Round|process0~15750 ; |Round|process0~15750      ; combout          ;
; |Round|process0~15751 ; |Round|process0~15751      ; combout          ;
; |Round|process0~15752 ; |Round|process0~15752      ; combout          ;
; |Round|process0~15753 ; |Round|process0~15753      ; combout          ;
; |Round|process0~15754 ; |Round|process0~15754      ; combout          ;
; |Round|process0~15755 ; |Round|process0~15755      ; combout          ;
; |Round|process0~15756 ; |Round|process0~15756      ; combout          ;
; |Round|process0~15757 ; |Round|process0~15757      ; combout          ;
; |Round|process0~15758 ; |Round|process0~15758      ; combout          ;
; |Round|process0~15759 ; |Round|process0~15759      ; combout          ;
; |Round|process0~15760 ; |Round|process0~15760      ; combout          ;
; |Round|process0~15761 ; |Round|process0~15761      ; combout          ;
; |Round|process0~15762 ; |Round|process0~15762      ; combout          ;
; |Round|process0~15763 ; |Round|process0~15763      ; combout          ;
; |Round|process0~15764 ; |Round|process0~15764      ; combout          ;
; |Round|process0~15765 ; |Round|process0~15765      ; combout          ;
; |Round|process0~15766 ; |Round|process0~15766      ; combout          ;
; |Round|process0~15767 ; |Round|process0~15767      ; combout          ;
; |Round|process0~15768 ; |Round|process0~15768      ; combout          ;
; |Round|process0~15769 ; |Round|process0~15769      ; combout          ;
; |Round|process0~15770 ; |Round|process0~15770      ; combout          ;
; |Round|process0~15771 ; |Round|process0~15771      ; combout          ;
; |Round|process0~15772 ; |Round|process0~15772      ; combout          ;
; |Round|process0~15773 ; |Round|process0~15773      ; combout          ;
; |Round|process0~15774 ; |Round|process0~15774      ; combout          ;
; |Round|process0~15775 ; |Round|process0~15775      ; combout          ;
; |Round|process0~15776 ; |Round|process0~15776      ; combout          ;
; |Round|process0~15777 ; |Round|process0~15777      ; combout          ;
; |Round|process0~15778 ; |Round|process0~15778      ; combout          ;
; |Round|process0~15779 ; |Round|process0~15779      ; combout          ;
; |Round|process0~15780 ; |Round|process0~15780      ; combout          ;
; |Round|process0~15781 ; |Round|process0~15781      ; combout          ;
; |Round|process0~15782 ; |Round|process0~15782      ; combout          ;
; |Round|process0~15783 ; |Round|process0~15783      ; combout          ;
; |Round|process0~15784 ; |Round|process0~15784      ; combout          ;
; |Round|process0~15785 ; |Round|process0~15785      ; combout          ;
; |Round|process0~15786 ; |Round|process0~15786      ; combout          ;
; |Round|process0~15787 ; |Round|process0~15787      ; combout          ;
; |Round|process0~15788 ; |Round|process0~15788      ; combout          ;
; |Round|process0~15789 ; |Round|process0~15789      ; combout          ;
; |Round|process0~15790 ; |Round|process0~15790      ; combout          ;
; |Round|process0~15791 ; |Round|process0~15791      ; combout          ;
; |Round|process0~15792 ; |Round|process0~15792      ; combout          ;
; |Round|process0~15793 ; |Round|process0~15793      ; combout          ;
; |Round|process0~15794 ; |Round|process0~15794      ; combout          ;
; |Round|process0~15795 ; |Round|process0~15795      ; combout          ;
; |Round|process0~15796 ; |Round|process0~15796      ; combout          ;
; |Round|process0~15797 ; |Round|process0~15797      ; combout          ;
; |Round|process0~15798 ; |Round|process0~15798      ; combout          ;
; |Round|process0~15799 ; |Round|process0~15799      ; combout          ;
; |Round|process0~15800 ; |Round|process0~15800      ; combout          ;
; |Round|process0~15801 ; |Round|process0~15801      ; combout          ;
; |Round|process0~15802 ; |Round|process0~15802      ; combout          ;
; |Round|process0~15803 ; |Round|process0~15803      ; combout          ;
; |Round|process0~15804 ; |Round|process0~15804      ; combout          ;
; |Round|process0~15805 ; |Round|process0~15805      ; combout          ;
; |Round|process0~15806 ; |Round|process0~15806      ; combout          ;
; |Round|process0~15807 ; |Round|process0~15807      ; combout          ;
; |Round|process0~15808 ; |Round|process0~15808      ; combout          ;
; |Round|process0~15809 ; |Round|process0~15809      ; combout          ;
; |Round|process0~15810 ; |Round|process0~15810      ; combout          ;
; |Round|process0~15811 ; |Round|process0~15811      ; combout          ;
; |Round|process0~15812 ; |Round|process0~15812      ; combout          ;
; |Round|process0~15813 ; |Round|process0~15813      ; combout          ;
; |Round|process0~15814 ; |Round|process0~15814      ; combout          ;
; |Round|process0~15815 ; |Round|process0~15815      ; combout          ;
; |Round|process0~15816 ; |Round|process0~15816      ; combout          ;
; |Round|process0~15817 ; |Round|process0~15817      ; combout          ;
; |Round|process0~15818 ; |Round|process0~15818      ; combout          ;
; |Round|process0~15819 ; |Round|process0~15819      ; combout          ;
; |Round|process0~15820 ; |Round|process0~15820      ; combout          ;
; |Round|process0~15821 ; |Round|process0~15821      ; combout          ;
; |Round|process0~15822 ; |Round|process0~15822      ; combout          ;
; |Round|process0~15823 ; |Round|process0~15823      ; combout          ;
; |Round|process0~15824 ; |Round|process0~15824      ; combout          ;
; |Round|process0~15825 ; |Round|process0~15825      ; combout          ;
; |Round|process0~15826 ; |Round|process0~15826      ; combout          ;
; |Round|process0~15827 ; |Round|process0~15827      ; combout          ;
; |Round|process0~15828 ; |Round|process0~15828      ; combout          ;
; |Round|process0~15829 ; |Round|process0~15829      ; combout          ;
; |Round|process0~15830 ; |Round|process0~15830      ; combout          ;
; |Round|process0~15831 ; |Round|process0~15831      ; combout          ;
; |Round|process0~15832 ; |Round|process0~15832      ; combout          ;
; |Round|process0~15833 ; |Round|process0~15833      ; combout          ;
; |Round|process0~15834 ; |Round|process0~15834      ; combout          ;
; |Round|process0~15835 ; |Round|process0~15835      ; combout          ;
; |Round|process0~15836 ; |Round|process0~15836      ; combout          ;
; |Round|process0~15837 ; |Round|process0~15837      ; combout          ;
; |Round|process0~15838 ; |Round|process0~15838      ; combout          ;
; |Round|process0~15839 ; |Round|process0~15839      ; combout          ;
; |Round|process0~15840 ; |Round|process0~15840      ; combout          ;
; |Round|process0~15841 ; |Round|process0~15841      ; combout          ;
; |Round|process0~15842 ; |Round|process0~15842      ; combout          ;
; |Round|process0~15843 ; |Round|process0~15843      ; combout          ;
; |Round|process0~15844 ; |Round|process0~15844      ; combout          ;
; |Round|process0~15845 ; |Round|process0~15845      ; combout          ;
; |Round|process0~15846 ; |Round|process0~15846      ; combout          ;
; |Round|process0~15847 ; |Round|process0~15847      ; combout          ;
; |Round|process0~15848 ; |Round|process0~15848      ; combout          ;
; |Round|process0~15849 ; |Round|process0~15849      ; combout          ;
; |Round|process0~15850 ; |Round|process0~15850      ; combout          ;
; |Round|process0~15851 ; |Round|process0~15851      ; combout          ;
; |Round|process0~15852 ; |Round|process0~15852      ; combout          ;
; |Round|process0~15853 ; |Round|process0~15853      ; combout          ;
; |Round|process0~15854 ; |Round|process0~15854      ; combout          ;
; |Round|process0~15855 ; |Round|process0~15855      ; combout          ;
; |Round|process0~15856 ; |Round|process0~15856      ; combout          ;
; |Round|process0~15857 ; |Round|process0~15857      ; combout          ;
; |Round|process0~15858 ; |Round|process0~15858      ; combout          ;
; |Round|process0~15859 ; |Round|process0~15859      ; combout          ;
; |Round|process0~15860 ; |Round|process0~15860      ; combout          ;
; |Round|process0~15861 ; |Round|process0~15861      ; combout          ;
; |Round|process0~15862 ; |Round|process0~15862      ; combout          ;
; |Round|process0~15863 ; |Round|process0~15863      ; combout          ;
; |Round|process0~15864 ; |Round|process0~15864      ; combout          ;
; |Round|process0~15865 ; |Round|process0~15865      ; combout          ;
; |Round|process0~15866 ; |Round|process0~15866      ; combout          ;
; |Round|process0~15867 ; |Round|process0~15867      ; combout          ;
; |Round|process0~15868 ; |Round|process0~15868      ; combout          ;
; |Round|process0~15869 ; |Round|process0~15869      ; combout          ;
; |Round|process0~15870 ; |Round|process0~15870      ; combout          ;
; |Round|process0~15871 ; |Round|process0~15871      ; combout          ;
; |Round|process0~15872 ; |Round|process0~15872      ; combout          ;
; |Round|process0~15873 ; |Round|process0~15873      ; combout          ;
; |Round|process0~15874 ; |Round|process0~15874      ; combout          ;
; |Round|process0~15875 ; |Round|process0~15875      ; combout          ;
; |Round|process0~15876 ; |Round|process0~15876      ; combout          ;
; |Round|process0~15877 ; |Round|process0~15877      ; combout          ;
; |Round|process0~15878 ; |Round|process0~15878      ; combout          ;
; |Round|process0~15879 ; |Round|process0~15879      ; combout          ;
; |Round|process0~15880 ; |Round|process0~15880      ; combout          ;
; |Round|process0~15881 ; |Round|process0~15881      ; combout          ;
; |Round|process0~15882 ; |Round|process0~15882      ; combout          ;
; |Round|process0~15883 ; |Round|process0~15883      ; combout          ;
; |Round|process0~15884 ; |Round|process0~15884      ; combout          ;
; |Round|process0~15885 ; |Round|process0~15885      ; combout          ;
; |Round|process0~15886 ; |Round|process0~15886      ; combout          ;
; |Round|process0~15887 ; |Round|process0~15887      ; combout          ;
; |Round|process0~15888 ; |Round|process0~15888      ; combout          ;
; |Round|process0~15889 ; |Round|process0~15889      ; combout          ;
; |Round|process0~15890 ; |Round|process0~15890      ; combout          ;
; |Round|process0~15891 ; |Round|process0~15891      ; combout          ;
; |Round|process0~15892 ; |Round|process0~15892      ; combout          ;
; |Round|process0~15893 ; |Round|process0~15893      ; combout          ;
; |Round|process0~15894 ; |Round|process0~15894      ; combout          ;
; |Round|process0~15895 ; |Round|process0~15895      ; combout          ;
; |Round|process0~15896 ; |Round|process0~15896      ; combout          ;
; |Round|process0~15897 ; |Round|process0~15897      ; combout          ;
; |Round|process0~15898 ; |Round|process0~15898      ; combout          ;
; |Round|process0~15899 ; |Round|process0~15899      ; combout          ;
; |Round|process0~15900 ; |Round|process0~15900      ; combout          ;
; |Round|process0~15901 ; |Round|process0~15901      ; combout          ;
; |Round|process0~15902 ; |Round|process0~15902      ; combout          ;
; |Round|process0~15903 ; |Round|process0~15903      ; combout          ;
; |Round|process0~15904 ; |Round|process0~15904      ; combout          ;
; |Round|process0~15905 ; |Round|process0~15905      ; combout          ;
; |Round|process0~15906 ; |Round|process0~15906      ; combout          ;
; |Round|process0~15907 ; |Round|process0~15907      ; combout          ;
; |Round|process0~15908 ; |Round|process0~15908      ; combout          ;
; |Round|process0~15909 ; |Round|process0~15909      ; combout          ;
; |Round|process0~188   ; |Round|process0~188        ; combout          ;
; |Round|process0~15910 ; |Round|process0~15910      ; combout          ;
; |Round|process0~15911 ; |Round|process0~15911      ; combout          ;
; |Round|process0~15912 ; |Round|process0~15912      ; combout          ;
; |Round|process0~15913 ; |Round|process0~15913      ; combout          ;
; |Round|process0~15914 ; |Round|process0~15914      ; combout          ;
; |Round|process0~15915 ; |Round|process0~15915      ; combout          ;
; |Round|process0~15916 ; |Round|process0~15916      ; combout          ;
; |Round|process0~15917 ; |Round|process0~15917      ; combout          ;
; |Round|process0~15918 ; |Round|process0~15918      ; combout          ;
; |Round|process0~15919 ; |Round|process0~15919      ; combout          ;
; |Round|process0~15920 ; |Round|process0~15920      ; combout          ;
; |Round|process0~15921 ; |Round|process0~15921      ; combout          ;
; |Round|process0~15922 ; |Round|process0~15922      ; combout          ;
; |Round|process0~15923 ; |Round|process0~15923      ; combout          ;
; |Round|process0~15924 ; |Round|process0~15924      ; combout          ;
; |Round|process0~15925 ; |Round|process0~15925      ; combout          ;
; |Round|process0~15926 ; |Round|process0~15926      ; combout          ;
; |Round|process0~15927 ; |Round|process0~15927      ; combout          ;
; |Round|process0~15928 ; |Round|process0~15928      ; combout          ;
; |Round|process0~15929 ; |Round|process0~15929      ; combout          ;
; |Round|process0~15930 ; |Round|process0~15930      ; combout          ;
; |Round|process0~15931 ; |Round|process0~15931      ; combout          ;
; |Round|process0~15932 ; |Round|process0~15932      ; combout          ;
; |Round|process0~15933 ; |Round|process0~15933      ; combout          ;
; |Round|process0~15934 ; |Round|process0~15934      ; combout          ;
; |Round|process0~15935 ; |Round|process0~15935      ; combout          ;
; |Round|process0~15936 ; |Round|process0~15936      ; combout          ;
; |Round|process0~15937 ; |Round|process0~15937      ; combout          ;
; |Round|process0~15938 ; |Round|process0~15938      ; combout          ;
; |Round|process0~15939 ; |Round|process0~15939      ; combout          ;
; |Round|process0~15940 ; |Round|process0~15940      ; combout          ;
; |Round|process0~15941 ; |Round|process0~15941      ; combout          ;
; |Round|process0~15942 ; |Round|process0~15942      ; combout          ;
; |Round|process0~15943 ; |Round|process0~15943      ; combout          ;
; |Round|process0~15944 ; |Round|process0~15944      ; combout          ;
; |Round|process0~15946 ; |Round|process0~15946      ; combout          ;
; |Round|process0~15947 ; |Round|process0~15947      ; combout          ;
; |Round|process0~15948 ; |Round|process0~15948      ; combout          ;
; |Round|process0~15949 ; |Round|process0~15949      ; combout          ;
; |Round|process0~15951 ; |Round|process0~15951      ; combout          ;
; |Round|rndop[0]       ; |Round|rndop[0]            ; padio            ;
; |Round|rndop[1]       ; |Round|rndop[1]            ; padio            ;
; |Round|rndop[2]       ; |Round|rndop[2]            ; padio            ;
; |Round|rndop[3]       ; |Round|rndop[3]            ; padio            ;
; |Round|rndop[4]       ; |Round|rndop[4]            ; padio            ;
; |Round|rndop[5]       ; |Round|rndop[5]            ; padio            ;
; |Round|rndop[6]       ; |Round|rndop[6]            ; padio            ;
; |Round|rndop[7]       ; |Round|rndop[7]            ; padio            ;
; |Round|rndop[8]       ; |Round|rndop[8]            ; padio            ;
; |Round|rndop[9]       ; |Round|rndop[9]            ; padio            ;
; |Round|rndop[10]      ; |Round|rndop[10]           ; padio            ;
; |Round|rndop[11]      ; |Round|rndop[11]           ; padio            ;
; |Round|rndop[12]      ; |Round|rndop[12]           ; padio            ;
; |Round|rndop[13]      ; |Round|rndop[13]           ; padio            ;
; |Round|rndop[14]      ; |Round|rndop[14]           ; padio            ;
; |Round|rndop[15]      ; |Round|rndop[15]           ; padio            ;
; |Round|rndop[16]      ; |Round|rndop[16]           ; padio            ;
; |Round|rndop[17]      ; |Round|rndop[17]           ; padio            ;
; |Round|rndop[18]      ; |Round|rndop[18]           ; padio            ;
; |Round|rndop[19]      ; |Round|rndop[19]           ; padio            ;
; |Round|rndop[20]      ; |Round|rndop[20]           ; padio            ;
; |Round|rndop[21]      ; |Round|rndop[21]           ; padio            ;
; |Round|rndop[22]      ; |Round|rndop[22]           ; padio            ;
; |Round|addexp[0]      ; |Round|addexp[0]           ; padio            ;
; |Round|addexp[1]      ; |Round|addexp[1]           ; padio            ;
; |Round|addexp[2]      ; |Round|addexp[2]           ; padio            ;
; |Round|addexp[3]      ; |Round|addexp[3]           ; padio            ;
; |Round|addexp[4]      ; |Round|addexp[4]           ; padio            ;
; |Round|addexp[5]      ; |Round|addexp[5]           ; padio            ;
; |Round|addexp[6]      ; |Round|addexp[6]           ; padio            ;
; |Round|addexp[7]      ; |Round|addexp[7]           ; padio            ;
; |Round|rndip[0]       ; |Round|rndip[0]~corein     ; combout          ;
; |Round|rndip[23]      ; |Round|rndip[23]~corein    ; combout          ;
; |Round|rndip[2]       ; |Round|rndip[2]~corein     ; combout          ;
; |Round|rndip[1]       ; |Round|rndip[1]~corein     ; combout          ;
; |Round|rndip[25]      ; |Round|rndip[25]~corein    ; combout          ;
; |Round|rndip[26]      ; |Round|rndip[26]~corein    ; combout          ;
; |Round|rndip[28]      ; |Round|rndip[28]~corein    ; combout          ;
; |Round|rndip[30]      ; |Round|rndip[30]~corein    ; combout          ;
; |Round|rndip[32]      ; |Round|rndip[32]~corein    ; combout          ;
; |Round|rndip[34]      ; |Round|rndip[34]~corein    ; combout          ;
; |Round|rndip[38]      ; |Round|rndip[38]~corein    ; combout          ;
; |Round|rndip[39]      ; |Round|rndip[39]~corein    ; combout          ;
; |Round|rndip[40]      ; |Round|rndip[40]~corein    ; combout          ;
; |Round|rndip[41]      ; |Round|rndip[41]~corein    ; combout          ;
; |Round|rndip[45]      ; |Round|rndip[45]~corein    ; combout          ;
; |Round|rndip[44]      ; |Round|rndip[44]~corein    ; combout          ;
; |Round|rndip[42]      ; |Round|rndip[42]~corein    ; combout          ;
; |Round|rndip[43]      ; |Round|rndip[43]~corein    ; combout          ;
; |Round|rndip[37]      ; |Round|rndip[37]~corein    ; combout          ;
; |Round|rndip[35]      ; |Round|rndip[35]~corein    ; combout          ;
; |Round|rndip[36]      ; |Round|rndip[36]~corein    ; combout          ;
; |Round|rndip[33]      ; |Round|rndip[33]~corein    ; combout          ;
; |Round|rndip[31]      ; |Round|rndip[31]~corein    ; combout          ;
; |Round|rndip[29]      ; |Round|rndip[29]~corein    ; combout          ;
; |Round|rndip[27]      ; |Round|rndip[27]~corein    ; combout          ;
; |Round|rndip[3]       ; |Round|rndip[3]~corein     ; combout          ;
; |Round|rndip[9]       ; |Round|rndip[9]~corein     ; combout          ;
; |Round|rndip[8]       ; |Round|rndip[8]~corein     ; combout          ;
; |Round|rndip[15]      ; |Round|rndip[15]~corein    ; combout          ;
; |Round|rndip[14]      ; |Round|rndip[14]~corein    ; combout          ;
; |Round|rndip[22]      ; |Round|rndip[22]~corein    ; combout          ;
; |Round|rndip[21]      ; |Round|rndip[21]~corein    ; combout          ;
; |Round|rndip[20]      ; |Round|rndip[20]~corein    ; combout          ;
; |Round|rndip[19]      ; |Round|rndip[19]~corein    ; combout          ;
; |Round|rndip[16]      ; |Round|rndip[16]~corein    ; combout          ;
; |Round|rndip[18]      ; |Round|rndip[18]~corein    ; combout          ;
; |Round|rndip[17]      ; |Round|rndip[17]~corein    ; combout          ;
; |Round|rndip[13]      ; |Round|rndip[13]~corein    ; combout          ;
; |Round|rndip[12]      ; |Round|rndip[12]~corein    ; combout          ;
; |Round|rndip[11]      ; |Round|rndip[11]~corein    ; combout          ;
; |Round|rndip[10]      ; |Round|rndip[10]~corein    ; combout          ;
; |Round|rndip[7]       ; |Round|rndip[7]~corein     ; combout          ;
; |Round|rndip[5]       ; |Round|rndip[5]~corein     ; combout          ;
; |Round|rndip[4]       ; |Round|rndip[4]~corein     ; combout          ;
; |Round|rndip[6]       ; |Round|rndip[6]~corein     ; combout          ;
; |Round|rndip[24]      ; |Round|rndip[24]~corein    ; combout          ;
+-----------------------+----------------------------+------------------+


+---------------------+
; Simulator INI Usage ;
+--------+------------+
; Option ; Usage      ;
+--------+------------+


+--------------------+
; Simulator Messages ;
+--------------------+
Info: *******************************************************************
Info: Running Quartus II Simulator
    Info: Version 7.1 Build 156 04/30/2007 SJ Web Edition
    Info: Processing started: Tue Apr 10 23:04:50 2007
Info: Command: quartus_sim --read_settings_files=on --write_settings_files=off Round -c Round
Info: Using vector source file "E:/VHDL programs/FPmul/Round/Round.vwf"
Warning: Ignored node in vector source file. Can't find corresponding node name "addexp[31]" in design.
Warning: Ignored node in vector source file. Can't find corresponding node name "addexp[30]" in design.
Warning: Ignored node in vector source file. Can't find corresponding node name "addexp[29]" in design.
Warning: Ignored node in vector source file. Can't find corresponding node name "addexp[28]" in design.
Warning: Ignored node in vector source file. Can't find corresponding node name "addexp[27]" in design.
Warning: Ignored node in vector source file. Can't find corresponding node name "addexp[26]" in design.
Warning: Ignored node in vector source file. Can't find corresponding node name "addexp[25]" in design.
Warning: Ignored node in vector source file. Can't find corresponding node name "addexp[24]" in design.
Warning: Ignored node in vector source file. Can't find corresponding node name "addexp[23]" in design.
Warning: Ignored node in vector source file. Can't find corresponding node name "addexp[22]" in design.
Warning: Ignored node in vector source file. Can't find corresponding node name "addexp[21]" in design.
Warning: Ignored node in vector source file. Can't find corresponding node name "addexp[20]" in design.
Warning: Ignored node in vector source file. Can't find corresponding node name "addexp[19]" in design.
Warning: Ignored node in vector source file. Can't find corresponding node name "addexp[18]" in design.
Warning: Ignored node in vector source file. Can't find corresponding node name "addexp[17]" in design.
Warning: Ignored node in vector source file. Can't find corresponding node name "addexp[16]" in design.
Warning: Ignored node in vector source file. Can't find corresponding node name "addexp[15]" in design.
Warning: Ignored node in vector source file. Can't find corresponding node name "addexp[14]" in design.
Warning: Ignored node in vector source file. Can't find corresponding node name "addexp[13]" in design.
Warning: Ignored node in vector source file. Can't find corresponding node name "addexp[12]" in design.
Warning: Ignored node in vector source file. Can't find corresponding node name "addexp[11]" in design.
Warning: Ignored node in vector source file. Can't find corresponding node name "addexp[10]" in design.
Warning: Ignored node in vector source file. Can't find corresponding node name "addexp[9]" in design.
Warning: Ignored node in vector source file. Can't find corresponding node name "addexp[8]" in design.
Info: Option to preserve fewer signal transitions to reduce memory requirements is enabled
    Info: Simulation has been partitioned into sub-simulations according to the maximum transition count determined by the engine. Transitions from memory will be flushed out to disk at the end of each sub-simulation to reduce memory requirements.
Info: Simulation partitioned into 1 sub-simulations
Info: Simulation coverage is       0.18 %
Info: Number of transitions in simulation is 14
Info: Quartus II Simulator was successful. 0 errors, 24 warnings
    Info: Allocated 94 megabytes of memory during processing
    Info: Processing ended: Tue Apr 10 23:04:57 2007
    Info: Elapsed time: 00:00:07


