Running: C:\Xilinx\13.4\ISE_DS\ISE\bin\nt64\unwrapped\fuse.exe -intstyle ise -incremental -lib secureip -o F:/ECE.CLASSES/ECE 443/UNMSCREEN/scrn_tb_isim_beh.exe -prj F:/ECE.CLASSES/ECE 443/UNMSCREEN/scrn_tb_beh.prj work.scrn_tb 
ISim O.87xd (signature 0xc3576ebc)
Number of CPUs detected in this system: 8
Turning on mult-threading, number of parallel sub-compilation jobs: 16 
Determining compilation order of HDL files
Parsing VHDL file "F:/ECE.CLASSES/ECE 443/UNMSCREEN/../Screeen/SCRN.vhd" into library work
Parsing VHDL file "F:/ECE.CLASSES/ECE 443/UNMSCREEN/../Screeen/scrn_tb.vhd" into library work
Starting static elaboration
Completed static elaboration
Compiling package standard
Compiling package std_logic_1164
Compiling package numeric_std
Compiling architecture behavioral of entity SCRN [scrn_default]
Compiling architecture behavior of entity scrn_tb
Time Resolution for simulation is 1ps.
Waiting for 1 sub-compilation(s) to finish...
Compiled 6 VHDL Units
Built simulation executable F:/ECE.CLASSES/ECE 443/UNMSCREEN/scrn_tb_isim_beh.exe
Fuse Memory Usage: 42508 KB
Fuse CPU Usage: 1294 ms
