*******07-JUN-2013*****TopSpice  8.44b   DEMO  *******08:58:17********

 ECE 322L Audio Amplifier Project                                                
                                                                                                                                                      	
 ****     INPUT LISTING                    TEMPERATURE =   27.000 DEG C

 **********************************************DEM*********************


 * Designed by: M. Chaves, G. Iven, A. Rasoulof  

 #REVISION: Rev: 195     

 *START .INC ECE322L_AUDIO_AMP.MIS       

 .MODEL 2N2222/N NPN (   
 +   IS=1.434E-014 XTI=3 EG=1.11 VAF=74.03       
 +   BF=255.9 NE=1.307 ISE=1.434E-014 IKF=0.2847 
 +   XTB=1.5 BR=6.092 NC=2 ISC=0 
 +   IKR=0 RC=1 CJC=7.306E-012 MJC=0.3416
 +   VJC=0.75 FC=0.5 CJE=2.201E-011 MJE=0.377    
 +   VJE=0.75 TR=4.691E-008 TF=4.111E-010 ITF=0.6
 +   VTF=1.7 XTF=3 RB=10 )       
         
         
         
 .MODEL 2N3055/TI NPN (  
 +   IS=9.744E-013 XTI=3 EG=1.11 VAF=50  
 +   BF=99.49 NE=1.941 ISE=9.025E-010 IKF=4.029  
 +   XTB=1.5 BR=2.949 NC=2 ISC=0 
 +   IKR=0 RC=0.1 CJC=2.76E-010 VJC=0.75 
 +   MJC=0.3333 FC=0.5 CJE=5.691E-010 VJE=0.75   
 +   MJE=0.3333 TR=9.717E-007 TF=3.911E-008 ITF=20       
 +   VTF=10 XTF=2 RB=10 )
 *END .INC ECE322L_AUDIO_AMP.MIS 
         
 Q1 12V 13 A1  2N2222/N  
 R5 A1 0  3k     
 Q4 12V A5 14  2N3055/TI 
 R15 14 0  18    
 R16 Vout 0  8   
 C4 14 Vout  1000u       
 C2 A1 A2  100u  
 R2 12V 13  75k  
 R3 13 0  750k   
 Q2 A3 A2 15  2N2222/N   
 R9 15 0  100    
 R8 12V A3  1.6k 
 R6 12V A2  500k 
 R7 A2 0  500k   
 Q3 A5 A4 16  2N2222/N   
 R13 16 0  68    
 C3 A3 A4  100u  
 R12 12V A5  1.2k
 R10 12V A4  500k
 R11 A4 0  500k  
 V1 12V 0 12     
 V2 0 -12V 12    
 V3 17 0 AC 1   SIN 0 0.02 1k    
 C1 Vin 13  47u  
 R1 17 Vin  500  
 C5 16 0  47p    
         
 *START .INC ECE322L_AUDIO_AMP.CMD       
 * TopSpice Schematic 8.42  Win32  Simulation Setup Commands     
         
 .AC DEC 10 1 1E+007     
 .PROBE  
 .PRINT TRAN V(vin),V(Vout)      
 .PRINT AC Vdb(Vout),Vp(Vout)    
         
 .OPTION SAVEOPB 
         
 *END .INC ECE322L_AUDIO_AMP.CMD 
         
         
 .END    


*******07-JUN-2013*****TopSpice  8.44b   DEMO  *******08:58:17********

 ECE 322L Audio Amplifier Project                                                
 
 ****     CIRCUIT AND SIMULATION CHECK     TEMPERATURE =   27.000 DEG C

 **********************************************DEM*********************

 
 


*******07-JUN-2013*****TopSpice  8.44b   DEMO  *******08:58:17********

 ECE 322L Audio Amplifier Project                                                
 
 ****     BJT      MODEL PARAMETERS        TEMPERATURE =   27.000 DEG C

 **********************************************DEM*********************


 MODEL TYPE DESCRIPTION:  NPN       BJT     

 PARAMS.  2N2222/N    2N3055/TI 
 
 LEVEL         1           1
 BF         255.9       99.49    
 NF         1.000       1.000    
 VAF       7.4030E+01  5.0000E+01
 IKF       2.8470E-01  4.0290E+00
 ISE       1.4340E-14  9.0250E-10
 NE         1.307       1.941    
 BR         6.092       2.949    
 NR         1.000       1.000    
 IKR       0.0000E+00  0.0000E+00
 ISC       0.0000E+00  0.0000E+00
 NC         2.000       2.000    
 RB         10.00       10.00    
 RC         1.000      0.1000    
 CJE       2.2010E-11  5.6910E-10
 VJE       0.7500      0.7500    
 MJE       0.3770      0.3333    
 TF        4.1110E-10  3.9110E-08
 XTF       3.0000E+00  2.0000E+00
 VTF       1.7000E+00  1.0000E+01
 ITF       6.0000E-01  2.0000E+01
 CJC       7.3060E-12  2.7600E-10
 VJC       0.7500      0.7500    
 MJC       0.3416      0.3333    
 TR        4.6910E-08  9.7170E-07
 IS        1.4340E-14  9.7440E-13
 XTB       1.5000E+00  1.5000E+00
 EG         1.110       1.110    
 XTI        3.000       3.000    
 FC        5.0000E-01  5.0000E-01
 TNOM       27.00       27.00    
 


 ** CIRCUIT CHECKING AND MODELS PROCESSING COMPLETED
 ** CIRCUIT MATRIX SETUP COMPLETED


*******07-JUN-2013*****TopSpice  8.44b   DEMO  *******08:58:17********

 ECE 322L Audio Amplifier Project                                                
 
 ****     ANALYSIS                         TEMPERATURE =   27.000 DEG C

 **********************************************DEM*********************



*******07-JUN-2013*****TopSpice  8.44b   DEMO  *******08:58:17********

 ECE 322L Audio Amplifier Project                                                
 
 ****     SMALL SIGNAL BIAS SOLUTION       TEMPERATURE =   27.000 DEG C

 **********************************************DEM*********************

                 NODE       VOLTAGE

+              V(12V)       1.20000000E+01
+               V(13)       9.68934633E+00
+               V(A1)       9.01561824E+00
+               V(A5)       4.67416553E+00
+               V(14)       3.97446636E+00
+             V(VOUT)       0.00000000E+00
+               V(A2)       1.02725833E+00
+               V(A3)       6.42357131E+00
+               V(15)       3.50515890E-01
+               V(A4)       9.16442475E-01
+               V(16)       2.39073886E-01
+             V(-12V)      -1.20000000E+01
+               V(17)       0.00000000E+00
+              V(VIN)       0.00000000E+00


               SOURCE       CURRENT

+               I(V1)      -2.30846651E-01
+               I(V2)       0.00000000E+00
+               I(V3)       0.00000000E+00


               RESISTOR       CURRENT

+               I(R5)       3.00520608E-03
+              I(R15)       2.20803687E-01
+              I(R16)       0.00000000E+00
+               I(R2)       3.08087156E-05
+               I(R3)       1.29191284E-05
+               I(R9)       3.50515890E-03
+               I(R8)       3.48526793E-03
+               I(R6)       2.19454833E-05
+               I(R7)       2.05451665E-06
+              I(R13)       3.51579244E-03
+              I(R12)       6.10486206E-03
+              I(R10)       2.21671151E-05
+              I(R11)       1.83288495E-06
+               I(R1)       0.00000000E+00

 OP bias data written to SAVEOPB binary file: ECE322L_AUDIO_AMP.OPB                                                                                                                                                                                                                                           



*******07-JUN-2013*****TopSpice  8.44b   DEMO  *******08:58:17********

 ECE 322L Audio Amplifier Project                                                
 
 ****     SOURCE VOLTAGES AND CURRENTS     TEMPERATURE =   27.000 DEG C

 **********************************************DEM*********************


     SOURCE NAME      CURRENT(A)      VOLTAGE(V)      POWER(W)

     V1               -0.23085         12.000         2.7702    
     V2                0.00000         12.000        0.00000    
     V3                0.00000        0.00000        0.00000    


     TOTAL POWER DISSIPATION    2.7702     WATTS


*******07-JUN-2013*****TopSpice  8.44b   DEMO  *******08:58:17********

 ECE 322L Audio Amplifier Project                                                
 
 ****     OPERATING POINT INFORMATION      TEMPERATURE =   27.000 DEG C

 **********************************************DEM*********************



 **** BIPOLAR JUNCTION TRANSISTORS

           Q1          Q4          Q2          Q3      
 MODEL     2N2222/N    2N3055/TI   2N2222/N    2N2222/N  
 IB        1.7904E-05  2.6118E-03  1.9899E-05  2.0342E-05
 IC        2.9900E-03  2.1840E-01  3.4868E-03  3.4968E-03
 IE       -3.0079E-03 -2.2101E-01 -3.5067E-03 -3.5172E-03
 IS        0.0000E+00  0.0000E+00  0.0000E+00  0.0000E+00
 VBE           0.6737      0.6997      0.6767      0.6774
 VBC          -2.3107     -7.3258     -5.3963     -3.7577
 VCE           2.9844      8.0255      6.0731      4.4351
 VCS          12.0000     12.0000      6.4236      4.6742
 BETADC      166.9976     83.6193    175.2246    171.9051
 GM        1.1441E-01  8.0755E+00  1.3326E-01  1.3361E-01
 RPI       1.5783E+03  1.1159E+01  1.4178E+03  1.3865E+03
 RX        1.0000E+01  1.0000E+01  1.0000E+01  1.0000E+01
 RMU       6.0544E+12  2.6028E+12  6.0758E+12  6.0688E+12
 RO        2.5531E+04  2.6248E+02  2.2778E+04  2.2244E+04
 CPI       8.4217E-11  3.1700E-07  9.2053E-11  9.2215E-11
 CMU       4.5204E-12  1.2499E-10  3.5619E-12  3.9602E-12
 CBX       0.0000E+00  0.0000E+00  0.0000E+00  0.0000E+00
 CCS       0.0000E+00  0.0000E+00  0.0000E+00  0.0000E+00
 BETAAC    1.8057E+02  9.0118E+01  1.8894E+02  1.8525E+02
 FT        2.0520E+08  4.0528E+06  2.2182E+08  2.2110E+08


*******07-JUN-2013*****TopSpice  8.44b   DEMO  *******08:58:17********

 ECE 322L Audio Amplifier Project                                                
 
 ****     AC ANALYSIS                      TEMPERATURE =   27.000 DEG C

 **********************************************DEM*********************

   FREQ              VDB(VOUT)       VP(VOUT)            

   1.0000000E+00     1.4992820E+01   9.9071398E+01
   1.2589254E+00     1.7006222E+01   9.4658475E+01
   1.5848932E+00     1.8992520E+01   9.0499313E+01
   1.9952623E+00     2.0949155E+01   8.6391403E+01
   2.5118864E+00     2.2867898E+01   8.2146004E+01
   3.1622777E+00     2.4733972E+01   7.7590513E+01
   3.9810717E+00     2.6524918E+01   7.2578803E+01
   5.0118723E+00     2.8210039E+01   6.7012436E+01
   6.3095737E+00     2.9751878E+01   6.0872017E+01
   7.9432821E+00     3.1111348E+01   5.4248790E+01
   1.0000000E+01     3.2256799E+01   4.7355195E+01
   1.2589254E+01     3.3173999E+01   4.0492488E+01
   1.5848932E+01     3.3871385E+01   3.3977428E+01
   1.9952623E+01     3.4376982E+01   2.8062971E+01
   2.5118864E+01     3.4729189E+01   2.2893631E+01
   3.1622776E+01     3.4967064E+01   1.8506937E+01
   3.9810719E+01     3.5124144E+01   1.4863334E+01
   5.0118725E+01     3.5226257E+01   1.1881117E+01
   6.3095734E+01     3.5291942E+01   9.4633976E+00
   7.9432823E+01     3.5333902E+01   7.5144456E+00
   1.0000000E+02     3.5360585E+01   5.9476969E+00
   1.2589254E+02     3.5377501E+01   4.6885723E+00
   1.5848932E+02     3.5388203E+01   3.6745296E+00
   1.9952623E+02     3.5394959E+01   2.8538520E+00
   2.5118864E+02     3.5399213E+01   2.1839878E+00
   3.1622775E+02     3.5401874E+01   1.6298446E+00
   3.9810718E+02     3.5403516E+01   1.1622041E+00
   5.0118723E+02     3.5404492E+01   7.5631021E-01
   6.3095734E+02     3.5405011E+01   3.9062294E-01
   7.9432825E+02     3.5405187E+01   4.5709163E-02
   1.0000000E+03     3.5405056E+01  -2.9677218E-01
   1.2589254E+03     3.5404592E+01  -6.5503351E-01
   1.5848932E+03     3.5403692E+01  -1.0481157E+00
   1.9952623E+03     3.5402165E+01  -1.4968828E+00
   2.5118865E+03     3.5399680E+01  -2.0250998E+00
   3.1622776E+03     3.5395704E+01  -2.6606319E+00
   3.9810718E+03     3.5389385E+01  -3.4367975E+00
   5.0118726E+03     3.5379373E+01  -4.3938870E+00
   6.3095732E+03     3.5363540E+01  -5.5807981E+00
   7.9432822E+03     3.5338558E+01  -7.0566471E+00
   1.0000000E+04     3.5299254E+01  -8.8919892E+00
   1.2589254E+04     3.5237678E+01  -1.1168901E+01
   1.5848932E+04     3.5141839E+01  -1.3978539E+01
   1.9952623E+04     3.4994150E+01  -1.7413863E+01
   2.5118865E+04     3.4769905E+01  -2.1554457E+01
   3.1622777E+04     3.4436648E+01  -2.6440811E+01
   3.9810719E+04     3.3955867E+01  -3.2039610E+01
   5.0118723E+04     3.3288578E+01  -3.8211392E+01
   6.3095734E+04     3.2404695E+01  -4.4702827E+01
   7.9432820E+04     3.1292697E+01  -5.1183841E+01
   1.0000000E+05     2.9963895E+01  -5.7323021E+01
   1.2589254E+05     2.8448314E+01  -6.2863367E+01
   1.5848931E+05     2.6785098E+01  -6.7660036E+01
   1.9952623E+05     2.5013154E+01  -7.1673083E+01
   2.5118864E+05     2.3165566E+01  -7.4935102E+01
   3.1622778E+05     2.1267952E+01  -7.7516247E+01
   3.9810716E+05     1.9339246E+01  -7.9498231E+01
   5.0118722E+05     1.7393453E+01  -8.0959083E+01
   6.3095738E+05     1.5441561E+01  -8.1966441E+01
   7.9432825E+05     1.3493324E+01  -8.2576819E+01
   1.0000000E+06     1.1558831E+01  -8.2839616E+01
   1.2589254E+06     9.6498234E+00  -8.2805989E+01
   1.5848933E+06     7.7804784E+00  -8.2543739E+01
   1.9952624E+06     5.9669814E+00  -8.2158610E+01
   2.5118865E+06     4.2247606E+00  -8.1818206E+01
   3.1622778E+06     2.5625082E+00  -8.1765703E+01
   3.9810718E+06     9.7408821E-01  -8.2302074E+01
   5.0118725E+06    -5.6697398E-01  -8.3723669E+01
   6.3095735E+06    -2.1042693E+00  -8.6237559E+01
   7.9432825E+06    -3.6855645E+00  -8.9912811E+01
   1.0000000E+07    -5.3479331E+00  -9.4710157E+01
Y

 ** AC ANALYSIS COMPLETED

         JOB CONCLUDED

         Simulation Time          0.03 secs

         TOTAL JOB TIME           0.03 secs




 *******************************************

 Thank you for trying TopSpice 8 DEMO.

 To order the full product version, contact:

     Penzar Development
     PO Box 900847
     Palmdale, CA 93590
     U.S.A.

     Tel: 818-884-2246  Fax: 818-579-9370
     E-mail: sales.info@penzar.com
     http://www.penzar.com

 *******************************************


