ISim log file
Running: D:\ECE.CLASSES\ECE338\Async JK Flip Flop\ATB_JKFF_isim_beh.exe -intstyle ise -gui -tclbatch isim.cmd -wdb D:/ECE.CLASSES/ECE338/Async JK Flip Flop/ATB_JKFF_isim_beh.wdb 
ISim P.49d (signature 0x7708f090)
WARNING: A WEBPACK license was found.
WARNING: Please use Xilinx License Configuration Manager to check out a full ISim license.
WARNING: ISim will run in Lite mode. Please refer to the ISim documentation for more information on the differences between the Lite and the Full version.
This is a Lite version of ISim.
Time resolution is 1 ps
# onerror resume
# wave add /
# run 1000 ns
Simulator is doing circuit initialization process.
Finished circuit initialization process.
# restart
# run 1.00us
Simulator is doing circuit initialization process.
Finished circuit initialization process.
# run 1.00us
# run 1.00us
# run 1.00us
# run 1.00us
# run 1.00us
# run 1.00us
# run 1.00us
# run 1.00us
# run 1.00us
# run 1.00us
# run 1.00us
# run 1.00us
# run 1.00us
# run 1.00us
# run 1.00us
ERROR: Index 1024 out of bound 0 to 1023. 
ERROR: In process FF_TestBench.vhd:72 
 
INFO: Simulator is stopped.
# run 1.00us
INFO: Simulator is stopped.
# run 1.00us
INFO: Simulator is stopped.
# run 1.00us
INFO: Simulator is stopped.
# run 1.00us
INFO: Simulator is stopped.
# run 1.00us
INFO: Simulator is stopped.
# run 1.00us
INFO: Simulator is stopped.
# run 1.00us
INFO: Simulator is stopped.
# run 1.00us
INFO: Simulator is stopped.
# run 1.00us
INFO: Simulator is stopped.
