This file contains any messages produced by compilers while
running configure, to aid debugging if configure makes a mistake.

It was created by ctocpp configure 1.3.0, which was
generated by GNU Autoconf 2.57.  Invocation command line was

  $ ./configure 

## --------- ##
## Platform. ##
## --------- ##

hostname = T
uname -m = i686
uname -r = 3.0.0-15-generic-pae
uname -s = Linux
uname -v = #26-Ubuntu SMP Fri Jan 20 17:07:31 UTC 2012

/usr/bin/uname -p = unknown
/bin/uname -X     = unknown

/bin/arch              = unknown
/usr/bin/arch -k       = unknown
/usr/convex/getsysinfo = unknown
hostinfo               = unknown
/bin/machine           = unknown
/usr/bin/oslevel       = unknown
/bin/universe          = unknown

PATH: /usr/local/sbin
PATH: /usr/local/bin
PATH: /usr/sbin
PATH: /usr/bin
PATH: /sbin
PATH: /bin
PATH: /usr/X11R6/bin


## ----------- ##
## Core tests. ##
## ----------- ##

configure:1247: checking for a BSD-compatible install
configure:1301: result: /usr/bin/install -c
configure:1312: checking whether build environment is sane
configure:1355: result: yes
configure:1388: checking for gawk
configure:1417: result: no
configure:1388: checking for mawk
configure:1404: found /usr/bin/mawk
configure:1414: result: mawk
configure:1424: checking whether make sets $(MAKE)
configure:1444: result: yes
configure:1632: checking for python
configure:1650: found /usr/bin/python
configure:1662: result: /usr/bin/python
configure:1797: creating ./config.status

## ---------------------- ##
## Running config.status. ##
## ---------------------- ##

This file was extended by ctocpp config.status 1.3.0, which was
generated by GNU Autoconf 2.57.  Invocation command line was

  CONFIG_FILES    = 
  CONFIG_HEADERS  = 
  CONFIG_LINKS    = 
  CONFIG_COMMANDS = 
  $ ./config.status 

on T


## ---------------- ##
## Cache variables. ##
## ---------------- ##

ac_cv_env_build_alias_set=
ac_cv_env_build_alias_value=
ac_cv_env_host_alias_set=
ac_cv_env_host_alias_value=
ac_cv_env_target_alias_set=
ac_cv_env_target_alias_value=
ac_cv_path_PYTHON=/usr/bin/python
ac_cv_path_install='/usr/bin/install -c'
ac_cv_prog_AWK=mawk
ac_cv_prog_make_make_set=yes

## ----------------- ##
## Output variables. ##
## ----------------- ##

ACLOCAL='${SHELL} /home/rapture/Desktop/ctocpp/missing --run aclocal-1.7'
AMTAR='${SHELL} /home/rapture/Desktop/ctocpp/missing --run tar'
AUTOCONF='${SHELL} /home/rapture/Desktop/ctocpp/missing --run autoconf'
AUTOHEADER='${SHELL} /home/rapture/Desktop/ctocpp/missing --run autoheader'
AUTOMAKE='${SHELL} /home/rapture/Desktop/ctocpp/missing --run automake-1.7'
AWK='mawk'
CYGPATH_W='echo'
DEFS='-DPACKAGE_NAME=\"ctocpp\" -DPACKAGE_TARNAME=\"ctocpp\" -DPACKAGE_VERSION=\"1.3.0\" -DPACKAGE_STRING=\"ctocpp\ 1.3.0\" -DPACKAGE_BUGREPORT=\"webmaster@scriptet.com\" -DPACKAGE=\"ctocpp\" -DVERSION=\"1.3.0\" '
ECHO_C=''
ECHO_N='-n'
ECHO_T=''
INSTALL_DATA='${INSTALL} -m 644'
INSTALL_PROGRAM='${INSTALL}'
INSTALL_SCRIPT='${INSTALL}'
INSTALL_STRIP_PROGRAM='${SHELL} $(install_sh) -c -s'
LIBOBJS=''
LIBS=''
LTLIBOBJS=''
MAKEINFO='${SHELL} /home/rapture/Desktop/ctocpp/missing --run makeinfo'
PACKAGE='ctocpp'
PACKAGE_BUGREPORT='webmaster@scriptet.com'
PACKAGE_NAME='ctocpp'
PACKAGE_STRING='ctocpp 1.3.0'
PACKAGE_TARNAME='ctocpp'
PACKAGE_VERSION='1.3.0'
PATH_SEPARATOR=':'
PYTHON='/usr/bin/python'
SET_MAKE=''
SHELL='/bin/bash'
STRIP=''
VERSION='1.3.0'
ac_ct_STRIP=''
am__leading_dot='.'
bindir='${exec_prefix}/bin'
build_alias=''
datadir='${prefix}/share'
exec_prefix='${prefix}'
host_alias=''
includedir='${prefix}/include'
infodir='${prefix}/info'
install_sh='/home/rapture/Desktop/ctocpp/install-sh'
libdir='${exec_prefix}/lib'
libexecdir='${exec_prefix}/libexec'
localstatedir='${prefix}/var'
mandir='${prefix}/man'
oldincludedir='/usr/include'
prefix='/usr/local'
program_transform_name='s,x,x,'
sbindir='${exec_prefix}/sbin'
sharedstatedir='${prefix}/com'
sysconfdir='${prefix}/etc'
target_alias=''

## ----------- ##
## confdefs.h. ##
## ----------- ##

#define PACKAGE "ctocpp"
#define PACKAGE_BUGREPORT "webmaster@scriptet.com"
#define PACKAGE_NAME "ctocpp"
#define PACKAGE_STRING "ctocpp 1.3.0"
#define PACKAGE_TARNAME "ctocpp"
#define PACKAGE_VERSION "1.3.0"
#define VERSION "1.3.0"

configure: exit 0
