Release 14.4 - ngc2edif P.49d (nt64)
Copyright (c) 1995-2012 Xilinx, Inc.  All rights reserved.
Reading design top_layer.ngc ...
WARNING:NetListWriters:298 - No output is written to top_layer.xncf, ignored.
Processing design ...
   Preping design's networks ...
   Preping design's macros ...
  finished :Prep
Writing EDIF netlist file top_layer.edif ...
ngc2edif: Total memory usage is 79768 kilobytes

Release 14.4 - ngc2edif P.49d (nt64)
Copyright (c) 1995-2012 Xilinx, Inc.  All rights reserved.
Reading design top_layer.ngc ...
WARNING:NetListWriters:298 - No output is written to top_layer.xncf, ignored.
Processing design ...
   Preping design's networks ...
   Preping design's macros ...
  finished :Prep
Writing EDIF netlist file top_layer.edif ...
ngc2edif: Total memory usage is 80664 kilobytes

